status file for recon-all
Mon Sep 12 16:20:24 UTC 2016
#@# MotionCor Mon Sep 12 16:20:28 UTC 2016
#@# Talairach Mon Sep 12 16:20:37 UTC 2016
#@# Talairach Failure Detection Mon Sep 12 16:21:36 UTC 2016
#@# Nu Intensity Correction Mon Sep 12 16:21:36 UTC 2016
#@# Intensity Normalization Mon Sep 12 16:22:39 UTC 2016
#@# Skull Stripping Mon Sep 12 16:24:10 UTC 2016
#@# EM Registration Mon Sep 12 16:47:27 UTC 2016
#@# CA Normalize Mon Sep 12 17:05:16 UTC 2016
#@# CA Reg Mon Sep 12 17:06:31 UTC 2016
#@# CA Reg Inv Mon Sep 12 20:58:23 UTC 2016
#@# Remove Neck Mon Sep 12 20:59:15 UTC 2016
#@# SkullLTA Mon Sep 12 21:00:12 UTC 2016
#@# SubCort Seg Mon Sep 12 21:19:32 UTC 2016
#@# Merge ASeg Mon Sep 12 21:35:20 UTC 2016
#@# Intensity Normalization2 Mon Sep 12 21:35:20 UTC 2016
#@# Mask BFS Mon Sep 12 21:37:48 UTC 2016
#@# WM Segmentation Mon Sep 12 21:37:49 UTC 2016
#@# Fill Mon Sep 12 21:39:21 UTC 2016
#@# Tessellate lh Mon Sep 12 21:39:56 UTC 2016
#@# Smooth1 lh Mon Sep 12 21:40:00 UTC 2016
#@# Inflation1 lh Mon Sep 12 21:40:02 UTC 2016
#@# QSphere lh Mon Sep 12 21:40:19 UTC 2016
#@# Fix Topology lh Mon Sep 12 21:42:51 UTC 2016
#@# Make White Surf lh Mon Sep 12 21:54:06 UTC 2016
#@# Smooth2 lh Mon Sep 12 21:57:13 UTC 2016
#@# Inflation2 lh Mon Sep 12 21:57:15 UTC 2016
#@# Curvature Stats lh Mon Sep 12 21:58:21 UTC 2016
#@# Sphere lh Mon Sep 12 21:58:23 UTC 2016
#@# Surf Reg lh Mon Sep 12 22:21:04 UTC 2016
#@# Jacobian white lh Mon Sep 12 22:33:34 UTC 2016
#@# AvgCurv lh Mon Sep 12 22:33:35 UTC 2016
#@# Cortical Parc lh Mon Sep 12 22:33:36 UTC 2016
#@# Make Pial Surf lh Mon Sep 12 22:34:04 UTC 2016
#@# Surf Volume lh Mon Sep 12 22:40:30 UTC 2016
#@# WM/GM Contrast lh Mon Sep 12 22:40:30 UTC 2016
#@# Parcellation Stats lh Mon Sep 12 22:40:35 UTC 2016
#@# Cortical Parc 2 lh Mon Sep 12 22:40:43 UTC 2016
#@# Parcellation Stats 2 lh Mon Sep 12 22:41:16 UTC 2016
#@# Cortical Parc 3 lh Mon Sep 12 22:41:24 UTC 2016
#@# Parcellation Stats 3 lh Mon Sep 12 22:41:54 UTC 2016
#@# Tessellate rh Mon Sep 12 22:42:02 UTC 2016
#@# Smooth1 rh Mon Sep 12 22:42:06 UTC 2016
#@# Inflation1 rh Mon Sep 12 22:42:08 UTC 2016
#@# QSphere rh Mon Sep 12 22:42:25 UTC 2016
#@# Fix Topology rh Mon Sep 12 22:44:43 UTC 2016
#@# Make White Surf rh Mon Sep 12 22:59:04 UTC 2016
#@# Smooth2 rh Mon Sep 12 23:02:08 UTC 2016
#@# Inflation2 rh Mon Sep 12 23:02:10 UTC 2016
#@# Curvature Stats rh Mon Sep 12 23:03:15 UTC 2016
#@# Sphere rh Mon Sep 12 23:03:18 UTC 2016
#@# Surf Reg rh Mon Sep 12 23:17:33 UTC 2016
#@# Jacobian white rh Mon Sep 12 23:30:30 UTC 2016
#@# AvgCurv rh Mon Sep 12 23:30:31 UTC 2016
#@# Cortical Parc rh Mon Sep 12 23:30:32 UTC 2016
#@# Make Pial Surf rh Mon Sep 12 23:31:01 UTC 2016
#@# Surf Volume rh Mon Sep 12 23:37:24 UTC 2016
#@# WM/GM Contrast rh Mon Sep 12 23:37:25 UTC 2016
#@# Parcellation Stats rh Mon Sep 12 23:37:29 UTC 2016
#@# Cortical Parc 2 rh Mon Sep 12 23:37:37 UTC 2016
#@# Parcellation Stats 2 rh Mon Sep 12 23:38:11 UTC 2016
#@# Cortical Parc 3 rh Mon Sep 12 23:38:19 UTC 2016
#@# Parcellation Stats 3 rh Mon Sep 12 23:38:48 UTC 2016
#@# Cortical ribbon mask Mon Sep 12 23:38:56 UTC 2016
#@# ASeg Stats Mon Sep 12 23:44:04 UTC 2016
#@# AParc-to-ASeg Mon Sep 12 23:46:10 UTC 2016
#@# WMParc Mon Sep 12 23:47:48 UTC 2016
#@# BA Labels lh Mon Sep 12 23:55:15 UTC 2016
#@# BA Labels rh Mon Sep 12 23:57:41 UTC 2016
#@# Ex-vivo Entorhinal Cortex Label lh Tue Sep 13 00:00:06 UTC 2016
#@# Ex-vivo Entorhinal Cortex Label rh Tue Sep 13 00:00:15 UTC 2016
recon-all -s sub-02 finished without error at Tue Sep 13 00:00:24 UTC 2016
