/scratch/users/chrisgor/ds114_test1/derivatives/freesurfer/sub-01/mri
/opt/freesurfer/bin/talairach_avi
--i orig_nu.mgz --xfm transforms/talairach.auto.xfm
$Id: talairach_avi,v 1.9 2011/03/02 18:38:06 nicks Exp $
Linux sh-7-21.local 2.6.32-573.12.1.el6.x86_64 #1 SMP Tue Dec 15 21:19:08 UTC 2015 x86_64 x86_64 x86_64 GNU/Linux
Mon Sep 12 16:26:14 UTC 2016
mri_convert orig_nu.mgz talsrcimg.img 
$Id: mri_convert.c,v 1.179.2.7 2012/09/05 21:55:16 mreuter Exp $
reading from orig_nu.mgz...
TR=9.67, TE=0.00, TI=0.00, flip angle=0.00
i_ras = (-1, 4.65661e-09, -9.31323e-10)
j_ras = (-9.31323e-10, 7.45058e-09, -1)
k_ras = (-1.5134e-09, 1, 7.45058e-09)
writing to talsrcimg.img...
Analyze Output Matrix
-1.000  -0.000  -0.000   129.200;
 0.000   0.000   1.000  -108.696;
-0.000  -1.000   0.000   87.712;
 0.000   0.000   0.000   1.000;
--------------------
INFO: set hdr.hist.orient to -1
mpr2mni305 talsrcimg
Mon Sep 12 16:26:14 UTC 2016
/opt/freesurfer/bin/mpr2mni305 talsrcimg
$Id: mpr2mni305,v 1.4 2009/06/03 16:01:38 nicks Exp $
target=711-2C_as_mni_average_305

---------------------------------------------------------------------
analyzeto4dfp talsrcimg -O0 -y
---------------------------------------------------------------------

$Id: ifh2hdr.c,v 1.3 2007/05/05 10:45:03 nicks Exp $
Mon Sep 12 16:26:15 2016
Writing: talsrcimg.4dfp.hdr
$Id: analyzeto4dfp.c,v 1.2 2007/05/05 00:00:06 nicks Exp $
Reading: talsrcimg.hdr
header size 348 bytes
hdr.dime.datatype	offset=70	value=2
hdr.dime.bitpix		offset=72	value=8
hdr.hist.orient		offset=252	value=-1
dimensionality     4
dimensions       256       256       256         1
Reading: talsrcimg.img
Writing: talsrcimg.4dfp.img
Writing: talsrcimg.4dfp.ifh
ifh2hdr talsrcimg -r0to255
ori=2

---------------------------------------------------------------------
gauss_4dfp talsrcimg 1.1
---------------------------------------------------------------------

$Id: gauss_4dfp.c,v 1.3 2009/05/15 21:43:46 nicks Exp $
Reading: talsrcimg.4dfp.img
Writing: talsrcimg_g11.4dfp.img
image dimensions 256 256 256 padded to 288 288 288
processing volume 1$Id: ifh2hdr.c,v 1.3 2007/05/05 10:45:03 nicks Exp $
Mon Sep 12 16:26:21 2016
Writing: talsrcimg_g11.4dfp.hdr

Writing: talsrcimg_g11.4dfp.ifh
including: talsrcimg.4dfp.img.rec in talsrcimg_g11.4dfp.img.rec

---------------------------------------------------------------------
imgreg_4dfp /opt/freesurfer/average/711-2C_as_mni_average_305 none talsrcimg_g11 none talsrcimg_to_711-2C_as_mni_average_305_t4 4355
---------------------------------------------------------------------

$Id: imgreg_4dfp.c,v 1.4 2010/02/27 01:41:53 nicks Exp $
/opt/freesurfer/average/711-2C_as_mni_average_305.4dfp.img
       256       256       256         1
  1.000000  1.000000  1.000000
orientation T byte_order littleendian
Reading image: /opt/freesurfer/average/711-2C_as_mni_average_305.4dfp.img
dimensions:      256       256       256
mmppix:       1.0000   -1.0000   -1.0000
center:     128.0000 -129.0000 -129.0000
talsrcimg_g11.4dfp.img
       256       256       256         1
  1.000000  1.000000  1.000000
orientation T byte_order littleendian
Reading image: talsrcimg_g11.4dfp.img
dimensions:      256       256       256
mmppix:       1.0000   -1.0000   -1.0000
center:     128.0000 -129.0000 -129.0000
t4_read: talsrcimg_to_711-2C_as_mni_average_305_t4 read error
t4_read: transform initialized to I4
rotation matrix determinant  1.000000
image alignment mode   4355 decimal     1103 hex
   -7.5000  -45.0000  -45.0000 7300.2012   16.5953
    0.0000  -45.0000  -45.0000 7566.1450   16.6244
    7.5000  -45.0000  -45.0000 7308.1260   16.6419
   -7.5000  -37.5000  -45.0000 7778.2271   16.3859
    0.0000  -37.5000  -45.0000 8042.9009   16.4055
    7.5000  -37.5000  -45.0000 7772.4136   16.4166
   -7.5000  -30.0000  -45.0000 8599.1006   16.2327
    0.0000  -30.0000  -45.0000 8854.9180   16.2501
    7.5000  -30.0000  -45.0000 8533.7988   16.2459
   -7.5000  -22.5000  -45.0000 9408.5527   16.0608
    0.0000  -22.5000  -45.0000 9720.3545   16.0851
    7.5000  -22.5000  -45.0000 9334.8232   16.0708
   -7.5000  -15.0000  -45.000010139.4346   15.8937
    0.0000  -15.0000  -45.000010506.6367   15.9260
    7.5000  -15.0000  -45.000010072.4980   15.9149
   -7.5000   -7.5000  -45.000010692.6631   15.7759
    0.0000   -7.5000  -45.000011062.9189   15.8093
    7.5000   -7.5000  -45.000010607.7227   15.8143
   -7.5000    0.0000  -45.000011139.7852   15.7373
    0.0000    0.0000  -45.000011492.2812   15.7640
    7.5000    0.0000  -45.000011021.5195   15.7804
   -7.5000    7.5000  -45.000010743.2227   15.7633
    0.0000    7.5000  -45.000011088.5566   15.7816
    7.5000    7.5000  -45.000010603.8486   15.7923
   -7.5000   15.0000  -45.000010284.6465   15.7751
    0.0000   15.0000  -45.000010570.8984   15.7915
    7.5000   15.0000  -45.000010094.2383   15.7878
   -7.5000   22.5000  -45.0000 9739.7891   15.7660
    0.0000   22.5000  -45.000010003.6436   15.7893
    7.5000   22.5000  -45.0000 9533.9814   15.7756
   -7.5000   30.0000  -45.0000 9096.0889   15.5655
    0.0000   30.0000  -45.0000 9357.5889   15.5969
    7.5000   30.0000  -45.0000 8913.1318   15.5862
   -7.5000   37.5000  -45.0000 8819.8926   15.7320
    0.0000   37.5000  -45.0000 9031.5176   15.7649
    7.5000   37.5000  -45.0000 8611.4980   15.7676
   -7.5000   45.0000  -45.0000 8242.7939   15.6396
    0.0000   45.0000  -45.0000 8440.1602   15.6624
    7.5000   45.0000  -45.0000 8065.4072   15.6745
   -7.5000  -45.0000  -37.5000 7606.9482   16.4203
    0.0000  -45.0000  -37.5000 7868.9683   16.4487
    7.5000  -45.0000  -37.5000 7624.8760   16.4714
   -7.5000  -37.5000  -37.5000 8139.3574   16.2054
    0.0000  -37.5000  -37.5000 8404.6025   16.2241
    7.5000  -37.5000  -37.5000 8129.5234   16.2374
   -7.5000  -30.0000  -37.5000 9020.6602   16.0619
    0.0000  -30.0000  -37.5000 9304.5547   16.0779
    7.5000  -30.0000  -37.5000 8961.8232   16.0732
   -7.5000  -22.5000  -37.5000 9873.0723   15.9053
    0.0000  -22.5000  -37.500010214.3750   15.9281
    7.5000  -22.5000  -37.5000 9820.7324   15.9133
   -7.5000  -15.0000  -37.500010655.3389   15.7441
    0.0000  -15.0000  -37.500011021.9355   15.7753
    7.5000  -15.0000  -37.500010565.2920   15.7667
   -7.5000   -7.5000  -37.500011229.5762   15.6142
    0.0000   -7.5000  -37.500011607.6133   15.6468
    7.5000   -7.5000  -37.500011136.2451   15.6567
   -7.5000    0.0000  -37.500011651.6064   15.5577
    0.0000    0.0000  -37.500012059.8105   15.5835
    7.5000    0.0000  -37.500011524.6885   15.6043
   -7.5000    7.5000  -37.500011257.1680   15.5789
    0.0000    7.5000  -37.500011660.2656   15.5962
    7.5000    7.5000  -37.500011084.5762   15.6088
   -7.5000   15.0000  -37.500010801.4092   15.6013
    0.0000   15.0000  -37.500011154.8320   15.6162
    7.5000   15.0000  -37.500010592.8838   15.6118
   -7.5000   22.5000  -37.500010256.5420   15.6084
    0.0000   22.5000  -37.500010578.7529   15.6300
    7.5000   22.5000  -37.500010029.0840   15.6158
   -7.5000   30.0000  -37.5000 9565.8936   15.4166
    0.0000   30.0000  -37.5000 9874.3701   15.4468
    7.5000   30.0000  -37.5000 9371.6514   15.4385
   -7.5000   37.5000  -37.5000 9274.2764   15.5669
    0.0000   37.5000  -37.5000 9550.2705   15.5991
    7.5000   37.5000  -37.5000 9043.5264   15.6068
   -7.5000   45.0000  -37.5000 8660.3848   15.4549
    0.0000   45.0000  -37.5000 8907.8945   15.4764
    7.5000   45.0000  -37.5000 8437.9766   15.4930
   -7.5000  -45.0000  -30.0000 8095.9521   17.0766
    0.0000  -45.0000  -30.0000 8367.8154   17.1046
    7.5000  -45.0000  -30.0000 8118.0508   17.1259
   -7.5000  -37.5000  -30.0000 8678.8711   16.8435
    0.0000  -37.5000  -30.0000 8957.2920   16.8615
    7.5000  -37.5000  -30.0000 8662.3799   16.8730
   -7.5000  -30.0000  -30.0000 9632.9727   16.6910
    0.0000  -30.0000  -30.0000 9960.6631   16.7054
    7.5000  -30.0000  -30.0000 9582.1211   16.6997
   -7.5000  -22.5000  -30.000010574.9512   16.5350
    0.0000  -22.5000  -30.000010938.0625   16.5556
    7.5000  -22.5000  -30.000010504.7451   16.5413
   -7.5000  -15.0000  -30.000011397.9473   16.3775
    0.0000  -15.0000  -30.000011803.5684   16.4071
    7.5000  -15.0000  -30.000011280.5674   16.4000
   -7.5000   -7.5000  -30.000012025.5576   16.2465
    0.0000   -7.5000  -30.000012444.9775   16.2782
    7.5000   -7.5000  -30.000011868.0820   16.2886
   -7.5000    0.0000  -30.000012456.2402   16.1820
    0.0000    0.0000  -30.000012937.7725   16.2074
    7.5000    0.0000  -30.000012270.9121   16.2272
   -7.5000    7.5000  -30.000012056.2002   16.1944
    0.0000    7.5000  -30.000012502.5547   16.2112
    7.5000    7.5000  -30.000011812.0762   16.2222
   -7.5000   15.0000  -30.000011600.5293   16.2136
    0.0000   15.0000  -30.000011983.9287   16.2271
    7.5000   15.0000  -30.000011295.8496   16.2219
   -7.5000   22.5000  -30.000011010.1816   16.2250
    0.0000   22.5000  -30.000011383.2812   16.2447
    7.5000   22.5000  -30.000010710.2646   16.2312
   -7.5000   30.0000  -30.000010243.2490   16.0382
    0.0000   30.0000  -30.000010617.3496   16.0668
    7.5000   30.0000  -30.0000 9993.0342   16.0601
   -7.5000   37.5000  -30.0000 9913.0469   16.1979
    0.0000   37.5000  -30.000010267.0410   16.2295
    7.5000   37.5000  -30.0000 9641.1211   16.2380
   -7.5000   45.0000  -30.0000 9251.4834   16.0869
    0.0000   45.0000  -30.0000 9569.3750   16.1075
    7.5000   45.0000  -30.0000 8980.0781   16.1222
   -7.5000  -45.0000  -22.5000 8617.5723   17.7200
    0.0000  -45.0000  -22.5000 8952.7236   17.7497
    7.5000  -45.0000  -22.5000 8659.4971   17.7631
   -7.5000  -37.5000  -22.5000 9259.3525   17.4710
    0.0000  -37.5000  -22.5000 9590.6357   17.4906
    7.5000  -37.5000  -22.5000 9237.0322   17.4965
   -7.5000  -30.0000  -22.500010308.6807   17.2954
    0.0000  -30.0000  -22.500010699.0117   17.3107
    7.5000  -30.0000  -22.500010245.7422   17.3039
   -7.5000  -22.5000  -22.500011326.6836   17.1222
    0.0000  -22.5000  -22.500011759.0420   17.1435
    7.5000  -22.5000  -22.500011239.0439   17.1312
   -7.5000  -15.0000  -22.500012187.8867   16.9630
    0.0000  -15.0000  -22.500012678.2939   16.9934
    7.5000  -15.0000  -22.500012048.1387   16.9869
   -7.5000   -7.5000  -22.500012873.9834   16.8449
    0.0000   -7.5000  -22.500013385.1514   16.8774
    7.5000   -7.5000  -22.500012684.0039   16.8837
   -7.5000    0.0000  -22.500013344.0918   16.7908
    0.0000    0.0000  -22.500013888.6025   16.8177
    7.5000    0.0000  -22.500013087.9014   16.8305
   -7.5000    7.5000  -22.500012958.6768   16.7977
    0.0000    7.5000  -22.500013422.0811   16.8161
    7.5000    7.5000  -22.500012612.8682   16.8220
   -7.5000   15.0000  -22.500012464.3857   16.8012
    0.0000   15.0000  -22.500012858.4150   16.8158
    7.5000   15.0000  -22.500012046.8633   16.8096
   -7.5000   22.5000  -22.500011806.1885   16.8006
    0.0000   22.5000  -22.500012208.4316   16.8211
    7.5000   22.5000  -22.500011422.2744   16.8094
   -7.5000   30.0000  -22.500010991.2354   16.6141
    0.0000   30.0000  -22.500011414.3057   16.6435
    7.5000   30.0000  -22.500010681.1152   16.6374
   -7.5000   37.5000  -22.500010645.9688   16.7972
    0.0000   37.5000  -22.500011057.1523   16.8298
    7.5000   37.5000  -22.500010308.5605   16.8342
   -7.5000   45.0000  -22.5000 9912.6602   16.7080
    0.0000   45.0000  -22.500010299.8359   16.7301
    7.5000   45.0000  -22.5000 9570.5352   16.7367
   -7.5000  -45.0000  -15.0000 9158.9629   18.1994
    0.0000  -45.0000  -15.0000 9559.2480   18.2320
    7.5000  -45.0000  -15.0000 9179.0449   18.2400
   -7.5000  -37.5000  -15.0000 9885.9395   17.9452
    0.0000  -37.5000  -15.000010271.9307   17.9682
    7.5000  -37.5000  -15.0000 9819.5674   17.9713
   -7.5000  -30.0000  -15.000011004.0850   17.7510
    0.0000  -30.0000  -15.000011439.5479   17.7694
    7.5000  -30.0000  -15.000010887.8760   17.7632
   -7.5000  -22.5000  -15.000012092.6064   17.5566
    0.0000  -22.5000  -15.000012617.3818   17.5807
    7.5000  -22.5000  -15.000011956.7695   17.5694
   -7.5000  -15.0000  -15.000012976.9922   17.3888
    0.0000  -15.0000  -15.000013569.6543   17.4213
    7.5000  -15.0000  -15.000012808.5449   17.4129
   -7.5000   -7.5000  -15.000013689.8428   17.2813
    0.0000   -7.5000  -15.000014299.5381   17.3159
    7.5000   -7.5000  -15.000013461.5352   17.3174
   -7.5000    0.0000  -15.000014219.2021   17.2431
    0.0000    0.0000  -15.000014820.8682   17.2728
    7.5000    0.0000  -15.000013914.7031   17.2805
   -7.5000    7.5000  -15.000013826.0508   17.2528
    0.0000    7.5000  -15.000014331.2139   17.2744
    7.5000    7.5000  -15.000013445.5469   17.2776
   -7.5000   15.0000  -15.000013305.5098   17.2441
    0.0000   15.0000  -15.000013763.7012   17.2616
    7.5000   15.0000  -15.000012863.0156   17.2560
   -7.5000   22.5000  -15.000012617.4219   17.2267
    0.0000   22.5000  -15.000013070.5439   17.2499
    7.5000   22.5000  -15.000012199.7168   17.2391
   -7.5000   30.0000  -15.000011763.2178   17.0339
    0.0000   30.0000  -15.000012201.1035   17.0654
    7.5000   30.0000  -15.000011381.6191   17.0573
   -7.5000   37.5000  -15.000011395.6533   17.2355
    0.0000   37.5000  -15.000011838.2168   17.2702
    7.5000   37.5000  -15.000010989.3408   17.2696
   -7.5000   45.0000  -15.000010627.2461   17.1706
    0.0000   45.0000  -15.000011031.3076   17.1958
    7.5000   45.0000  -15.000010207.1318   17.1970
   -7.5000  -45.0000   -7.5000 9750.3018   18.4060
    0.0000  -45.0000   -7.500010139.3691   18.4405
    7.5000  -45.0000   -7.5000 9699.9404   18.4526
   -7.5000  -37.5000   -7.500010511.3340   18.1593
    0.0000  -37.5000   -7.500010912.8154   18.1840
    7.5000  -37.5000   -7.500010415.2598   18.1914
   -7.5000  -30.0000   -7.500011704.0273   17.9677
    0.0000  -30.0000   -7.500012165.3271   17.9887
    7.5000  -30.0000   -7.500011559.7051   17.9843
   -7.5000  -22.5000   -7.500012905.8184   17.7656
    0.0000  -22.5000   -7.500013461.1230   17.7928
    7.5000  -22.5000   -7.500012721.8691   17.7802
   -7.5000  -15.0000   -7.500013864.5664   17.5858
    0.0000  -15.0000   -7.500014473.0957   17.6209
    7.5000  -15.0000   -7.500013617.7021   17.6102
   -7.5000   -7.5000   -7.500014619.9902   17.4718
    0.0000   -7.5000   -7.500015252.4980   17.5087
    7.5000   -7.5000   -7.500014303.9014   17.5105
   -7.5000    0.0000   -7.500015218.5410   17.4379
    0.0000    0.0000   -7.500015806.1201   17.4693
    7.5000    0.0000   -7.500014838.9082   17.4805
   -7.5000    7.5000   -7.500014754.3701   17.4578
    0.0000    7.5000   -7.500015270.9746   17.4808
    7.5000    7.5000   -7.500014352.9219   17.4878
   -7.5000   15.0000   -7.500014179.0078   17.4541
    0.0000   15.0000   -7.500014685.3271   17.4740
    7.5000   15.0000   -7.500013750.8115   17.4700
   -7.5000   22.5000   -7.500013461.6348   17.4299
    0.0000   22.5000   -7.500013927.7461   17.4560
    7.5000   22.5000   -7.500013011.8291   17.4439
   -7.5000   30.0000   -7.500012571.1709   17.2267
    0.0000   30.0000   -7.500013037.0625   17.2608
    7.5000   30.0000   -7.500012133.0693   17.2504
   -7.5000   37.5000   -7.500012225.8047   17.4256
    0.0000   37.5000   -7.500012660.9395   17.4624
    7.5000   37.5000   -7.500011747.3184   17.4619
   -7.5000   45.0000   -7.500011403.8633   17.3661
    0.0000   45.0000   -7.500011837.3037   17.3935
    7.5000   45.0000   -7.500010944.8506   17.3991
   -7.5000  -45.0000    0.000010137.8369   18.3888
    0.0000  -45.0000    0.000010542.6318   18.4224
    7.5000  -45.0000    0.000010105.2832   18.4429
   -7.5000  -37.5000    0.000010961.3857   18.1510
    0.0000  -37.5000    0.000011385.3428   18.1741
    7.5000  -37.5000    0.000010867.5107   18.1872
   -7.5000  -30.0000    0.000012235.6123   17.9769
    0.0000  -30.0000    0.000012734.3857   17.9977
    7.5000  -30.0000    0.000012135.3896   17.9938
   -7.5000  -22.5000    0.000013587.8066   17.7851
    0.0000  -22.5000    0.000014143.5840   17.8132
    7.5000  -22.5000    0.000013407.3643   17.7984
   -7.5000  -15.0000    0.000014727.6680   17.5997
    0.0000  -15.0000    0.000015335.6084   17.6362
    7.5000  -15.0000    0.000014412.4775   17.6252
   -7.5000   -7.5000    0.000015635.3516   17.4678
    0.0000   -7.5000    0.000016181.8096   17.5055
    7.5000   -7.5000    0.000015189.5518   17.5122
   -7.5000    0.0000    0.000016231.2588   17.4224
    0.0000    0.0000    0.000016646.2441   17.4529
    7.5000    0.0000    0.000015722.7402   17.4717
   -7.5000    7.5000    0.000015642.2422   17.4496
    0.0000    7.5000    0.000015997.4805   17.4711
    7.5000    7.5000    0.000015154.8203   17.4833
   -7.5000   15.0000    0.000014968.7412   17.4625
    0.0000   15.0000    0.000015372.4736   17.4820
    7.5000   15.0000    0.000014513.8018   17.4784
   -7.5000   22.5000    0.000014185.9668   17.4486
    0.0000   22.5000    0.000014618.5664   17.4754
    7.5000   22.5000    0.000013751.9609   17.4611
   -7.5000   30.0000    0.000013312.2412   17.2409
    0.0000   30.0000    0.000013674.3447   17.2764
    7.5000   30.0000    0.000012840.6260   17.2657
   -7.5000   37.5000    0.000012984.4893   17.4220
    0.0000   37.5000    0.000013319.8906   17.4592
    7.5000   37.5000    0.000012469.3389   17.4634
   -7.5000   45.0000    0.000012178.0801   17.3487
    0.0000   45.0000    0.000012543.7959   17.3751
    7.5000   45.0000    0.000011679.2471   17.3893
   -7.5000  -45.0000    7.5000 9763.1240   18.3366
    0.0000  -45.0000    7.500010141.5117   18.3678
    7.5000  -45.0000    7.5000 9743.4434   18.3935
   -7.5000  -37.5000    7.500010506.6523   18.0965
    0.0000  -37.5000    7.500010905.0938   18.1170
    7.5000  -37.5000    7.500010448.4326   18.1322
   -7.5000  -30.0000    7.500011755.1602   17.9362
    0.0000  -30.0000    7.500012197.3916   17.9540
    7.5000  -30.0000    7.500011678.4414   17.9491
   -7.5000  -22.5000    7.500013127.3701   17.7619
    0.0000  -22.5000    7.500013664.9814   17.7871
    7.5000  -22.5000    7.500012963.6104   17.7710
   -7.5000  -15.0000    7.500014453.3594   17.5825
    0.0000  -15.0000    7.500014999.4453   17.6171
    7.5000  -15.0000    7.500014093.8271   17.6076
   -7.5000   -7.5000    7.500015598.7529   17.4380
    0.0000   -7.5000    7.500016039.5371   17.4740
    7.5000   -7.5000    7.500015027.7080   17.4851
   -7.5000    0.0000    7.500016100.5000   17.3748
    0.0000    0.0000    7.500016283.7051   17.4032
    7.5000    0.0000    7.500015522.3789   17.4267
   -7.5000    7.5000    7.500015283.8242   17.3982
    0.0000    7.5000    7.500015442.9023   17.4172
    7.5000    7.5000    7.500014890.0986   17.4316
   -7.5000   15.0000    7.500014545.6797   17.4229
    0.0000   15.0000    7.500014792.1562   17.4394
    7.5000   15.0000    7.500014283.6426   17.4349
   -7.5000   22.5000    7.500013859.0811   17.4253
    0.0000   22.5000    7.500014134.6475   17.4493
    7.5000   22.5000    7.500013607.7090   17.4338
   -7.5000   30.0000    7.500013080.4209   17.2238
    0.0000   30.0000    7.500013315.2734   17.2573
    7.5000   30.0000    7.500012757.5850   17.2482
   -7.5000   37.5000    7.500012777.3574   17.3916
    0.0000   37.5000    7.500013036.5967   17.4271
    7.5000   37.5000    7.500012370.2217   17.4358
   -7.5000   45.0000    7.500012008.8350   17.2995
    0.0000   45.0000    7.500012341.7842   17.3232
    7.5000   45.0000    7.500011550.4482   17.3421
   -7.5000  -45.0000   15.0000 9270.2852   18.3365
    0.0000  -45.0000   15.0000 9642.5781   18.3666
    7.5000  -45.0000   15.0000 9275.0576   18.3895
   -7.5000  -37.5000   15.0000 9950.6562   18.0863
    0.0000  -37.5000   15.000010356.3848   18.1057
    7.5000  -37.5000   15.0000 9918.0537   18.1180
   -7.5000  -30.0000   15.000011105.3955   17.9226
    0.0000  -30.0000   15.000011548.5400   17.9381
    7.5000  -30.0000   15.000011020.8779   17.9320
   -7.5000  -22.5000   15.000012375.2051   17.7550
    0.0000  -22.5000   15.000012898.0518   17.7772
    7.5000  -22.5000   15.000012256.6709   17.7619
   -7.5000  -15.0000   15.000013837.6162   17.5858
    0.0000  -15.0000   15.000014354.5244   17.6176
    7.5000  -15.0000   15.000013456.0479   17.6100
   -7.5000   -7.5000   15.000015273.5732   17.4451
    0.0000   -7.5000   15.000015678.0479   17.4792
    7.5000   -7.5000   15.000014585.9561   17.4904
   -7.5000    0.0000   15.000015718.8164   17.3759
    0.0000    0.0000   15.000015967.8408   17.4032
    7.5000    0.0000   15.000015283.9775   17.4245
   -7.5000    7.5000   15.000014744.5342   17.3894
    0.0000    7.5000   15.000014932.2637   17.4074
    7.5000    7.5000   15.000014641.0928   17.4193
   -7.5000   15.0000   15.000014047.1826   17.4100
    0.0000   15.0000   15.000014230.4229   17.4244
    7.5000   15.0000   15.000014003.6182   17.4189
   -7.5000   22.5000   15.000013413.5000   17.4184
    0.0000   22.5000   15.000013648.1885   17.4395
    7.5000   22.5000   15.000013337.3906   17.4250
   -7.5000   30.0000   15.000012666.1289   17.2265
    0.0000   30.0000   15.000012923.4326   17.2573
    7.5000   30.0000   15.000012453.1455   17.2501
   -7.5000   37.5000   15.000012322.4277   17.3981
    0.0000   37.5000   15.000012673.6846   17.4320
    7.5000   37.5000   15.000011970.9600   17.4412
   -7.5000   45.0000   15.000011514.2910   17.3018
    0.0000   45.0000   15.000011927.8232   17.3240
    7.5000   45.0000   15.000011107.6562   17.3398
   -7.5000  -45.0000   22.5000 8772.8682   18.3966
    0.0000  -45.0000   22.5000 9110.6455   18.4275
    7.5000  -45.0000   22.5000 8720.5537   18.4415
   -7.5000  -37.5000   22.5000 9401.1982   18.1394
    0.0000  -37.5000   22.5000 9730.2959   18.1599
    7.5000  -37.5000   22.5000 9325.6279   18.1661
   -7.5000  -30.0000   22.500010480.8516   17.9589
    0.0000  -30.0000   22.500010799.1709   17.9750
    7.5000  -30.0000   22.500010346.9561   17.9680
   -7.5000  -22.5000   22.500011750.5391   17.7815
    0.0000  -22.5000   22.500012094.2734   17.8038
    7.5000  -22.5000   22.500011536.0645   17.7912
   -7.5000  -15.0000   22.500013203.1963   17.6191
    0.0000  -15.0000   22.500013524.8828   17.6508
    7.5000  -15.0000   22.500012693.3271   17.6443
   -7.5000   -7.5000   22.500014405.4365   17.4960
    0.0000   -7.5000   22.500014852.8701   17.5300
    7.5000   -7.5000   22.500013864.3291   17.5367
   -7.5000    0.0000   22.500014783.5889   17.4398
    0.0000    0.0000   22.500015472.0742   17.4680
    7.5000    0.0000   22.500014706.7432   17.4814
   -7.5000    7.5000   22.500014104.8574   17.4474
    0.0000    7.5000   22.500014833.2627   17.4667
    7.5000    7.5000   22.500014211.6230   17.4729
   -7.5000   15.0000   22.500013481.8799   17.4513
    0.0000   15.0000   22.500014133.6914   17.4666
    7.5000   15.0000   22.500013468.5205   17.4604
   -7.5000   22.5000   22.500012819.4648   17.4480
    0.0000   22.5000   22.500013384.5283   17.4694
    7.5000   22.5000   22.500012668.0371   17.4575
   -7.5000   30.0000   22.500012004.5928   17.2591
    0.0000   30.0000   22.500012483.2041   17.2898
    7.5000   30.0000   22.500011747.9121   17.2836
   -7.5000   37.5000   22.500011631.2637   17.4490
    0.0000   37.5000   22.500012092.3516   17.4831
    7.5000   37.5000   22.500011294.8066   17.4878
   -7.5000   45.0000   22.500010890.3789   17.3692
    0.0000   45.0000   22.500011275.2148   17.3923
    7.5000   45.0000   22.500010529.2236   17.3994
   -7.5000  -45.0000   30.0000 8231.7314   18.4988
    0.0000  -45.0000   30.0000 8474.2617   18.5323
    7.5000  -45.0000   30.0000 8123.6616   18.5406
   -7.5000  -37.5000   30.0000 8857.0010   18.2475
    0.0000  -37.5000   30.0000 9110.1074   18.2712
    7.5000  -37.5000   30.0000 8720.6211   18.2745
   -7.5000  -30.0000   30.0000 9928.9248   18.0574
    0.0000  -30.0000   30.000010193.5361   18.0763
    7.5000  -30.0000   30.0000 9703.3379   18.0700
   -7.5000  -22.5000   30.000011152.2197   17.8672
    0.0000  -22.5000   30.000011460.6895   17.8918
    7.5000  -22.5000   30.000010805.3779   17.8804
   -7.5000  -15.0000   30.000012374.7695   17.7041
    0.0000  -15.0000   30.000012731.4346   17.7372
    7.5000  -15.0000   30.000011830.6709   17.7289
   -7.5000   -7.5000   30.000013177.0303   17.5937
    0.0000   -7.5000   30.000013755.9863   17.6291
    7.5000   -7.5000   30.000012805.2529   17.6309
   -7.5000    0.0000   30.000013480.4434   17.5548
    0.0000    0.0000   30.000014215.6934   17.5854
    7.5000    0.0000   30.000013504.2568   17.5935
   -7.5000    7.5000   30.000013044.8701   17.5657
    0.0000    7.5000   30.000013690.2900   17.5879
    7.5000    7.5000   30.000013027.0342   17.5913
   -7.5000   15.0000   30.000012607.4268   17.5574
    0.0000   15.0000   30.000013187.9824   17.5753
    7.5000   15.0000   30.000012430.1035   17.5697
   -7.5000   22.5000   30.000011953.4121   17.5375
    0.0000   22.5000   30.000012488.3018   17.5611
    7.5000   22.5000   30.000011722.6748   17.5503
   -7.5000   30.0000   30.000011164.6602   17.3424
    0.0000   30.0000   30.000011623.5518   17.3746
    7.5000   30.0000   30.000010881.1895   17.3665
   -7.5000   37.5000   30.000010835.1748   17.5479
    0.0000   37.5000   30.000011248.5400   17.5834
    7.5000   37.5000   30.000010489.7148   17.5831
   -7.5000   45.0000   30.000010144.3730   17.4881
    0.0000   45.0000   30.000010517.5244   17.5141
    7.5000   45.0000   30.0000 9813.0967   17.5156
   -7.5000  -45.0000   37.5000 7877.1665   18.6330
    0.0000  -45.0000   37.5000 8184.1387   18.6689
    7.5000  -45.0000   37.5000 7814.0264   18.6817
   -7.5000  -37.5000   37.5000 8517.3496   18.3955
    0.0000  -37.5000   37.5000 8837.2451   18.4212
    7.5000  -37.5000   37.5000 8402.2334   18.4293
   -7.5000  -30.0000   37.5000 9570.1611   18.2140
    0.0000  -30.0000   37.5000 9906.4199   18.2359
    7.5000  -30.0000   37.5000 9330.3721   18.2319
   -7.5000  -22.5000   37.500010724.4902   18.0214
    0.0000  -22.5000   37.500011091.2217   18.0493
    7.5000  -22.5000   37.500010337.5703   18.0372
   -7.5000  -15.0000   37.500011701.4258   17.8510
    0.0000  -15.0000   37.500012139.4941   17.8871
    7.5000  -15.0000   37.500011214.9639   17.8768
   -7.5000   -7.5000   37.500012290.4492   17.7337
    0.0000   -7.5000   37.500012884.7490   17.7717
    7.5000   -7.5000   37.500012021.9980   17.7743
   -7.5000    0.0000   37.500012663.5010   17.6994
    0.0000    0.0000   37.500013300.6699   17.7318
    7.5000    0.0000   37.500012632.5889   17.7439
   -7.5000    7.5000   37.500012323.2793   17.7213
    0.0000    7.5000   37.500012841.9092   17.7451
    7.5000    7.5000   37.500012193.6387   17.7529
   -7.5000   15.0000   37.500011891.9258   17.7184
    0.0000   15.0000   37.500012320.3604   17.7388
    7.5000   15.0000   37.500011654.5596   17.7353
   -7.5000   22.5000   37.500011271.9082   17.6930
    0.0000   22.5000   37.500011721.5596   17.7197
    7.5000   22.5000   37.500011026.2383   17.7080
   -7.5000   30.0000   37.500010566.5146   17.4860
    0.0000   30.0000   37.500010966.4082   17.5210
    7.5000   30.0000   37.500010293.6758   17.5110
   -7.5000   37.5000   37.500010335.3223   17.6897
    0.0000   37.5000   37.500010679.8984   17.7275
    7.5000   37.5000   37.5000 9997.5059   17.7277
   -7.5000   45.0000   37.5000 9719.0947   17.6353
    0.0000   45.0000   37.500010047.4688   17.6636
    7.5000   45.0000   37.5000 9404.3545   17.6700
   -7.5000  -45.0000   45.0000 7088.0791   18.8847
    0.0000  -45.0000   45.0000 7428.0864   18.9201
    7.5000  -45.0000   45.0000 7047.9863   18.9424
   -7.5000  -37.5000   45.0000 7701.9175   18.6539
    0.0000  -37.5000   45.0000 8045.1450   18.6784
    7.5000  -37.5000   45.0000 7591.3613   18.6928
   -7.5000  -30.0000   45.0000 8683.9102   18.4901
    0.0000  -30.0000   45.0000 9026.8584   18.5122
    7.5000  -30.0000   45.0000 8444.2559   18.5087
   -7.5000  -22.5000   45.0000 9698.1777   18.3073
    0.0000  -22.5000   45.000010060.9365   18.3370
    7.5000  -22.5000   45.0000 9349.0049   18.3220
   -7.5000  -15.0000   45.000010503.2031   18.1312
    0.0000  -15.0000   45.000010896.7969   18.1698
    7.5000  -15.0000   45.000010116.6992   18.1588
   -7.5000   -7.5000   45.000011040.2559   17.9925
    0.0000   -7.5000   45.000011509.6895   18.0320
    7.5000   -7.5000   45.000010833.8379   18.0397
   -7.5000    0.0000   45.000011448.2725   17.9457
    0.0000    0.0000   45.000011920.2715   17.9775
    7.5000    0.0000   45.000011366.3848   17.9977
   -7.5000    7.5000   45.000011178.5400   17.9762
    0.0000    7.5000   45.000011554.2988   17.9985
    7.5000    7.5000   45.000010995.9785   18.0118
   -7.5000   15.0000   45.000010762.6348   17.9897
    0.0000   15.0000   45.000011106.8428   18.0101
    7.5000   15.0000   45.000010514.1025   18.0068
   -7.5000   22.5000   45.000010184.9707   17.9733
    0.0000   22.5000   45.000010537.5889   18.0015
    7.5000   22.5000   45.0000 9968.7354   17.9869
   -7.5000   30.0000   45.0000 9577.6748   17.7548
    0.0000   30.0000   45.0000 9877.0527   17.7923
    7.5000   30.0000   45.0000 9334.0840   17.7815
   -7.5000   37.5000   45.0000 9389.7822   17.9437
    0.0000   37.5000   45.0000 9688.2061   17.9828
    7.5000   37.5000   45.0000 9118.7930   17.9876
   -7.5000   45.0000   45.0000 8832.1387   17.8862
    0.0000   45.0000   45.0000 9131.7520   17.9135
    7.5000   45.0000   45.0000 8605.5078   17.9289

---------------------------------------------------------------------
imgreg_4dfp /opt/freesurfer/average/711-2C_as_mni_average_305 /opt/freesurfer/average/711-2B_as_mni_average_305_mask talsrcimg_g11 none talsrcimg_to_711-2C_as_mni_average_305_t4 4355
---------------------------------------------------------------------

$Id: imgreg_4dfp.c,v 1.4 2010/02/27 01:41:53 nicks Exp $
/opt/freesurfer/average/711-2C_as_mni_average_305.4dfp.img
       256       256       256         1
  1.000000  1.000000  1.000000
orientation T byte_order littleendian
Reading image: /opt/freesurfer/average/711-2C_as_mni_average_305.4dfp.img
dimensions:      256       256       256
mmppix:       1.0000   -1.0000   -1.0000
center:     128.0000 -129.0000 -129.0000
/opt/freesurfer/average/711-2B_as_mni_average_305_mask.4dfp.img
       256       256       256         1
  1.000000  1.000000  1.000000
orientation T byte_order littleendian
Reading mask: /opt/freesurfer/average/711-2B_as_mni_average_305_mask.4dfp.img (2306576 pixels)
talsrcimg_g11.4dfp.img
       256       256       256         1
  1.000000  1.000000  1.000000
orientation T byte_order littleendian
Reading image: talsrcimg_g11.4dfp.img
dimensions:      256       256       256
mmppix:       1.0000   -1.0000   -1.0000
center:     128.0000 -129.0000 -129.0000
rotation matrix determinant  1.000000
image alignment mode   4355 decimal     1103 hex
   -7.5000  -45.0000  -45.0000 2038.4196   22.6519
    0.0000  -45.0000  -45.0000 2051.1077   22.3724
    7.5000  -45.0000  -45.0000 2050.2949   22.6564
   -7.5000  -37.5000  -45.0000 2060.8682   21.6559
    0.0000  -37.5000  -45.0000 2073.6055   21.3344
    7.5000  -37.5000  -45.0000 2068.6526   21.6996
   -7.5000  -30.0000  -45.0000 2081.0107   20.8733
    0.0000  -30.0000  -45.0000 2090.6826   20.6060
    7.5000  -30.0000  -45.0000 2082.0383   20.9990
   -7.5000  -22.5000  -45.0000 2095.5452   20.3265
    0.0000  -22.5000  -45.0000 2114.6719   20.1373
    7.5000  -22.5000  -45.0000 2104.7446   20.5094
   -7.5000  -15.0000  -45.0000 2102.2676   19.8910
    0.0000  -15.0000  -45.0000 2121.7295   19.7942
    7.5000  -15.0000  -45.0000 2111.4485   20.1194
   -7.5000   -7.5000  -45.0000 2117.2656   19.6167
    0.0000   -7.5000  -45.0000 2131.1675   19.4887
    7.5000   -7.5000  -45.0000 2126.0552   19.8934
   -7.5000    0.0000  -45.0000 2141.6216   19.5075
    0.0000    0.0000  -45.0000 2151.4700   19.3314
    7.5000    0.0000  -45.0000 2145.1924   19.7888
   -7.5000    7.5000  -45.0000 2146.3804   19.5081
    0.0000    7.5000  -45.0000 2159.2485   19.4589
    7.5000    7.5000  -45.0000 2152.2576   19.9133
   -7.5000   15.0000  -45.0000 2148.1736   19.8030
    0.0000   15.0000  -45.0000 2144.7256   19.6624
    7.5000   15.0000  -45.0000 2147.7451   20.1861
   -7.5000   22.5000  -45.0000 2130.9387   20.1982
    0.0000   22.5000  -45.0000 2129.1831   20.0644
    7.5000   22.5000  -45.0000 2123.2822   20.5346
   -7.5000   30.0000  -45.0000 2102.9507   20.7320
    0.0000   30.0000  -45.0000 2106.6201   20.6368
    7.5000   30.0000  -45.0000 2089.7400   21.0804
   -7.5000   37.5000  -45.0000 2067.9287   21.5689
    0.0000   37.5000  -45.0000 2069.7351   21.4590
    7.5000   37.5000  -45.0000 2052.5576   22.0321
   -7.5000   45.0000  -45.0000 2005.8005   22.8286
    0.0000   45.0000  -45.0000 2006.3679   22.7488
    7.5000   45.0000  -45.0000 1997.6818   23.3886
   -7.5000  -45.0000  -37.5000 2101.5557   21.2843
    0.0000  -45.0000  -37.5000 2115.4050   21.0805
    7.5000  -45.0000  -37.5000 2121.1975   21.3556
   -7.5000  -37.5000  -37.5000 2138.3191   20.2504
    0.0000  -37.5000  -37.5000 2148.8533   20.0113
    7.5000  -37.5000  -37.5000 2155.2983   20.3332
   -7.5000  -30.0000  -37.5000 2167.1243   19.4237
    0.0000  -30.0000  -37.5000 2174.1829   19.2272
    7.5000  -30.0000  -37.5000 2176.1240   19.5953
   -7.5000  -22.5000  -37.5000 2190.4475   18.8659
    0.0000  -22.5000  -37.5000 2204.3774   18.7866
    7.5000  -22.5000  -37.5000 2205.6094   19.1004
   -7.5000  -15.0000  -37.5000 2199.5151   18.3927
    0.0000  -15.0000  -37.5000 2210.0786   18.4156
    7.5000  -15.0000  -37.5000 2210.6155   18.7035
   -7.5000   -7.5000  -37.5000 2204.2317   18.0565
    0.0000   -7.5000  -37.5000 2216.1870   18.0583
    7.5000   -7.5000  -37.5000 2214.0161   18.3304
   -7.5000    0.0000  -37.5000 2213.4341   17.8714
    0.0000    0.0000  -37.5000 2224.0952   17.8653
    7.5000    0.0000  -37.5000 2220.0481   18.1720
   -7.5000    7.5000  -37.5000 2223.0566   17.9204
    0.0000    7.5000  -37.5000 2239.2505   17.9607
    7.5000    7.5000  -37.5000 2222.7339   18.2440
   -7.5000   15.0000  -37.5000 2232.1782   18.1648
    0.0000   15.0000  -37.5000 2234.4517   18.1714
    7.5000   15.0000  -37.5000 2227.9385   18.4747
   -7.5000   22.5000  -37.5000 2228.0950   18.5531
    0.0000   22.5000  -37.5000 2236.4246   18.5572
    7.5000   22.5000  -37.5000 2219.9800   18.8053
   -7.5000   30.0000  -37.5000 2198.7876   19.0628
    0.0000   30.0000  -37.5000 2207.8728   19.1031
    7.5000   30.0000  -37.5000 2193.0112   19.3882
   -7.5000   37.5000  -37.5000 2158.1169   19.8155
    0.0000   37.5000  -37.5000 2161.9812   19.8528
    7.5000   37.5000  -37.5000 2143.4114   20.3169
   -7.5000   45.0000  -37.5000 2093.9177   20.9384
    0.0000   45.0000  -37.5000 2085.2878   20.9587
    7.5000   45.0000  -37.5000 2075.3054   21.5156
   -7.5000  -45.0000  -30.0000 2220.5818   20.9804
    0.0000  -45.0000  -30.0000 2235.9685   20.7941
    7.5000  -45.0000  -30.0000 2243.4434   21.0486
   -7.5000  -37.5000  -30.0000 2256.2832   19.7840
    0.0000  -37.5000  -30.0000 2269.5659   19.6134
    7.5000  -37.5000  -30.0000 2278.2231   19.8634
   -7.5000  -30.0000  -30.0000 2288.7478   18.8250
    0.0000  -30.0000  -30.0000 2301.2825   18.7314
    7.5000  -30.0000  -30.0000 2304.5422   18.9719
   -7.5000  -22.5000  -30.0000 2317.0098   18.1242
    0.0000  -22.5000  -30.0000 2331.3875   18.1300
    7.5000  -22.5000  -30.0000 2332.0471   18.3559
   -7.5000  -15.0000  -30.0000 2329.8784   17.6490
    0.0000  -15.0000  -30.0000 2347.3689   17.7166
    7.5000  -15.0000  -30.0000 2341.5793   17.9292
   -7.5000   -7.5000  -30.0000 2336.6814   17.3148
    0.0000   -7.5000  -30.0000 2355.9526   17.3648
    7.5000   -7.5000  -30.0000 2339.9595   17.5663
   -7.5000    0.0000  -30.0000 2336.2136   17.0836
    0.0000    0.0000  -30.0000 2353.9568   17.1932
    7.5000    0.0000  -30.0000 2336.9849   17.3665
   -7.5000    7.5000  -30.0000 2346.8008   17.1595
    0.0000    7.5000  -30.0000 2362.1580   17.2718
    7.5000    7.5000  -30.0000 2342.3684   17.4381
   -7.5000   15.0000  -30.0000 2359.4570   17.4252
    0.0000   15.0000  -30.0000 2362.5859   17.4925
    7.5000   15.0000  -30.0000 2348.9375   17.6141
   -7.5000   22.5000  -30.0000 2360.2131   17.7995
    0.0000   22.5000  -30.0000 2372.2024   17.8588
    7.5000   22.5000  -30.0000 2347.1697   17.9838
   -7.5000   30.0000  -30.0000 2330.2507   18.3001
    0.0000   30.0000  -30.0000 2343.7437   18.3991
    7.5000   30.0000  -30.0000 2319.6697   18.6056
   -7.5000   37.5000  -30.0000 2285.8857   19.0293
    0.0000   37.5000  -30.0000 2295.6760   19.1918
    7.5000   37.5000  -30.0000 2272.7808   19.5279
   -7.5000   45.0000  -30.0000 2215.2241   20.1089
    0.0000   45.0000  -30.0000 2209.1775   20.1932
    7.5000   45.0000  -30.0000 2193.1372   20.6358
   -7.5000  -45.0000  -22.5000 2307.6028   20.5477
    0.0000  -45.0000  -22.5000 2328.5972   20.3741
    7.5000  -45.0000  -22.5000 2334.4458   20.5446
   -7.5000  -37.5000  -22.5000 2357.5835   19.2896
    0.0000  -37.5000  -22.5000 2375.5566   19.1878
    7.5000  -37.5000  -22.5000 2380.4473   19.3044
   -7.5000  -30.0000  -22.5000 2402.7729   18.2945
    0.0000  -30.0000  -22.5000 2421.4231   18.2661
    7.5000  -30.0000  -22.5000 2418.2095   18.3638
   -7.5000  -22.5000  -22.5000 2430.8604   17.4760
    0.0000  -22.5000  -22.5000 2442.1597   17.5182
    7.5000  -22.5000  -22.5000 2436.8967   17.5968
   -7.5000  -15.0000  -22.5000 2444.2456   16.9160
    0.0000  -15.0000  -22.5000 2460.2317   16.9694
    7.5000  -15.0000  -22.5000 2447.5186   17.0704
   -7.5000   -7.5000  -22.5000 2451.6418   16.5299
    0.0000   -7.5000  -22.5000 2473.2742   16.6471
    7.5000   -7.5000  -22.5000 2448.7607   16.7257
   -7.5000    0.0000  -22.5000 2446.1213   16.2765
    0.0000    0.0000  -22.5000 2466.0315   16.4548
    7.5000    0.0000  -22.5000 2442.3547   16.5328
   -7.5000    7.5000  -22.5000 2466.5881   16.3573
    0.0000    7.5000  -22.5000 2470.0593   16.4841
    7.5000    7.5000  -22.5000 2446.0376   16.5842
   -7.5000   15.0000  -22.5000 2475.8943   16.6437
    0.0000   15.0000  -22.5000 2470.6423   16.7025
    7.5000   15.0000  -22.5000 2446.5767   16.7736
   -7.5000   22.5000  -22.5000 2472.2949   16.9986
    0.0000   22.5000  -22.5000 2477.6807   17.0564
    7.5000   22.5000  -22.5000 2443.6951   17.1528
   -7.5000   30.0000  -22.5000 2442.9792   17.4681
    0.0000   30.0000  -22.5000 2452.2310   17.6001
    7.5000   30.0000  -22.5000 2426.3181   17.7963
   -7.5000   37.5000  -22.5000 2396.7361   18.2116
    0.0000   37.5000  -22.5000 2408.3186   18.4029
    7.5000   37.5000  -22.5000 2379.2361   18.6700
   -7.5000   45.0000  -22.5000 2312.5894   19.2341
    0.0000   45.0000  -22.5000 2322.7783   19.3228
    7.5000   45.0000  -22.5000 2295.2029   19.7538
   -7.5000  -45.0000  -15.0000 2368.2747   20.1306
    0.0000  -45.0000  -15.0000 2396.5391   20.0325
    7.5000  -45.0000  -15.0000 2393.3521   20.1343
   -7.5000  -37.5000  -15.0000 2431.1970   18.8081
    0.0000  -37.5000  -15.0000 2452.0669   18.7842
    7.5000  -37.5000  -15.0000 2445.8638   18.8164
   -7.5000  -30.0000  -15.0000 2477.7139   17.7140
    0.0000  -30.0000  -15.0000 2498.6814   17.7104
    7.5000  -30.0000  -15.0000 2490.4724   17.7603
   -7.5000  -22.5000  -15.0000 2505.9316   16.8837
    0.0000  -22.5000  -15.0000 2529.0811   16.9089
    7.5000  -22.5000  -15.0000 2514.1926   16.9471
   -7.5000  -15.0000  -15.0000 2509.3201   16.2028
    0.0000  -15.0000  -15.0000 2532.0415   16.2723
    7.5000  -15.0000  -15.0000 2511.4243   16.3094
   -7.5000   -7.5000  -15.0000 2515.6626   15.7020
    0.0000   -7.5000  -15.0000 2536.7310   15.8001
    7.5000   -7.5000  -15.0000 2510.2039   15.9067
   -7.5000    0.0000  -15.0000 2515.5410   15.3953
    0.0000    0.0000  -15.0000 2531.1296   15.5651
    7.5000    0.0000  -15.0000 2505.0691   15.6539
   -7.5000    7.5000  -15.0000 2538.8848   15.4898
    0.0000    7.5000  -15.0000 2541.0090   15.5739
    7.5000    7.5000  -15.0000 2516.0415   15.6820
   -7.5000   15.0000  -15.0000 2552.1096   15.7861
    0.0000   15.0000  -15.0000 2546.8994   15.8143
    7.5000   15.0000  -15.0000 2514.0837   15.9173
   -7.5000   22.5000  -15.0000 2543.9846   16.1437
    0.0000   22.5000  -15.0000 2550.4014   16.2105
    7.5000   22.5000  -15.0000 2509.3857   16.3453
   -7.5000   30.0000  -15.0000 2509.3787   16.6214
    0.0000   30.0000  -15.0000 2525.4016   16.7691
    7.5000   30.0000  -15.0000 2489.0696   16.9658
   -7.5000   37.5000  -15.0000 2469.6819   17.3570
    0.0000   37.5000  -15.0000 2482.5938   17.5317
    7.5000   37.5000  -15.0000 2443.1023   17.8257
   -7.5000   45.0000  -15.0000 2392.4426   18.3541
    0.0000   45.0000  -15.0000 2403.6467   18.4767
    7.5000   45.0000  -15.0000 2370.0916   18.8699
   -7.5000  -45.0000   -7.5000 2407.3132   19.7001
    0.0000  -45.0000   -7.5000 2431.8647   19.6176
    7.5000  -45.0000   -7.5000 2425.2559   19.7574
   -7.5000  -37.5000   -7.5000 2468.1665   18.3139
    0.0000  -37.5000   -7.5000 2492.9380   18.2859
    7.5000  -37.5000   -7.5000 2486.4507   18.4182
   -7.5000  -30.0000   -7.5000 2513.8562   17.1684
    0.0000  -30.0000   -7.5000 2540.5332   17.2031
    7.5000  -30.0000   -7.5000 2533.5764   17.3221
   -7.5000  -22.5000   -7.5000 2547.1333   16.2886
    0.0000  -22.5000   -7.5000 2575.0730   16.3417
    7.5000  -22.5000   -7.5000 2558.5405   16.4043
   -7.5000  -15.0000   -7.5000 2556.4517   15.5695
    0.0000  -15.0000   -7.5000 2582.2930   15.6028
    7.5000  -15.0000   -7.5000 2554.8320   15.7018
   -7.5000   -7.5000   -7.5000 2564.5237   14.9499
    0.0000   -7.5000   -7.5000 2582.1750   14.9699
    7.5000   -7.5000   -7.5000 2549.0710   15.1599
   -7.5000    0.0000   -7.5000 2568.2771   14.5430
    0.0000    0.0000   -7.5000 2587.6135   14.6155
    7.5000    0.0000   -7.5000 2552.9395   14.8356
   -7.5000    7.5000   -7.5000 2590.5649   14.6242
    0.0000    7.5000   -7.5000 2597.1296   14.5964
    7.5000    7.5000   -7.5000 2568.6460   14.8424
   -7.5000   15.0000   -7.5000 2604.7883   14.9095
    0.0000   15.0000   -7.5000 2607.4839   14.8578
    7.5000   15.0000   -7.5000 2574.9800   15.0788
   -7.5000   22.5000   -7.5000 2602.6116   15.2900
    0.0000   22.5000   -7.5000 2604.1682   15.2857
    7.5000   22.5000   -7.5000 2571.5488   15.5185
   -7.5000   30.0000   -7.5000 2570.0928   15.8113
    0.0000   30.0000   -7.5000 2576.9883   15.8803
    7.5000   30.0000   -7.5000 2546.1753   16.1528
   -7.5000   37.5000   -7.5000 2528.3889   16.4931
    0.0000   37.5000   -7.5000 2532.6248   16.6331
    7.5000   37.5000   -7.5000 2498.6614   16.9898
   -7.5000   45.0000   -7.5000 2451.4983   17.5074
    0.0000   45.0000   -7.5000 2457.8425   17.6725
    7.5000   45.0000   -7.5000 2421.3406   18.0491
   -7.5000  -45.0000    0.0000 2401.6196   19.4333
    0.0000  -45.0000    0.0000 2424.4231   19.3894
    7.5000  -45.0000    0.0000 2434.2937   19.5947
   -7.5000  -37.5000    0.0000 2465.6467   18.0019
    0.0000  -37.5000    0.0000 2491.6367   17.9594
    7.5000  -37.5000    0.0000 2494.0664   18.1681
   -7.5000  -30.0000    0.0000 2513.5398   16.8656
    0.0000  -30.0000    0.0000 2543.2273   16.8715
    7.5000  -30.0000    0.0000 2538.5281   17.0515
   -7.5000  -22.5000    0.0000 2556.4683   15.9787
    0.0000  -22.5000    0.0000 2589.7925   15.9635
    7.5000  -22.5000    0.0000 2581.2983   16.1421
   -7.5000  -15.0000    0.0000 2578.8218   15.2617
    0.0000  -15.0000    0.0000 2610.4856   15.1794
    7.5000  -15.0000    0.0000 2587.2729   15.3721
   -7.5000   -7.5000    0.0000 2594.9919   14.5239
    0.0000   -7.5000    0.0000 2614.1887   14.4690
    7.5000   -7.5000    0.0000 2584.6006   14.7573
   -7.5000    0.0000    0.0000 2602.9158   13.9353
    0.0000    0.0000    0.0000 2613.7595   13.8751
    7.5000    0.0000    0.0000 2586.5757   14.2862
   -7.5000    7.5000    0.0000 2630.7668   13.8928
    0.0000    7.5000    0.0000 2622.7886   13.7794
    7.5000    7.5000    0.0000 2606.6799   14.2425
   -7.5000   15.0000    0.0000 2639.9636   14.1666
    0.0000   15.0000    0.0000 2630.2273   14.0384
    7.5000   15.0000    0.0000 2614.6279   14.4325
   -7.5000   22.5000    0.0000 2637.4587   14.5647
    0.0000   22.5000    0.0000 2627.9534   14.5171
    7.5000   22.5000    0.0000 2615.3945   14.8923
   -7.5000   30.0000    0.0000 2608.1260   15.1630
    0.0000   30.0000    0.0000 2592.6431   15.1612
    7.5000   30.0000    0.0000 2580.3706   15.5380
   -7.5000   37.5000    0.0000 2566.3313   15.8789
    0.0000   37.5000    0.0000 2547.2583   15.9597
    7.5000   37.5000    0.0000 2531.9424   16.4090
   -7.5000   45.0000    0.0000 2491.3101   16.8872
    0.0000   45.0000    0.0000 2487.4583   16.9991
    7.5000   45.0000    0.0000 2461.8010   17.4895
   -7.5000  -45.0000    7.5000 2386.2913   19.4472
    0.0000  -45.0000    7.5000 2421.4624   19.3878
    7.5000  -45.0000    7.5000 2423.3604   19.6600
   -7.5000  -37.5000    7.5000 2447.7429   17.9779
    0.0000  -37.5000    7.5000 2477.0823   17.8647
    7.5000  -37.5000    7.5000 2473.7795   18.1133
   -7.5000  -30.0000    7.5000 2497.8916   16.8261
    0.0000  -30.0000    7.5000 2524.7207   16.7299
    7.5000  -30.0000    7.5000 2528.1052   17.0086
   -7.5000  -22.5000    7.5000 2550.8521   15.9566
    0.0000  -22.5000    7.5000 2574.7971   15.8208
    7.5000  -22.5000    7.5000 2574.2947   16.1084
   -7.5000  -15.0000    7.5000 2590.3523   15.2416
    0.0000  -15.0000    7.5000 2609.4526   15.0980
    7.5000  -15.0000    7.5000 2597.7397   15.3636
   -7.5000   -7.5000    7.5000 2618.6873   14.5435
    0.0000   -7.5000    7.5000 2630.9636   14.4165
    7.5000   -7.5000    7.5000 2616.2961   14.7481
   -7.5000    0.0000    7.5000 2624.3608   13.8193
    0.0000    0.0000    7.5000 2618.2629   13.6064
    7.5000    0.0000    7.5000 2621.6843   14.2193
   -7.5000    7.5000    7.5000 2646.9868   13.4761
    0.0000    7.5000    7.5000 2622.9734   13.2609
    7.5000    7.5000    7.5000 2632.9800   14.0130
   -7.5000   15.0000    7.5000 2662.4922   13.6510
    0.0000   15.0000    7.5000 2636.7512   13.4858
    7.5000   15.0000    7.5000 2650.2683   14.1613
   -7.5000   22.5000    7.5000 2674.0662   14.1413
    0.0000   22.5000    7.5000 2639.0652   14.0336
    7.5000   22.5000    7.5000 2658.4023   14.6653
   -7.5000   30.0000    7.5000 2650.8625   14.8340
    0.0000   30.0000    7.5000 2606.5991   14.7736
    7.5000   30.0000    7.5000 2634.0542   15.3920
   -7.5000   37.5000    7.5000 2598.1809   15.6482
    0.0000   37.5000    7.5000 2563.8674   15.6276
    7.5000   37.5000    7.5000 2583.1616   16.2615
   -7.5000   45.0000    7.5000 2526.2244   16.6400
    0.0000   45.0000    7.5000 2506.7339   16.6849
    7.5000   45.0000    7.5000 2502.8994   17.3115
   -7.5000  -45.0000   15.0000 2345.4331   19.7393
    0.0000  -45.0000   15.0000 2378.2703   19.6026
    7.5000  -45.0000   15.0000 2381.0000   19.9411
   -7.5000  -37.5000   15.0000 2403.0684   18.1455
    0.0000  -37.5000   15.0000 2432.5305   18.0609
    7.5000  -37.5000   15.0000 2437.1213   18.3813
   -7.5000  -30.0000   15.0000 2457.6414   17.0122
    0.0000  -30.0000   15.0000 2493.2505   16.9065
    7.5000  -30.0000   15.0000 2486.9429   17.2193
   -7.5000  -22.5000   15.0000 2514.0393   16.1632
    0.0000  -22.5000   15.0000 2546.3875   16.0116
    7.5000  -22.5000   15.0000 2533.2754   16.3093
   -7.5000  -15.0000   15.0000 2559.9856   15.5101
    0.0000  -15.0000   15.0000 2578.8442   15.3648
    7.5000  -15.0000   15.0000 2566.7737   15.6576
   -7.5000   -7.5000   15.0000 2613.9375   15.0113
    0.0000   -7.5000   15.0000 2617.1267   14.8079
    7.5000   -7.5000   15.0000 2613.2122   15.1967
   -7.5000    0.0000   15.0000 2641.8621   14.2807
    0.0000    0.0000   15.0000 2640.3872   14.1486
    7.5000    0.0000   15.0000 2645.2856   14.7278
   -7.5000    7.5000   15.0000 2645.1104   13.5455
    0.0000    7.5000   15.0000 2607.5376   13.3953
    7.5000    7.5000   15.0000 2659.0198   14.3605
   -7.5000   15.0000   15.0000 2667.3352   13.5078
    0.0000   15.0000   15.0000 2629.1611   13.4413
    7.5000   15.0000   15.0000 2670.2429   14.3940
   -7.5000   22.5000   15.0000 2680.2556   14.0126
    0.0000   22.5000   15.0000 2643.3147   13.9863
    7.5000   22.5000   15.0000 2679.6936   14.8256
   -7.5000   30.0000   15.0000 2663.1855   14.7679
    0.0000   30.0000   15.0000 2626.6611   14.8136
    7.5000   30.0000   15.0000 2648.7639   15.4622
   -7.5000   37.5000   15.0000 2603.7358   15.6639
    0.0000   37.5000   15.0000 2595.1272   15.8038
    7.5000   37.5000   15.0000 2590.4756   16.2959
   -7.5000   45.0000   15.0000 2528.6956   16.6781
    0.0000   45.0000   15.0000 2531.0420   16.8678
    7.5000   45.0000   15.0000 2499.1375   17.2892
   -7.5000  -45.0000   22.5000 2293.7075   20.4107
    0.0000  -45.0000   22.5000 2324.3015   20.1806
    7.5000  -45.0000   22.5000 2322.7136   20.5767
   -7.5000  -37.5000   22.5000 2354.0796   18.7136
    0.0000  -37.5000   22.5000 2377.8750   18.5513
    7.5000  -37.5000   22.5000 2379.8972   18.9401
   -7.5000  -30.0000   22.5000 2421.5654   17.6228
    0.0000  -30.0000   22.5000 2434.6040   17.3609
    7.5000  -30.0000   22.5000 2435.4231   17.7507
   -7.5000  -22.5000   22.5000 2490.5193   16.8194
    0.0000  -22.5000   22.5000 2492.8669   16.5448
    7.5000  -22.5000   22.5000 2498.1477   16.9848
   -7.5000  -15.0000   22.5000 2554.6538   16.2827
    0.0000  -15.0000   22.5000 2548.5217   16.0243
    7.5000  -15.0000   22.5000 2557.2979   16.4232
   -7.5000   -7.5000   22.5000 2613.0676   15.8088
    0.0000   -7.5000   22.5000 2611.5889   15.6491
    7.5000   -7.5000   22.5000 2619.3335   16.0793
   -7.5000    0.0000   22.5000 2634.4624   14.8836
    0.0000    0.0000   22.5000 2648.4248   15.0082
    7.5000    0.0000   22.5000 2666.4329   15.7249
   -7.5000    7.5000   22.5000 2647.6030   14.1911
    0.0000    7.5000   22.5000 2670.9287   14.4569
    7.5000    7.5000   22.5000 2687.5679   15.3652
   -7.5000   15.0000   22.5000 2667.7310   14.1252
    0.0000   15.0000   22.5000 2688.8035   14.3725
    7.5000   15.0000   22.5000 2679.2734   15.1648
   -7.5000   22.5000   22.5000 2676.5640   14.4281
    0.0000   22.5000   22.5000 2681.9321   14.6520
    7.5000   22.5000   22.5000 2669.3940   15.2760
   -7.5000   30.0000   22.5000 2655.9597   14.9946
    0.0000   30.0000   22.5000 2650.0330   15.2247
    7.5000   30.0000   22.5000 2638.5535   15.7263
   -7.5000   37.5000   22.5000 2603.7529   15.8751
    0.0000   37.5000   22.5000 2607.1985   16.0826
    7.5000   37.5000   22.5000 2582.6108   16.5238
   -7.5000   45.0000   22.5000 2535.4119   16.9523
    0.0000   45.0000   22.5000 2532.3162   17.1641
    7.5000   45.0000   22.5000 2503.9270   17.5829
   -7.5000  -45.0000   30.0000 2244.9963   21.7167
    0.0000  -45.0000   30.0000 2255.3728   21.3624
    7.5000  -45.0000   30.0000 2256.8721   21.7857
   -7.5000  -37.5000   30.0000 2326.0054   20.0112
    0.0000  -37.5000   30.0000 2324.7351   19.7152
    7.5000  -37.5000   30.0000 2326.9553   20.1111
   -7.5000  -30.0000   30.0000 2413.1238   18.8205
    0.0000  -30.0000   30.0000 2402.6460   18.5718
    7.5000  -30.0000   30.0000 2398.4434   18.9569
   -7.5000  -22.5000   30.0000 2495.0874   17.9572
    0.0000  -22.5000   30.0000 2488.3794   17.7825
    7.5000  -22.5000   30.0000 2482.8796   18.1963
   -7.5000  -15.0000   30.0000 2558.7866   17.3646
    0.0000  -15.0000   30.0000 2560.3147   17.2393
    7.5000  -15.0000   30.0000 2546.3455   17.5510
   -7.5000   -7.5000   30.0000 2596.9736   16.5889
    0.0000   -7.5000   30.0000 2614.6191   16.6677
    7.5000   -7.5000   30.0000 2603.3032   17.1468
   -7.5000    0.0000   30.0000 2587.8367   15.4854
    0.0000    0.0000   30.0000 2634.9390   15.9155
    7.5000    0.0000   30.0000 2641.1133   16.6860
   -7.5000    7.5000   30.0000 2639.0977   15.0950
    0.0000    7.5000   30.0000 2667.8076   15.4063
    7.5000    7.5000   30.0000 2673.5552   16.2826
   -7.5000   15.0000   30.0000 2677.6492   15.2499
    0.0000   15.0000   30.0000 2691.2361   15.4013
    7.5000   15.0000   30.0000 2675.6819   16.1113
   -7.5000   22.5000   30.0000 2666.7793   15.4534
    0.0000   22.5000   30.0000 2678.5278   15.6536
    7.5000   22.5000   30.0000 2659.3794   16.2077
   -7.5000   30.0000   30.0000 2633.4153   15.7850
    0.0000   30.0000   30.0000 2638.4268   16.0608
    7.5000   30.0000   30.0000 2614.8989   16.5486
   -7.5000   37.5000   30.0000 2585.7751   16.4294
    0.0000   37.5000   30.0000 2584.4529   16.7186
    7.5000   37.5000   30.0000 2549.8660   17.1628
   -7.5000   45.0000   30.0000 2513.9092   17.4655
    0.0000   45.0000   30.0000 2517.2205   17.7707
    7.5000   45.0000   30.0000 2478.7490   18.1481
   -7.5000  -45.0000   37.5000 2236.5618   23.6880
    0.0000  -45.0000   37.5000 2233.8721   23.4574
    7.5000  -45.0000   37.5000 2228.6494   23.8058
   -7.5000  -37.5000   37.5000 2318.6787   21.7769
    0.0000  -37.5000   37.5000 2320.6812   21.6848
    7.5000  -37.5000   37.5000 2304.5798   21.9877
   -7.5000  -30.0000   37.5000 2405.1760   20.4110
    0.0000  -30.0000   37.5000 2410.5217   20.3737
    7.5000  -30.0000   37.5000 2378.6274   20.5480
   -7.5000  -22.5000   37.5000 2482.8152   19.3524
    0.0000  -22.5000   37.5000 2491.0229   19.3652
    7.5000  -22.5000   37.5000 2453.1589   19.5561
   -7.5000  -15.0000   37.5000 2533.6667   18.4357
    0.0000  -15.0000   37.5000 2549.2815   18.5246
    7.5000  -15.0000   37.5000 2510.8396   18.7627
   -7.5000   -7.5000   37.5000 2549.6521   17.3691
    0.0000   -7.5000   37.5000 2574.5981   17.6210
    7.5000   -7.5000   37.5000 2550.0359   18.1730
   -7.5000    0.0000   37.5000 2552.4260   16.3336
    0.0000    0.0000   37.5000 2590.4094   16.7781
    7.5000    0.0000   37.5000 2590.6770   17.5874
   -7.5000    7.5000   37.5000 2617.1711   16.1870
    0.0000    7.5000   37.5000 2619.3586   16.3253
    7.5000    7.5000   37.5000 2627.6802   17.1889
   -7.5000   15.0000   37.5000 2645.7664   16.2672
    0.0000   15.0000   37.5000 2639.0393   16.3437
    7.5000   15.0000   37.5000 2629.1843   16.9927
   -7.5000   22.5000   37.5000 2626.5493   16.4545
    0.0000   22.5000   37.5000 2636.3123   16.6114
    7.5000   22.5000   37.5000 2613.6082   17.1705
   -7.5000   30.0000   37.5000 2590.0273   16.7861
    0.0000   30.0000   37.5000 2596.7839   17.0208
    7.5000   30.0000   37.5000 2566.4949   17.4952
   -7.5000   37.5000   37.5000 2554.9231   17.3758
    0.0000   37.5000   37.5000 2548.0002   17.6406
    7.5000   37.5000   37.5000 2508.9844   18.0954
   -7.5000   45.0000   37.5000 2480.7830   18.2827
    0.0000   45.0000   37.5000 2481.9937   18.5777
    7.5000   45.0000   37.5000 2450.3401   19.0262
   -7.5000  -45.0000   45.0000 2203.1931   25.7700
    0.0000  -45.0000   45.0000 2219.0645   25.8151
    7.5000  -45.0000   45.0000 2196.6392   26.1147
   -7.5000  -37.5000   45.0000 2284.6870   23.6561
    0.0000  -37.5000   45.0000 2305.8391   23.7571
    7.5000  -37.5000   45.0000 2268.4827   23.9369
   -7.5000  -30.0000   45.0000 2365.3333   22.0695
    0.0000  -30.0000   45.0000 2380.0488   22.1552
    7.5000  -30.0000   45.0000 2334.7556   22.2061
   -7.5000  -22.5000   45.0000 2437.9548   20.8081
    0.0000  -22.5000   45.0000 2440.4956   20.8882
    7.5000  -22.5000   45.0000 2398.3604   20.9832
   -7.5000  -15.0000   45.0000 2475.7092   19.5353
    0.0000  -15.0000   45.0000 2484.0769   19.6912
    7.5000  -15.0000   45.0000 2443.0986   20.0019
   -7.5000   -7.5000   45.0000 2494.6414   18.2846
    0.0000   -7.5000   45.0000 2511.2368   18.6124
    7.5000   -7.5000   45.0000 2489.7393   19.3297
   -7.5000    0.0000   45.0000 2522.6362   17.4539
    0.0000    0.0000   45.0000 2529.6980   17.7522
    7.5000    0.0000   45.0000 2525.9185   18.6536
   -7.5000    7.5000   45.0000 2578.6458   17.3048
    0.0000    7.5000   45.0000 2565.2996   17.3760
    7.5000    7.5000   45.0000 2562.3879   18.2588
   -7.5000   15.0000   45.0000 2589.1987   17.3448
    0.0000   15.0000   45.0000 2575.1846   17.3622
    7.5000   15.0000   45.0000 2556.2227   18.0547
   -7.5000   22.5000   45.0000 2568.4363   17.5106
    0.0000   22.5000   45.0000 2565.1025   17.6294
    7.5000   22.5000   45.0000 2543.6313   18.1987
   -7.5000   30.0000   45.0000 2539.0032   17.8564
    0.0000   30.0000   45.0000 2535.6750   18.0693
    7.5000   30.0000   45.0000 2509.0283   18.5708
   -7.5000   37.5000   45.0000 2494.9255   18.4133
    0.0000   37.5000   45.0000 2494.1807   18.7029
    7.5000   37.5000   45.0000 2469.7678   19.2106
   -7.5000   45.0000   45.0000 2408.5176   19.2457
    0.0000   45.0000   45.0000 2416.5579   19.5484
    7.5000   45.0000   45.0000 2396.9011   20.0340

---------------------------------------------------------------------
imgreg_4dfp /opt/freesurfer/average/711-2C_as_mni_average_305 /opt/freesurfer/average/711-2B_as_mni_average_305_mask talsrcimg_g11 none talsrcimg_to_711-2C_as_mni_average_305_t4 1283
---------------------------------------------------------------------

$Id: imgreg_4dfp.c,v 1.4 2010/02/27 01:41:53 nicks Exp $
/opt/freesurfer/average/711-2C_as_mni_average_305.4dfp.img
       256       256       256         1
  1.000000  1.000000  1.000000
orientation T byte_order littleendian
Reading image: /opt/freesurfer/average/711-2C_as_mni_average_305.4dfp.img
dimensions:      256       256       256
mmppix:       1.0000   -1.0000   -1.0000
center:     128.0000 -129.0000 -129.0000
/opt/freesurfer/average/711-2B_as_mni_average_305_mask.4dfp.img
       256       256       256         1
  1.000000  1.000000  1.000000
orientation T byte_order littleendian
Reading mask: /opt/freesurfer/average/711-2B_as_mni_average_305_mask.4dfp.img (2306576 pixels)
talsrcimg_g11.4dfp.img
       256       256       256         1
  1.000000  1.000000  1.000000
orientation T byte_order littleendian
Reading image: talsrcimg_g11.4dfp.img
dimensions:      256       256       256
mmppix:       1.0000   -1.0000   -1.0000
center:     128.0000 -129.0000 -129.0000
rotation matrix determinant  1.000000
$Id: fimgreg.f,v 1.1 2007/05/04 22:33:59 nicks Exp $
image alignment mode   1283 decimal      503 hex
parameters
    0.0000   15.0000   30.0000    0.0000    0.0000    0.0000
eta,q 0.84563 15.41682
niter,ni,del,rscale     5    3   12.0000    1.2000
parameter  3  0.601577 ->  0.500000 qaram    1.1500
parameter  5-11.917944 -> -0.500000 qaram    1.1500
parameters
   -0.6705   15.3219   26.5500   -0.5113    3.4500   -0.0748
eta,q 0.85023 14.91306
  0.1601  0.1640  0.1523  0.1537  0.1585  0.1529
  0.1546  0.1573  0.1505  0.1516  0.1563  0.1514
  0.1521  0.1547  0.1497  0.1507  0.1528  0.1501
  0.1550  0.1531  0.1521  0.1497  0.1503  0.1498
  0.1579  0.1534  0.1582  0.1498  0.1505  0.1506
  0.1591  0.1571  0.1627  0.1525  0.1491  0.1518
  0.1583  0.1614  0.1670  0.1561  0.1442  0.1527
niter,ni,del,rscale     6    3   12.0000    1.2000
parameters
   -1.3449   16.1577   27.1892   -1.1121    6.6081    0.0580
eta,q 0.85730 14.96628
  0.1563  0.1596  0.1629  0.1532  0.1552  0.1484
  0.1490  0.1596  0.1546  0.1506  0.1510  0.1467
  0.1471  0.1546  0.1490  0.1487  0.1480  0.1443
  0.1498  0.1495  0.1479  0.1478  0.1480  0.1427
  0.1490  0.1475  0.1484  0.1487  0.1446  0.1437
  0.1535  0.1517  0.1530  0.1520  0.1420  0.1460
  0.1595  0.1590  0.1570  0.1567  0.1481  0.1484
niter,ni,del,rscale     5    3   12.0000    1.2000
parameters
   -2.3758   16.5784   27.4725   -1.1917    5.2650    1.8711
eta,q 0.85226 14.97008
  0.1522  0.1594  0.1610  0.1556  0.1488  0.1563
  0.1493  0.1579  0.1522  0.1516  0.1453  0.1531
  0.1490  0.1518  0.1456  0.1470  0.1469  0.1492
  0.1427  0.1461  0.1456  0.1459  0.1459  0.1475
  0.1455  0.1468  0.1500  0.1482  0.1437  0.1478
  0.1561  0.1525  0.1543  0.1516  0.1495  0.1488
  0.1626  0.1594  0.1551  0.1560  0.1558  0.1497
niter,ni,del,rscale     4    3   12.0000    1.2000
parameters
   -2.2758   16.6297   27.5974   -1.7629    4.3368    2.6085
eta,q 0.85198 15.01648
  0.1567  0.1582  0.1594  0.1531  0.1491  0.1540
  0.1504  0.1558  0.1502  0.1502  0.1442  0.1496
  0.1465  0.1516  0.1459  0.1482  0.1455  0.1471
  0.1477  0.1477  0.1476  0.1478  0.1478  0.1476
  0.1444  0.1478  0.1511  0.1487  0.1444  0.1489
  0.1481  0.1534  0.1535  0.1516  0.1455  0.1498
  0.1577  0.1605  0.1544  0.1561  0.1530  0.1499
niter,ni,del,rscale     3    3   12.0000    1.2000
parameters
   -2.1513   16.6966   27.1812   -2.7951    4.3485    2.6838
eta,q 0.85207 14.91683
  0.1567  0.1561  0.1574  0.1504  0.1494  0.1520
  0.1502  0.1544  0.1476  0.1492  0.1447  0.1484
  0.1449  0.1519  0.1455  0.1480  0.1444  0.1470
  0.1480  0.1482  0.1480  0.1476  0.1479  0.1479
  0.1467  0.1466  0.1509  0.1479  0.1454  0.1493
  0.1479  0.1516  0.1535  0.1507  0.1438  0.1499
  0.1562  0.1591  0.1548  0.1551  0.1497  0.1500
niter,ni,del,rscale     2    3   12.0000    1.2000
parameters
   -2.2183   17.1840   26.8711   -3.5644    4.5464    3.2115
eta,q 0.85334 14.86264
  0.1551  0.1548  0.1571  0.1503  0.1488  0.1517
  0.1488  0.1544  0.1470  0.1491  0.1440  0.1485
  0.1443  0.1522  0.1437  0.1467  0.1432  0.1466
  0.1479  0.1478  0.1467  0.1463  0.1463  0.1465
  0.1468  0.1450  0.1501  0.1471  0.1445  0.1477
  0.1479  0.1489  0.1530  0.1501  0.1428  0.1487
  0.1556  0.1568  0.1535  0.1545  0.1484  0.1491
niter,ni,del,rscale     1    3   12.0000    1.2000
parameters
   -2.3961   17.5353   26.5677   -4.2302    4.0792    3.9552
eta,q 0.85488 14.83198
  0.1536  0.1541  0.1572  0.1498  0.1477  0.1510
  0.1475  0.1537  0.1471  0.1491  0.1428  0.1476
  0.1432  0.1509  0.1428  0.1462  0.1423  0.1453
  0.1467  0.1465  0.1458  0.1453  0.1454  0.1449
  0.1459  0.1442  0.1500  0.1461  0.1445  0.1460
  0.1474  0.1485  0.1534  0.1496  0.1432  0.1470
  0.1545  0.1565  0.1533  0.1541  0.1483  0.1478
registration optimization eta report
parameter search radius
    6.0000    6.0000    6.9000    6.0000    6.9000    6.0000
100000*second partial in parameter space
       26.       24.       20.       18.        9.       12.
  0.1536  0.1541  0.1572  0.1498  0.1477  0.1510
  0.1475  0.1537  0.1471  0.1491  0.1428  0.1476
  0.1432  0.1509  0.1428  0.1462  0.1423  0.1453
  0.1467  0.1465  0.1458  0.1453  0.1454  0.1449
  0.1459  0.1442  0.1500  0.1461  0.1445  0.1460
  0.1474  0.1485  0.1534  0.1496  0.1432  0.1470
  0.1545  0.1565  0.1533  0.1541  0.1483  0.1478
   -2.3961   17.5353   26.5677   -4.2302    4.0792    3.9552
eta,q 0.85488 14.83198

---------------------------------------------------------------------
imgreg_4dfp /opt/freesurfer/average/711-2C_as_mni_average_305 /opt/freesurfer/average/711-2B_as_mni_average_305_mask talsrcimg_g11 none talsrcimg_to_711-2C_as_mni_average_305_t4 3335
---------------------------------------------------------------------

$Id: imgreg_4dfp.c,v 1.4 2010/02/27 01:41:53 nicks Exp $
/opt/freesurfer/average/711-2C_as_mni_average_305.4dfp.img
       256       256       256         1
  1.000000  1.000000  1.000000
orientation T byte_order littleendian
Reading image: /opt/freesurfer/average/711-2C_as_mni_average_305.4dfp.img
dimensions:      256       256       256
mmppix:       1.0000   -1.0000   -1.0000
center:     128.0000 -129.0000 -129.0000
/opt/freesurfer/average/711-2B_as_mni_average_305_mask.4dfp.img
       256       256       256         1
  1.000000  1.000000  1.000000
orientation T byte_order littleendian
Reading mask: /opt/freesurfer/average/711-2B_as_mni_average_305_mask.4dfp.img (2306576 pixels)
talsrcimg_g11.4dfp.img
       256       256       256         1
  1.000000  1.000000  1.000000
orientation T byte_order littleendian
Reading image: talsrcimg_g11.4dfp.img
dimensions:      256       256       256
mmppix:       1.0000   -1.0000   -1.0000
center:     128.0000 -129.0000 -129.0000
$Id: fimgreg.f,v 1.1 2007/05/04 22:33:59 nicks Exp $
image alignment mode   3335 decimal      D07 hex
parameters
   -2.3961   17.5353   26.5677   -0.4909   -0.4737   -0.5251
   -6.3554   -7.5860    6.8802    6.8695    7.1135   -7.3577
eta,q 0.85268 14.86744
niter,ni,del,rscale     5    3    5.0000    1.2000
parameter  1  4.663497 -> -0.500000 qaram    1.1500
parameter  4 31.749666 ->  0.500000 qaram    1.1500
parameter  5  1.504987 ->  0.500000 qaram    1.1500
parameter  6  0.691175 ->  0.500000 qaram    1.1500
parameter  7 -6.031943 -> -0.500000 qaram    1.1500
parameter  8 -0.624231 -> -0.500000 qaram    1.1500
parameter  9 -1.484984 -> -0.500000 qaram    1.1500
parameter 10 -1.306901 -> -0.500000 qaram    1.1500
parameter 12 -2.253192 -> -0.500000 qaram    1.1500
parameters
   -1.0161   17.5912   25.8790   -4.6309   -4.6137   -4.6651
   -2.2154   -3.4460   11.0202   11.0095    9.0821   -3.2177
eta,q 0.87435 15.03877
  0.1484  0.1470  0.1466  0.1349  0.1356  0.1335  0.1370  0.1396  0.1322  0.1381  0.1302  0.1320
  0.1484  0.1465  0.1462  0.1380  0.1362  0.1338  0.1359  0.1368  0.1317  0.1350  0.1290  0.1304
  0.1481  0.1462  0.1461  0.1414  0.1370  0.1346  0.1349  0.1344  0.1312  0.1323  0.1282  0.1289
  0.1473  0.1462  0.1462  0.1461  0.1389  0.1363  0.1340  0.1324  0.1307  0.1301  0.1277  0.1276
  0.1465  0.1463  0.1465  0.1515  0.1408  0.1391  0.1330  0.1310  0.1303  0.1286  0.1276  0.1264
  0.1461  0.1465  0.1470  0.1554  0.1428  0.1434  0.1322  0.1308  0.1301  0.1274  0.1278  0.1254
  0.1460  0.1468  0.1477  0.1581  0.1453  0.1507  0.1314  0.1318  0.1300  0.1266  0.1285  0.1247
niter,ni,del,rscale     7    3    5.0000    1.2000
parameter  3  1.102609 ->  0.500000 qaram    1.1500
parameter  4  1.040794 ->  0.500000 qaram    1.3225
parameter  5-34.514492 ->  0.500000 qaram    1.3225
parameter  7 -1.731197 -> -0.500000 qaram    1.3225
parameters
   -0.0632   17.1062   24.4990   -9.3919   -9.3747   -6.3009
    2.5456   -3.2171   14.4429   13.9835    7.9583    0.1256
eta,q 0.88841 15.15398
  0.1325  0.1258  0.1241  0.1167  0.1113  0.1168  0.1207  0.1185  0.1165  0.1180  0.1129  0.1146
  0.1293  0.1254  0.1243  0.1186  0.1142  0.1160  0.1187  0.1157  0.1148  0.1158  0.1123  0.1134
  0.1269  0.1252  0.1247  0.1209  0.1167  0.1153  0.1168  0.1137  0.1135  0.1138  0.1120  0.1125
  0.1256  0.1253  0.1252  0.1244  0.1192  0.1149  0.1151  0.1127  0.1127  0.1123  0.1119  0.1119
  0.1253  0.1256  0.1260  0.1304  0.1217  0.1153  0.1135  0.1129  0.1124  0.1119  0.1122  0.1116
  0.1258  0.1259  0.1270  0.1392  0.1239  0.1172  0.1125  0.1148  0.1125  0.1123  0.1128  0.1117
  0.1268  0.1262  0.1282  0.1474  0.1269  0.1209  0.1120  0.1184  0.1130  0.1135  0.1138  0.1123
niter,ni,del,rscale     7    3    5.0000    1.2000
parameter  1  0.792699 ->  0.500000 qaram    1.3225
parameter  2 -0.552984 -> -0.500000 qaram    1.1500
parameter  3  1.039108 ->  0.500000 qaram    1.3225
parameter  4  0.947371 ->  0.500000 qaram    1.5209
parameter  5  2.741300 ->  0.500000 qaram    1.5209
parameter 10 -0.509830 -> -0.500000 qaram    1.3225
parameters
   -1.6502   18.4862   22.9120  -14.8670  -14.8499   -8.1747
    3.5400   -3.9881   12.7791   18.7445    9.5191   -2.3002
eta,q 0.90205 14.92839
  0.1105  0.1124  0.1087  0.1015  0.0970  0.1009  0.1027  0.1026  0.1007  0.1059  0.1000  0.0989
  0.1104  0.1115  0.1089  0.1030  0.0988  0.1001  0.1009  0.1009  0.0998  0.1033  0.0993  0.0982
  0.1107  0.1108  0.1094  0.1054  0.1009  0.0995  0.0998  0.0999  0.0994  0.1010  0.0987  0.0980
  0.1116  0.1104  0.1101  0.1090  0.1036  0.0993  0.0994  0.0994  0.0995  0.0994  0.0982  0.0981
  0.1130  0.1102  0.1110  0.1141  0.1064  0.0998  0.0996  0.0998  0.1000  0.0984  0.0981  0.0986
  0.1147  0.1101  0.1122  0.1211  0.1094  0.1015  0.1003  0.1016  0.1009  0.0983  0.0984  0.0998
  0.1167  0.1103  0.1138  0.1316  0.1130  0.1049  0.1014  0.1046  0.1022  0.0995  0.0990  0.1012
niter,ni,del,rscale     7    3    5.0000    1.2000
parameter  1  0.983370 ->  0.500000 qaram    1.5209
parameter  3  1.139165 ->  0.500000 qaram    1.5209
parameter  4  0.581410 ->  0.500000 qaram    1.7490
parameter  5  2.141615 ->  0.500000 qaram    1.7490
parameter  7  0.542530 ->  0.500000 qaram    1.5209
parameter  9  0.814455 ->  0.500000 qaram    1.3225
parameter 11 -1.703948 -> -0.500000 qaram    1.1500
parameter 12  2.394877 ->  0.500000 qaram    1.3225
parameters
   -3.4753   18.9132   21.0869  -21.1635  -21.1463   -8.2466
   -1.9352   -4.3310    8.0181   19.0442   13.6591   -7.0612
eta,q 0.91472 14.65183
  0.0956  0.0983  0.0933  0.0920  0.0860  0.0905  0.0882  0.0913  0.0868  0.0911  0.0875  0.0848
  0.0954  0.0970  0.0936  0.0914  0.0878  0.0899  0.0875  0.0892  0.0866  0.0893  0.0871  0.0852
  0.0963  0.0961  0.0943  0.0918  0.0895  0.0888  0.0876  0.0879  0.0868  0.0876  0.0868  0.0856
  0.0979  0.0955  0.0955  0.0938  0.0914  0.0883  0.0883  0.0874  0.0874  0.0866  0.0866  0.0863
  0.1002  0.0955  0.0970  0.0979  0.0938  0.0881  0.0893  0.0878  0.0883  0.0870  0.0864  0.0870
  0.1028  0.0961  0.0989  0.1041  0.0971  0.0889  0.0906  0.0893  0.0893  0.0884  0.0862  0.0878
  0.1056  0.0971  0.1012  0.1131  0.1002  0.0916  0.0924  0.0924  0.0905  0.0910  0.0861  0.0886
niter,ni,del,rscale     7    3    5.0000    1.2000
parameter  1  0.538558 ->  0.500000 qaram    1.7490
parameter  2  2.588254 ->  0.500000 qaram    1.3225
parameter  3  3.624337 ->  0.500000 qaram    1.7490
parameter  5  1.297971 ->  0.500000 qaram    2.0114
parameter  6  1.143568 ->  0.500000 qaram    1.3225
parameter  8  0.881977 ->  0.500000 qaram    1.3225
parameter 10  0.961707 ->  0.500000 qaram    1.5209
parameter 11  0.663611 ->  0.500000 qaram    1.3225
parameter 12  1.479987 ->  0.500000 qaram    1.5209
parameters
   -5.5741   17.3262   18.9881  -25.8289  -28.3872  -13.0076
   -4.6837   -9.0920    3.5999   13.5691    8.8981  -12.5364
eta,q 0.94701 14.74845
  0.0852  0.0781  0.0718  0.0772  0.0653  0.0621  0.0667  0.0613  0.0616  0.0555  0.0553  0.0521
  0.0839  0.0795  0.0739  0.0751  0.0656  0.0634  0.0645  0.0611  0.0605  0.0554  0.0553  0.0527
  0.0840  0.0815  0.0767  0.0740  0.0683  0.0650  0.0635  0.0619  0.0604  0.0569  0.0554  0.0538
  0.0853  0.0838  0.0800  0.0746  0.0741  0.0660  0.0639  0.0635  0.0612  0.0603  0.0557  0.0554
  0.0876  0.0865  0.0836  0.0784  0.0815  0.0672  0.0655  0.0656  0.0630  0.0653  0.0561  0.0572
  0.0906  0.0895  0.0873  0.0870  0.0886  0.0705  0.0683  0.0682  0.0657  0.0709  0.0568  0.0594
  0.0942  0.0924  0.0910  0.0997  0.0954  0.0748  0.0718  0.0715  0.0692  0.0769  0.0578  0.0619
niter,ni,del,rscale     7    3    5.0000    1.2000
parameter  3  1.521697 ->  0.500000 qaram    2.0114
parameter  4 -0.851399 -> -0.500000 qaram    2.0114
parameter 12  0.960397 ->  0.500000 qaram    1.7490
parameters
   -5.7630   16.5267   16.5745  -18.5880  -30.8352  -11.7367
   -1.6183  -11.9684    4.6718   14.7063   11.7407  -18.8328
eta,q 0.95970 14.99247
  0.0605  0.0557  0.0454  0.0603  0.0549  0.0491  0.0552  0.0461  0.0487  0.0538  0.0436  0.0402
  0.0565  0.0536  0.0469  0.0555  0.0495  0.0467  0.0503  0.0433  0.0454  0.0485  0.0428  0.0402
  0.0538  0.0527  0.0492  0.0512  0.0451  0.0448  0.0462  0.0423  0.0432  0.0446  0.0423  0.0408
  0.0530  0.0530  0.0526  0.0474  0.0434  0.0438  0.0436  0.0431  0.0423  0.0423  0.0420  0.0419
  0.0542  0.0546  0.0568  0.0445  0.0463  0.0437  0.0431  0.0455  0.0426  0.0423  0.0419  0.0434
  0.0573  0.0573  0.0617  0.0433  0.0542  0.0449  0.0445  0.0495  0.0440  0.0450  0.0420  0.0452
  0.0621  0.0611  0.0671  0.0443  0.0729  0.0471  0.0472  0.0544  0.0462  0.0505  0.0424  0.0474
niter,ni,del,rscale     7    3    5.0000    1.2000
parameter  3  0.940025 ->  0.500000 qaram    2.3131
parameters
   -6.2524   16.4803   13.7988  -19.5516  -30.3461  -11.8669
   -0.0303  -12.6646    5.2055   18.2806   12.7386  -23.5456
eta,q 0.96696 15.07228
  0.0491  0.0467  0.0352  0.0507  0.0518  0.0431  0.0468  0.0436  0.0425  0.0532  0.0362  0.0355
  0.0437  0.0432  0.0352  0.0450  0.0456  0.0400  0.0420  0.0391  0.0389  0.0461  0.0352  0.0334
  0.0406  0.0409  0.0369  0.0398  0.0404  0.0375  0.0380  0.0363  0.0366  0.0400  0.0346  0.0331
  0.0403  0.0401  0.0401  0.0356  0.0362  0.0359  0.0360  0.0359  0.0358  0.0358  0.0342  0.0342
  0.0427  0.0409  0.0445  0.0345  0.0361  0.0357  0.0363  0.0376  0.0364  0.0342  0.0342  0.0358
  0.0474  0.0433  0.0501  0.0402  0.0417  0.0376  0.0386  0.0409  0.0382  0.0357  0.0346  0.0379
  0.0540  0.0472  0.0566  0.0653  0.0525  0.0461  0.0421  0.0461  0.0409  0.0401  0.0356  0.0401
niter,ni,del,rscale     7    3    5.0000    1.2000
parameters
   -6.3301   16.4817   12.2880  -19.7143  -30.5268  -12.7877
    0.7548  -13.2579    5.4189   20.1105   12.4399  -23.6969
eta,q 0.96787 15.07475
  0.0451  0.0410  0.0385  0.0500  0.0484  0.0409  0.0430  0.0415  0.0396  0.0485  0.0343  0.0378
  0.0387  0.0369  0.0339  0.0435  0.0419  0.0371  0.0379  0.0365  0.0358  0.0412  0.0330  0.0341
  0.0343  0.0341  0.0321  0.0373  0.0363  0.0340  0.0341  0.0333  0.0334  0.0357  0.0324  0.0323
  0.0330  0.0330  0.0330  0.0321  0.0322  0.0323  0.0326  0.0327  0.0326  0.0326  0.0322  0.0322
  0.0348  0.0339  0.0367  0.0300  0.0332  0.0324  0.0336  0.0342  0.0334  0.0325  0.0324  0.0333
  0.0393  0.0367  0.0427  0.0351  0.0394  0.0374  0.0364  0.0377  0.0356  0.0352  0.0332  0.0351
  0.0460  0.0412  0.0501  0.0597  0.0525  0.0491  0.0402  0.0444  0.0387  0.0410  0.0346  0.0372
niter,ni,del,rscale     6    3    5.0000    1.2000
parameters
   -6.4062   16.6787   11.6945  -19.4973  -30.6316  -13.0681
    1.0584  -13.5608    5.6060   20.6638   12.2403  -23.6561
eta,q 0.96807 15.06867
  0.0441  0.0406  0.0408  0.0503  0.0477  0.0413  0.0416  0.0419  0.0387  0.0454  0.0341  0.0377
  0.0376  0.0364  0.0358  0.0437  0.0414  0.0375  0.0365  0.0365  0.0350  0.0388  0.0329  0.0339
  0.0334  0.0334  0.0327  0.0375  0.0359  0.0340  0.0330  0.0330  0.0327  0.0341  0.0322  0.0321
  0.0321  0.0321  0.0321  0.0320  0.0318  0.0318  0.0320  0.0320  0.0320  0.0320  0.0319  0.0319
  0.0338  0.0326  0.0341  0.0294  0.0324  0.0314  0.0332  0.0333  0.0328  0.0328  0.0322  0.0330
  0.0383  0.0350  0.0389  0.0336  0.0387  0.0349  0.0363  0.0367  0.0349  0.0366  0.0329  0.0347
  0.0449  0.0389  0.0455  0.0576  0.0515  0.0461  0.0402  0.0438  0.0379  0.0435  0.0344  0.0368
niter,ni,del,rscale     5    3    5.0000    1.2000
parameters
   -6.4553   16.7636   11.4677  -19.4770  -30.7623  -13.1701
    1.1472  -13.6620    5.7292   20.8627   12.1506  -23.6134
eta,q 0.96797 15.05608
  0.0442  0.0398  0.0416  0.0501  0.0475  0.0414  0.0413  0.0425  0.0385  0.0447  0.0342  0.0377
  0.0376  0.0357  0.0365  0.0435  0.0413  0.0377  0.0362  0.0368  0.0349  0.0383  0.0330  0.0340
  0.0333  0.0330  0.0332  0.0373  0.0359  0.0343  0.0329  0.0332  0.0326  0.0339  0.0323  0.0322
  0.0319  0.0319  0.0319  0.0319  0.0319  0.0320  0.0320  0.0320  0.0320  0.0320  0.0320  0.0320
  0.0336  0.0326  0.0333  0.0295  0.0324  0.0314  0.0334  0.0332  0.0329  0.0330  0.0322  0.0331
  0.0381  0.0351  0.0374  0.0339  0.0387  0.0345  0.0365  0.0365  0.0350  0.0372  0.0330  0.0348
  0.0447  0.0390  0.0437  0.0589  0.0514  0.0453  0.0404  0.0435  0.0379  0.0443  0.0344  0.0368
niter,ni,del,rscale     4    3    5.0000    1.2000
parameters
   -6.4797   16.8297   11.3709  -19.4764  -30.8670  -13.2354
    1.1724  -13.6946    5.8018   20.9669   12.0821  -23.6105
eta,q 0.96788 15.04601
  0.0444  0.0397  0.0420  0.0501  0.0475  0.0415  0.0412  0.0428  0.0384  0.0444  0.0342  0.0377
  0.0378  0.0356  0.0369  0.0436  0.0414  0.0378  0.0361  0.0370  0.0349  0.0382  0.0331  0.0340
  0.0335  0.0330  0.0334  0.0374  0.0360  0.0344  0.0329  0.0334  0.0327  0.0339  0.0324  0.0323
  0.0320  0.0320  0.0320  0.0320  0.0320  0.0321  0.0321  0.0321  0.0321  0.0321  0.0321  0.0321
  0.0336  0.0328  0.0332  0.0296  0.0325  0.0315  0.0335  0.0332  0.0330  0.0332  0.0323  0.0332
  0.0380  0.0352  0.0370  0.0340  0.0387  0.0345  0.0366  0.0365  0.0350  0.0374  0.0330  0.0348
  0.0446  0.0391  0.0431  0.0591  0.0512  0.0451  0.0406  0.0434  0.0379  0.0445  0.0344  0.0369
niter,ni,del,rscale     3    3    5.0000    1.2000
parameters
   -6.4904   16.8773   11.3158  -19.4727  -30.9406  -13.2824
    1.1837  -13.7051    5.8468   21.0416   12.0338  -23.6187
eta,q 0.96782 15.03951
  0.0445  0.0396  0.0421  0.0502  0.0475  0.0415  0.0412  0.0429  0.0384  0.0443  0.0343  0.0377
  0.0379  0.0356  0.0370  0.0436  0.0414  0.0378  0.0362  0.0371  0.0349  0.0382  0.0331  0.0341
  0.0336  0.0331  0.0336  0.0375  0.0361  0.0345  0.0329  0.0334  0.0327  0.0339  0.0325  0.0324
  0.0321  0.0321  0.0321  0.0321  0.0321  0.0322  0.0322  0.0322  0.0322  0.0322  0.0322  0.0322
  0.0337  0.0329  0.0332  0.0297  0.0325  0.0316  0.0336  0.0333  0.0330  0.0332  0.0324  0.0332
  0.0380  0.0353  0.0369  0.0340  0.0387  0.0345  0.0367  0.0366  0.0351  0.0374  0.0331  0.0349
  0.0446  0.0392  0.0429  0.0591  0.0511  0.0450  0.0406  0.0434  0.0380  0.0445  0.0344  0.0369
niter,ni,del,rscale     2    3    5.0000    1.2000
parameters
   -6.4967   16.9109   11.2798  -19.4710  -30.9938  -13.3173
    1.1900  -13.7103    5.8800   21.0950   11.9961  -23.6260
eta,q 0.96777 15.03488
  0.0446  0.0395  0.0421  0.0502  0.0475  0.0415  0.0412  0.0429  0.0384  0.0443  0.0343  0.0377
  0.0380  0.0356  0.0371  0.0437  0.0414  0.0379  0.0362  0.0371  0.0349  0.0381  0.0332  0.0341
  0.0337  0.0331  0.0337  0.0375  0.0361  0.0345  0.0330  0.0335  0.0328  0.0339  0.0325  0.0324
  0.0322  0.0322  0.0322  0.0322  0.0322  0.0322  0.0322  0.0322  0.0322  0.0322  0.0322  0.0322
  0.0337  0.0329  0.0333  0.0297  0.0326  0.0316  0.0336  0.0333  0.0331  0.0333  0.0324  0.0332
  0.0381  0.0354  0.0369  0.0341  0.0386  0.0345  0.0367  0.0366  0.0351  0.0375  0.0331  0.0349
  0.0446  0.0393  0.0428  0.0592  0.0510  0.0449  0.0406  0.0434  0.0380  0.0446  0.0344  0.0369
niter,ni,del,rscale     1    3    5.0000    1.2000
parameters
   -6.5005   16.9346   11.2534  -19.4691  -31.0308  -13.3450
    1.1957  -13.7133    5.9027   21.1347   11.9632  -23.6366
eta,q 0.96775 15.03162
  0.0446  0.0395  0.0421  0.0502  0.0475  0.0415  0.0412  0.0430  0.0384  0.0442  0.0343  0.0377
  0.0380  0.0356  0.0371  0.0437  0.0415  0.0379  0.0362  0.0372  0.0349  0.0381  0.0332  0.0341
  0.0337  0.0331  0.0337  0.0376  0.0362  0.0346  0.0330  0.0335  0.0328  0.0339  0.0325  0.0324
  0.0322  0.0322  0.0322  0.0322  0.0322  0.0322  0.0323  0.0323  0.0323  0.0323  0.0323  0.0323
  0.0338  0.0330  0.0333  0.0298  0.0326  0.0317  0.0337  0.0333  0.0331  0.0333  0.0324  0.0333
  0.0381  0.0354  0.0368  0.0341  0.0386  0.0345  0.0367  0.0366  0.0351  0.0375  0.0331  0.0349
  0.0446  0.0393  0.0427  0.0592  0.0509  0.0449  0.0407  0.0434  0.0380  0.0446  0.0345  0.0369
registration optimization eta report
parameter search radius
    4.1976    3.1740    5.5513   14.4818   14.4818    9.5220
   10.9503    9.5220    9.5220   10.9503    9.5220   12.5928
100000*second partial in parameter space
       70.       71.       33.       11.        8.       12.
        7.       12.        7.       10.        2.        3.
  0.0446  0.0395  0.0421  0.0502  0.0475  0.0415  0.0412  0.0430  0.0384  0.0442  0.0343  0.0377
  0.0380  0.0356  0.0371  0.0437  0.0415  0.0379  0.0362  0.0372  0.0349  0.0381  0.0332  0.0341
  0.0337  0.0331  0.0337  0.0376  0.0362  0.0346  0.0330  0.0335  0.0328  0.0339  0.0325  0.0324
  0.0322  0.0322  0.0322  0.0322  0.0322  0.0322  0.0323  0.0323  0.0323  0.0323  0.0323  0.0323
  0.0338  0.0330  0.0333  0.0298  0.0326  0.0317  0.0337  0.0333  0.0331  0.0333  0.0324  0.0333
  0.0381  0.0354  0.0368  0.0341  0.0386  0.0345  0.0367  0.0366  0.0351  0.0375  0.0331  0.0349
  0.0446  0.0393  0.0427  0.0592  0.0509  0.0449  0.0407  0.0434  0.0380  0.0446  0.0345  0.0369
   -6.5005   16.9346   11.2534  -19.4691  -31.0308  -13.3450
    1.1957  -13.7133    5.9027   21.1347   11.9632  -23.6366
eta,q 0.96775 15.03162

---------------------------------------------------------------------
imgreg_4dfp /opt/freesurfer/average/711-2C_as_mni_average_305 /opt/freesurfer/average/711-2B_as_mni_average_305_mask talsrcimg_g11 none talsrcimg_to_711-2C_as_mni_average_305_t4 2311
---------------------------------------------------------------------

$Id: imgreg_4dfp.c,v 1.4 2010/02/27 01:41:53 nicks Exp $
/opt/freesurfer/average/711-2C_as_mni_average_305.4dfp.img
       256       256       256         1
  1.000000  1.000000  1.000000
orientation T byte_order littleendian
Reading image: /opt/freesurfer/average/711-2C_as_mni_average_305.4dfp.img
dimensions:      256       256       256
mmppix:       1.0000   -1.0000   -1.0000
center:     128.0000 -129.0000 -129.0000
/opt/freesurfer/average/711-2B_as_mni_average_305_mask.4dfp.img
       256       256       256         1
  1.000000  1.000000  1.000000
orientation T byte_order littleendian
Reading mask: /opt/freesurfer/average/711-2B_as_mni_average_305_mask.4dfp.img (2306576 pixels)
talsrcimg_g11.4dfp.img
       256       256       256         1
  1.000000  1.000000  1.000000
orientation T byte_order littleendian
Reading image: talsrcimg_g11.4dfp.img
dimensions:      256       256       256
mmppix:       1.0000   -1.0000   -1.0000
center:     128.0000 -129.0000 -129.0000
$Id: fimgreg.f,v 1.1 2007/05/04 22:33:59 nicks Exp $
image alignment mode   2311 decimal      907 hex
parameters
   -6.5005   16.9346   11.2534  -19.4691  -31.0308  -13.3450
    1.1957  -13.7133    5.9027   21.1347   11.9632  -23.6366
eta,q 0.96775 15.03162
niter,ni,del,rscale     5    3    5.0000    0.8000
parameter  4 -1.409238 -> -0.500000 qaram    1.1500
parameters
   -6.5105   16.9664   11.4394  -16.7091  -29.7865  -12.0921
    0.9058  -13.8180    5.6985   21.5468   11.2185  -24.0485
eta,q 0.97035 15.22073
  0.0342  0.0342  0.0334  0.0375  0.0340  0.0337  0.0320  0.0333  0.0319  0.0335  0.0303  0.0306
  0.0331  0.0331  0.0328  0.0356  0.0325  0.0321  0.0306  0.0314  0.0306  0.0316  0.0299  0.0300
  0.0325  0.0325  0.0324  0.0338  0.0311  0.0308  0.0299  0.0302  0.0299  0.0303  0.0297  0.0297
  0.0323  0.0323  0.0323  0.0322  0.0303  0.0300  0.0298  0.0297  0.0297  0.0297  0.0297  0.0297
  0.0325  0.0324  0.0323  0.0310  0.0300  0.0297  0.0302  0.0301  0.0301  0.0298  0.0298  0.0299
  0.0332  0.0330  0.0325  0.0301  0.0304  0.0301  0.0312  0.0314  0.0310  0.0307  0.0302  0.0303
  0.0342  0.0341  0.0330  0.0298  0.0316  0.0313  0.0325  0.0338  0.0322  0.0324  0.0310  0.0309
niter,ni,del,rscale     5    3    5.0000    0.8000
parameters
   -6.3430   16.2621   11.7373  -14.7454  -29.6224  -12.2321
    0.7449  -13.7659    5.6285   21.2090   10.6733  -24.1131
eta,q 0.97150 15.31705
  0.0327  0.0299  0.0308  0.0344  0.0318  0.0315  0.0311  0.0329  0.0311  0.0316  0.0293  0.0297
  0.0311  0.0293  0.0300  0.0322  0.0302  0.0300  0.0296  0.0305  0.0296  0.0299  0.0289  0.0290
  0.0301  0.0292  0.0295  0.0304  0.0291  0.0290  0.0287  0.0291  0.0287  0.0288  0.0286  0.0286
  0.0297  0.0296  0.0292  0.0291  0.0285  0.0285  0.0285  0.0285  0.0285  0.0285  0.0285  0.0285
  0.0298  0.0306  0.0291  0.0285  0.0287  0.0287  0.0290  0.0288  0.0289  0.0290  0.0287  0.0287
  0.0304  0.0321  0.0294  0.0288  0.0298  0.0297  0.0299  0.0302  0.0298  0.0304  0.0291  0.0291
  0.0316  0.0341  0.0299  0.0302  0.0316  0.0324  0.0313  0.0330  0.0311  0.0328  0.0299  0.0297
niter,ni,del,rscale     4    3    5.0000    0.7000
parameters
   -6.1884   16.0150   11.8910  -14.5450  -29.1911  -11.8343
    0.4217  -13.4755    5.5372   21.0454   10.5105  -24.0257
eta,q 0.97178 15.34975
  0.0310  0.0298  0.0296  0.0315  0.0313  0.0309  0.0301  0.0320  0.0303  0.0309  0.0290  0.0292
  0.0297  0.0289  0.0290  0.0300  0.0299  0.0297  0.0290  0.0300  0.0291  0.0295  0.0286  0.0287
  0.0289  0.0285  0.0286  0.0289  0.0289  0.0288  0.0284  0.0288  0.0284  0.0286  0.0283  0.0283
  0.0285  0.0285  0.0284  0.0284  0.0284  0.0283  0.0283  0.0283  0.0282  0.0282  0.0282  0.0282
  0.0286  0.0290  0.0285  0.0285  0.0284  0.0284  0.0287  0.0283  0.0285  0.0286  0.0283  0.0283
  0.0291  0.0299  0.0287  0.0292  0.0291  0.0289  0.0295  0.0293  0.0293  0.0297  0.0286  0.0286
  0.0301  0.0312  0.0292  0.0314  0.0304  0.0303  0.0306  0.0312  0.0304  0.0315  0.0292  0.0291
niter,ni,del,rscale     3    3    5.0000    0.6000
parameters
   -6.0856   15.8707   12.0067  -14.4806  -29.0541  -11.6732
    0.2570  -13.3170    5.4528   20.9346   10.5182  -24.0096
eta,q 0.97187 15.36430
  0.0301  0.0294  0.0291  0.0305  0.0302  0.0300  0.0296  0.0308  0.0297  0.0302  0.0288  0.0289
  0.0291  0.0287  0.0286  0.0293  0.0292  0.0290  0.0287  0.0294  0.0288  0.0291  0.0284  0.0285
  0.0285  0.0283  0.0283  0.0285  0.0285  0.0284  0.0283  0.0285  0.0283  0.0284  0.0282  0.0282
  0.0282  0.0282  0.0282  0.0282  0.0282  0.0282  0.0282  0.0281  0.0281  0.0281  0.0281  0.0281
  0.0283  0.0285  0.0282  0.0283  0.0283  0.0283  0.0284  0.0283  0.0284  0.0284  0.0282  0.0282
  0.0288  0.0292  0.0284  0.0290  0.0289  0.0287  0.0290  0.0290  0.0289  0.0292  0.0284  0.0285
  0.0295  0.0302  0.0288  0.0305  0.0300  0.0298  0.0299  0.0304  0.0298  0.0306  0.0288  0.0289
niter,ni,del,rscale     2    3    5.0000    0.5000
parameters
   -6.0380   15.8161   12.0629  -14.4210  -29.0009  -11.5982
    0.1952  -13.2420    5.4047   20.9244   10.5205  -24.0322
eta,q 0.97189 15.37168
  0.0294  0.0291  0.0287  0.0297  0.0296  0.0293  0.0292  0.0298  0.0292  0.0297  0.0286  0.0286
  0.0287  0.0286  0.0284  0.0289  0.0288  0.0287  0.0286  0.0289  0.0286  0.0289  0.0283  0.0283
  0.0283  0.0282  0.0282  0.0284  0.0283  0.0283  0.0282  0.0284  0.0282  0.0283  0.0282  0.0282
  0.0281  0.0281  0.0281  0.0281  0.0281  0.0281  0.0281  0.0281  0.0281  0.0281  0.0281  0.0281
  0.0282  0.0283  0.0282  0.0282  0.0282  0.0282  0.0283  0.0282  0.0283  0.0283  0.0282  0.0282
  0.0286  0.0287  0.0283  0.0287  0.0287  0.0286  0.0287  0.0288  0.0287  0.0288  0.0283  0.0284
  0.0291  0.0294  0.0286  0.0297  0.0295  0.0292  0.0293  0.0298  0.0293  0.0298  0.0286  0.0286
niter,ni,del,rscale     1    3    5.0000    0.4000
parameters
   -6.0184   15.7938   12.0874  -14.3708  -28.9766  -11.5730
    0.1703  -13.1880    5.3833   20.9504   10.5179  -24.0671
eta,q 0.97189 15.37578
  0.0289  0.0288  0.0285  0.0291  0.0290  0.0289  0.0288  0.0292  0.0288  0.0292  0.0284  0.0284
  0.0285  0.0284  0.0283  0.0286  0.0286  0.0284  0.0284  0.0286  0.0284  0.0286  0.0282  0.0283
  0.0282  0.0282  0.0282  0.0283  0.0282  0.0282  0.0282  0.0283  0.0282  0.0283  0.0282  0.0281
  0.0281  0.0281  0.0281  0.0281  0.0281  0.0281  0.0281  0.0281  0.0281  0.0281  0.0281  0.0281
  0.0282  0.0282  0.0282  0.0282  0.0282  0.0282  0.0282  0.0282  0.0282  0.0282  0.0281  0.0282
  0.0284  0.0285  0.0283  0.0285  0.0285  0.0284  0.0285  0.0285  0.0284  0.0285  0.0282  0.0283
  0.0288  0.0289  0.0284  0.0291  0.0290  0.0288  0.0288  0.0292  0.0289  0.0292  0.0284  0.0285
registration optimization eta report
parameter search radius
    0.8000    0.8000    0.8000    2.7600    2.4000    2.4000
    2.4000    2.4000    2.4000    2.4000    2.4000    2.4000
100000*second partial in parameter space
      112.      114.       55.       13.       16.       13.
       13.       19.       13.       18.        5.        6.
  0.0289  0.0288  0.0285  0.0291  0.0290  0.0289  0.0288  0.0292  0.0288  0.0292  0.0284  0.0284
  0.0285  0.0284  0.0283  0.0286  0.0286  0.0284  0.0284  0.0286  0.0284  0.0286  0.0282  0.0283
  0.0282  0.0282  0.0282  0.0283  0.0282  0.0282  0.0282  0.0283  0.0282  0.0283  0.0282  0.0281
  0.0281  0.0281  0.0281  0.0281  0.0281  0.0281  0.0281  0.0281  0.0281  0.0281  0.0281  0.0281
  0.0282  0.0282  0.0282  0.0282  0.0282  0.0282  0.0282  0.0282  0.0282  0.0282  0.0281  0.0282
  0.0284  0.0285  0.0283  0.0285  0.0285  0.0284  0.0285  0.0285  0.0284  0.0285  0.0282  0.0283
  0.0288  0.0289  0.0284  0.0291  0.0290  0.0288  0.0288  0.0292  0.0289  0.0292  0.0284  0.0285
   -6.0184   15.7938   12.0874  -14.3708  -28.9766  -11.5730
    0.1703  -13.1880    5.3833   20.9504   10.5179  -24.0671
eta,q 0.97189 15.37578

---------------------------------------------------------------------
imgreg_4dfp /opt/freesurfer/average/711-2C_as_mni_average_305 /opt/freesurfer/average/711-2B_as_mni_average_305_mask talsrcimg_g11 none talsrcimg_to_711-2C_as_mni_average_305_t4 2311
---------------------------------------------------------------------

$Id: imgreg_4dfp.c,v 1.4 2010/02/27 01:41:53 nicks Exp $
/opt/freesurfer/average/711-2C_as_mni_average_305.4dfp.img
       256       256       256         1
  1.000000  1.000000  1.000000
orientation T byte_order littleendian
Reading image: /opt/freesurfer/average/711-2C_as_mni_average_305.4dfp.img
dimensions:      256       256       256
mmppix:       1.0000   -1.0000   -1.0000
center:     128.0000 -129.0000 -129.0000
/opt/freesurfer/average/711-2B_as_mni_average_305_mask.4dfp.img
       256       256       256         1
  1.000000  1.000000  1.000000
orientation T byte_order littleendian
Reading mask: /opt/freesurfer/average/711-2B_as_mni_average_305_mask.4dfp.img (2306576 pixels)
talsrcimg_g11.4dfp.img
       256       256       256         1
  1.000000  1.000000  1.000000
orientation T byte_order littleendian
Reading image: talsrcimg_g11.4dfp.img
dimensions:      256       256       256
mmppix:       1.0000   -1.0000   -1.0000
center:     128.0000 -129.0000 -129.0000
$Id: fimgreg.f,v 1.1 2007/05/04 22:33:59 nicks Exp $
image alignment mode   2311 decimal      907 hex
parameters
   -6.0184   15.7938   12.0874  -14.3708  -28.9766  -11.5730
    0.1703  -13.1880    5.3833   20.9504   10.5179  -24.0671
eta,q 0.97189 15.37578
niter,ni,del,rscale     5    3    5.0000    0.8000
parameters
   -5.9781   15.7814   12.0928  -14.7259  -29.0302  -11.8248
    0.2317  -13.2473    5.3946   20.7750   10.6728  -23.9772
eta,q 0.97183 15.36504
  0.0311  0.0309  0.0295  0.0308  0.0314  0.0310  0.0310  0.0323  0.0310  0.0316  0.0293  0.0295
  0.0294  0.0294  0.0287  0.0294  0.0298  0.0295  0.0294  0.0300  0.0294  0.0298  0.0287  0.0288
  0.0284  0.0284  0.0283  0.0285  0.0286  0.0285  0.0284  0.0287  0.0284  0.0286  0.0283  0.0283
  0.0281  0.0281  0.0281  0.0281  0.0281  0.0281  0.0282  0.0282  0.0282  0.0282  0.0282  0.0282
  0.0284  0.0284  0.0283  0.0284  0.0285  0.0284  0.0285  0.0285  0.0285  0.0286  0.0282  0.0283
  0.0293  0.0294  0.0287  0.0296  0.0297  0.0294  0.0294  0.0300  0.0295  0.0300  0.0286  0.0287
  0.0308  0.0310  0.0295  0.0324  0.0317  0.0322  0.0308  0.0327  0.0308  0.0324  0.0292  0.0294
niter,ni,del,rscale     4    3    5.0000    0.7000
parameters
   -6.0377   15.8307   12.0540  -14.5569  -29.0317  -11.7524
    0.2744  -13.3144    5.4063   20.8397   10.5920  -23.9820
eta,q 0.97186 15.36545
  0.0301  0.0305  0.0292  0.0306  0.0307  0.0305  0.0304  0.0313  0.0303  0.0311  0.0290  0.0291
  0.0290  0.0292  0.0286  0.0294  0.0294  0.0293  0.0291  0.0296  0.0291  0.0296  0.0285  0.0286
  0.0283  0.0285  0.0283  0.0285  0.0285  0.0285  0.0284  0.0285  0.0284  0.0286  0.0282  0.0283
  0.0282  0.0282  0.0282  0.0282  0.0281  0.0281  0.0281  0.0281  0.0281  0.0281  0.0281  0.0281
  0.0285  0.0284  0.0283  0.0283  0.0284  0.0283  0.0284  0.0284  0.0284  0.0284  0.0282  0.0283
  0.0293  0.0290  0.0287  0.0289  0.0293  0.0289  0.0291  0.0296  0.0291  0.0294  0.0285  0.0286
  0.0305  0.0302  0.0293  0.0304  0.0309  0.0306  0.0302  0.0317  0.0302  0.0311  0.0291  0.0291
niter,ni,del,rscale     3    3    5.0000    0.6000
parameters
   -6.0414   15.8174   12.0629  -14.4424  -29.0166  -11.6481
    0.2418  -13.2871    5.4059   20.8729   10.5322  -23.9989
eta,q 0.97188 15.36956
  0.0297  0.0297  0.0289  0.0299  0.0301  0.0299  0.0297  0.0306  0.0297  0.0304  0.0287  0.0289
  0.0288  0.0288  0.0285  0.0290  0.0291  0.0290  0.0288  0.0293  0.0288  0.0292  0.0284  0.0284
  0.0283  0.0283  0.0282  0.0284  0.0284  0.0284  0.0283  0.0285  0.0283  0.0285  0.0282  0.0282
  0.0281  0.0281  0.0281  0.0281  0.0281  0.0281  0.0281  0.0281  0.0281  0.0281  0.0281  0.0281
  0.0283  0.0283  0.0282  0.0282  0.0283  0.0283  0.0283  0.0283  0.0283  0.0283  0.0282  0.0282
  0.0289  0.0289  0.0285  0.0287  0.0290  0.0287  0.0289  0.0291  0.0289  0.0291  0.0284  0.0285
  0.0297  0.0298  0.0289  0.0298  0.0302  0.0298  0.0297  0.0306  0.0297  0.0304  0.0288  0.0289
niter,ni,del,rscale     2    3    5.0000    0.5000
parameters
   -6.0298   15.7996   12.0807  -14.3763  -29.0044  -11.5928
    0.2021  -13.2371    5.3936   20.9080   10.5158  -24.0312
eta,q 0.97188 15.37344
  0.0293  0.0292  0.0287  0.0293  0.0295  0.0293  0.0292  0.0298  0.0292  0.0297  0.0286  0.0286
  0.0286  0.0286  0.0284  0.0287  0.0288  0.0287  0.0286  0.0289  0.0286  0.0289  0.0283  0.0283
  0.0282  0.0282  0.0282  0.0283  0.0283  0.0283  0.0282  0.0284  0.0282  0.0284  0.0282  0.0282
  0.0281  0.0281  0.0281  0.0281  0.0281  0.0281  0.0281  0.0281  0.0281  0.0281  0.0281  0.0281
  0.0282  0.0283  0.0282  0.0282  0.0283  0.0282  0.0283  0.0282  0.0283  0.0283  0.0282  0.0282
  0.0286  0.0287  0.0284  0.0286  0.0287  0.0286  0.0287  0.0288  0.0286  0.0288  0.0283  0.0284
  0.0292  0.0293  0.0286  0.0293  0.0296  0.0293  0.0293  0.0298  0.0292  0.0297  0.0286  0.0286
niter,ni,del,rscale     1    3    5.0000    0.4000
parameters
   -6.0159   15.7874   12.0902  -14.3340  -28.9799  -11.5710
    0.1736  -13.1873    5.3834   20.9468   10.5075  -24.0542
eta,q 0.97189 15.37666
  0.0289  0.0288  0.0285  0.0289  0.0290  0.0288  0.0288  0.0292  0.0288  0.0292  0.0284  0.0284
  0.0284  0.0284  0.0283  0.0285  0.0286  0.0284  0.0284  0.0286  0.0284  0.0286  0.0282  0.0283
  0.0282  0.0282  0.0282  0.0282  0.0282  0.0282  0.0282  0.0283  0.0282  0.0283  0.0282  0.0281
  0.0281  0.0281  0.0281  0.0281  0.0281  0.0281  0.0281  0.0281  0.0281  0.0281  0.0281  0.0281
  0.0282  0.0282  0.0282  0.0282  0.0282  0.0282  0.0282  0.0282  0.0282  0.0282  0.0281  0.0282
  0.0284  0.0285  0.0283  0.0284  0.0285  0.0284  0.0285  0.0285  0.0284  0.0285  0.0282  0.0283
  0.0288  0.0289  0.0285  0.0288  0.0290  0.0288  0.0289  0.0292  0.0288  0.0291  0.0284  0.0285
registration optimization eta report
parameter search radius
    0.8000    0.8000    0.8000    2.4000    2.4000    2.4000
    2.4000    2.4000    2.4000    2.4000    2.4000    2.4000
100000*second partial in parameter space
      113.      114.       55.       13.       16.       13.
       13.       19.       13.       18.        5.        6.
  0.0289  0.0288  0.0285  0.0289  0.0290  0.0288  0.0288  0.0292  0.0288  0.0292  0.0284  0.0284
  0.0284  0.0284  0.0283  0.0285  0.0286  0.0284  0.0284  0.0286  0.0284  0.0286  0.0282  0.0283
  0.0282  0.0282  0.0282  0.0282  0.0282  0.0282  0.0282  0.0283  0.0282  0.0283  0.0282  0.0281
  0.0281  0.0281  0.0281  0.0281  0.0281  0.0281  0.0281  0.0281  0.0281  0.0281  0.0281  0.0281
  0.0282  0.0282  0.0282  0.0282  0.0282  0.0282  0.0282  0.0282  0.0282  0.0282  0.0281  0.0282
  0.0284  0.0285  0.0283  0.0284  0.0285  0.0284  0.0285  0.0285  0.0284  0.0285  0.0282  0.0283
  0.0288  0.0289  0.0285  0.0288  0.0290  0.0288  0.0289  0.0292  0.0288  0.0291  0.0284  0.0285
   -6.0159   15.7874   12.0902  -14.3340  -28.9799  -11.5710
    0.1736  -13.1873    5.3834   20.9468   10.5075  -24.0542
eta,q 0.97189 15.37666

---------------------------------------------------------------------
compute_vox2vox talsrcimg talsrcimg_to_711-2C_as_mni_average_305_t4 /opt/freesurfer/average/711-2C_as_mni_average_305
---------------------------------------------------------------------

$Id: compute_vox2vox.c,v 1.3 2010/02/27 01:41:53 nicks Exp $
Reading: talsrcimg.4dfp.ifh
Reading: talsrcimg_to_711-2C_as_mni_average_305_t4
Reading: /opt/freesurfer/average/711-2C_as_mni_average_305.4dfp.ifh
Writing: talsrcimg_to_711-2C_as_mni_average_305_t4_vox2vox.txt

start time Mon Sep 12 16:26:14 UTC 2016
end		time Mon Sep 12 16:26:40 UTC 2016

mpr2mni305 success

avi2talxfm orig_nu.mgz /opt/freesurfer/average/mni305.cor.mgz talsrcimg_to_711-2C_as_mni_average_305_t4_vox2vox.txt transforms/talairach.auto.xfm
avi2talxfm done
 
 
Mon Sep 12 16:26:40 UTC 2016
talairach_avi done
