/scratch/users/chrisgor/ds114_test1/derivatives/freesurfer/sub-02/mri
/opt/freesurfer/bin/talairach_avi
--i orig_nu.mgz --xfm transforms/talairach.auto.xfm
$Id: talairach_avi,v 1.9 2011/03/02 18:38:06 nicks Exp $
Linux sh-0-27.local 2.6.32-573.12.1.el6.x86_64 #1 SMP Tue Dec 15 21:19:08 UTC 2015 x86_64 x86_64 x86_64 GNU/Linux
Mon Sep 12 16:21:10 UTC 2016
mri_convert orig_nu.mgz talsrcimg.img 
$Id: mri_convert.c,v 1.179.2.7 2012/09/05 21:55:16 mreuter Exp $
reading from orig_nu.mgz...
TR=9.62, TE=0.00, TI=0.00, flip angle=0.00
i_ras = (-1, 0, -1.86265e-09)
j_ras = (1.86265e-09, 1.45519e-11, -1)
k_ras = (-3.11857e-10, 1, 6.13909e-12)
writing to talsrcimg.img...
Analyze Output Matrix
-1.000   0.000  -0.000   127.048;
 0.000   0.000   1.000  -106.935;
-0.000  -1.000   0.000   120.631;
 0.000   0.000   0.000   1.000;
--------------------
INFO: set hdr.hist.orient to -1
mpr2mni305 talsrcimg
Mon Sep 12 16:21:10 UTC 2016
/opt/freesurfer/bin/mpr2mni305 talsrcimg
$Id: mpr2mni305,v 1.4 2009/06/03 16:01:38 nicks Exp $
target=711-2C_as_mni_average_305

---------------------------------------------------------------------
analyzeto4dfp talsrcimg -O0 -y
---------------------------------------------------------------------

$Id: ifh2hdr.c,v 1.3 2007/05/05 10:45:03 nicks Exp $
Mon Sep 12 16:21:11 2016
Writing: talsrcimg.4dfp.hdr
$Id: analyzeto4dfp.c,v 1.2 2007/05/05 00:00:06 nicks Exp $
Reading: talsrcimg.hdr
header size 348 bytes
hdr.dime.datatype	offset=70	value=2
hdr.dime.bitpix		offset=72	value=8
hdr.hist.orient		offset=252	value=-1
dimensionality     4
dimensions       256       256       256         1
Reading: talsrcimg.img
Writing: talsrcimg.4dfp.img
Writing: talsrcimg.4dfp.ifh
ifh2hdr talsrcimg -r0to255
ori=2

---------------------------------------------------------------------
gauss_4dfp talsrcimg 1.1
---------------------------------------------------------------------

$Id: gauss_4dfp.c,v 1.3 2009/05/15 21:43:46 nicks Exp $
Reading: talsrcimg.4dfp.img
Writing: talsrcimg_g11.4dfp.img
image dimensions 256 256 256 padded to 288 288 288
processing volume 1$Id: ifh2hdr.c,v 1.3 2007/05/05 10:45:03 nicks Exp $
Mon Sep 12 16:21:17 2016
Writing: talsrcimg_g11.4dfp.hdr

Writing: talsrcimg_g11.4dfp.ifh
including: talsrcimg.4dfp.img.rec in talsrcimg_g11.4dfp.img.rec

---------------------------------------------------------------------
imgreg_4dfp /opt/freesurfer/average/711-2C_as_mni_average_305 none talsrcimg_g11 none talsrcimg_to_711-2C_as_mni_average_305_t4 4355
---------------------------------------------------------------------

$Id: imgreg_4dfp.c,v 1.4 2010/02/27 01:41:53 nicks Exp $
/opt/freesurfer/average/711-2C_as_mni_average_305.4dfp.img
       256       256       256         1
  1.000000  1.000000  1.000000
orientation T byte_order littleendian
Reading image: /opt/freesurfer/average/711-2C_as_mni_average_305.4dfp.img
dimensions:      256       256       256
mmppix:       1.0000   -1.0000   -1.0000
center:     128.0000 -129.0000 -129.0000
talsrcimg_g11.4dfp.img
       256       256       256         1
  1.000000  1.000000  1.000000
orientation T byte_order littleendian
Reading image: talsrcimg_g11.4dfp.img
dimensions:      256       256       256
mmppix:       1.0000   -1.0000   -1.0000
center:     128.0000 -129.0000 -129.0000
t4_read: talsrcimg_to_711-2C_as_mni_average_305_t4 read error
t4_read: transform initialized to I4
rotation matrix determinant  1.000000
image alignment mode   4355 decimal     1103 hex
   -7.5000  -45.0000  -45.0000 6983.6709   15.7640
    0.0000  -45.0000  -45.0000 7215.9541   15.7205
    7.5000  -45.0000  -45.0000 6937.8052   15.7013
   -7.5000  -37.5000  -45.0000 7394.1025   15.4764
    0.0000  -37.5000  -45.0000 7659.0698   15.4400
    7.5000  -37.5000  -45.0000 7350.3228   15.4169
   -7.5000  -30.0000  -45.0000 8151.7002   15.3524
    0.0000  -30.0000  -45.0000 8441.4053   15.3267
    7.5000  -30.0000  -45.0000 8098.4062   15.3065
   -7.5000  -22.5000  -45.0000 8894.4795   15.2567
    0.0000  -22.5000  -45.0000 9225.9961   15.2354
    7.5000  -22.5000  -45.0000 8843.1270   15.2233
   -7.5000  -15.0000  -45.0000 9510.6494   15.1697
    0.0000  -15.0000  -45.0000 9862.9365   15.1444
    7.5000  -15.0000  -45.0000 9440.4365   15.1374
   -7.5000   -7.5000  -45.000010036.9785   15.0716
    0.0000   -7.5000  -45.000010405.3896   15.0382
    7.5000   -7.5000  -45.0000 9916.5381   15.0286
   -7.5000    0.0000  -45.000010459.0566   15.0260
    0.0000    0.0000  -45.000010834.9014   14.9877
    7.5000    0.0000  -45.000010320.9561   14.9703
   -7.5000    7.5000  -45.000010053.2549   14.9958
    0.0000    7.5000  -45.000010435.7607   14.9624
    7.5000    7.5000  -45.0000 9917.4775   14.9404
   -7.5000   15.0000  -45.0000 9583.4287   14.9870
    0.0000   15.0000  -45.0000 9918.6826   14.9631
    7.5000   15.0000  -45.0000 9463.0430   14.9438
   -7.5000   22.5000  -45.0000 9030.8242   15.0101
    0.0000   22.5000  -45.0000 9376.4551   14.9899
    7.5000   22.5000  -45.0000 8945.4990   14.9782
   -7.5000   30.0000  -45.0000 8439.9951   14.8920
    0.0000   30.0000  -45.0000 8740.8076   14.8678
    7.5000   30.0000  -45.0000 8348.2021   14.8609
   -7.5000   37.5000  -45.0000 8155.5522   15.1015
    0.0000   37.5000  -45.0000 8431.5186   15.0662
    7.5000   37.5000  -45.0000 8067.2603   15.0550
   -7.5000   45.0000  -45.0000 7625.2993   14.9613
    0.0000   45.0000  -45.0000 7874.3252   14.9200
    7.5000   45.0000  -45.0000 7558.9956   14.9017
   -7.5000  -45.0000  -37.5000 7312.6929   15.5346
    0.0000  -45.0000  -37.5000 7575.0137   15.4948
    7.5000  -45.0000  -37.5000 7284.7334   15.4850
   -7.5000  -37.5000  -37.5000 7748.0063   15.2507
    0.0000  -37.5000  -37.5000 8052.4199   15.2217
    7.5000  -37.5000  -37.5000 7719.3413   15.2090
   -7.5000  -30.0000  -37.5000 8565.9111   15.1298
    0.0000  -30.0000  -37.5000 8923.5898   15.1122
    7.5000  -30.0000  -37.5000 8525.5215   15.1011
   -7.5000  -22.5000  -37.5000 9388.2266   15.0359
    0.0000  -22.5000  -37.5000 9799.5234   15.0191
    7.5000  -22.5000  -37.5000 9354.2109   15.0133
   -7.5000  -15.0000  -37.500010076.5010   14.9452
    0.0000  -15.0000  -37.500010516.5703   14.9201
    7.5000  -15.0000  -37.500010038.5234   14.9181
   -7.5000   -7.5000  -37.500010631.3750   14.8425
    0.0000   -7.5000  -37.500011093.6455   14.8089
    7.5000   -7.5000  -37.500010561.2061   14.8053
   -7.5000    0.0000  -37.500011044.6279   14.7961
    0.0000    0.0000  -37.500011555.9951   14.7610
    7.5000    0.0000  -37.500010943.0596   14.7522
   -7.5000    7.5000  -37.500010624.7041   14.7673
    0.0000    7.5000  -37.500011108.5039   14.7410
    7.5000    7.5000  -37.500010524.2617   14.7289
   -7.5000   15.0000  -37.500010104.2607   14.7628
    0.0000   15.0000  -37.500010558.1494   14.7466
    7.5000   15.0000  -37.500010009.7949   14.7362
   -7.5000   22.5000  -37.5000 9508.0205   14.7884
    0.0000   22.5000  -37.5000 9961.1787   14.7726
    7.5000   22.5000  -37.5000 9439.2842   14.7672
   -7.5000   30.0000  -37.5000 8891.5205   14.6683
    0.0000   30.0000  -37.5000 9304.4717   14.6443
    7.5000   30.0000  -37.5000 8842.0156   14.6423
   -7.5000   37.5000  -37.5000 8644.3594   14.8639
    0.0000   37.5000  -37.5000 9028.6709   14.8290
    7.5000   37.5000  -37.5000 8571.8223   14.8249
   -7.5000   45.0000  -37.5000 8068.3511   14.7181
    0.0000   45.0000  -37.5000 8438.6797   14.6809
    7.5000   45.0000  -37.5000 8023.7588   14.6727
   -7.5000  -45.0000  -30.0000 7812.9082   16.0212
    0.0000  -45.0000  -30.0000 8111.0298   15.9885
    7.5000  -45.0000  -30.0000 7806.3643   15.9868
   -7.5000  -37.5000  -30.0000 8301.5449   15.7230
    0.0000  -37.5000  -30.0000 8640.7461   15.7022
    7.5000  -37.5000  -30.0000 8287.2881   15.7007
   -7.5000  -30.0000  -30.0000 9197.9551   15.6033
    0.0000  -30.0000  -30.0000 9591.8066   15.5909
    7.5000  -30.0000  -30.0000 9178.5830   15.5898
   -7.5000  -22.5000  -30.000010101.5723   15.5167
    0.0000  -22.5000  -30.000010528.9609   15.5008
    7.5000  -22.5000  -30.000010055.3184   15.4996
   -7.5000  -15.0000  -30.000010848.1982   15.4250
    0.0000  -15.0000  -30.000011311.2734   15.3990
    7.5000  -15.0000  -30.000010758.7637   15.3978
   -7.5000   -7.5000  -30.000011432.3984   15.3063
    0.0000   -7.5000  -30.000011942.6084   15.2747
    7.5000   -7.5000  -30.000011329.6670   15.2734
   -7.5000    0.0000  -30.000011861.0928   15.2466
    0.0000    0.0000  -30.000012456.3066   15.2178
    7.5000    0.0000  -30.000011750.4785   15.2160
   -7.5000    7.5000  -30.000011403.4219   15.2141
    0.0000    7.5000  -30.000011972.2422   15.1953
    7.5000    7.5000  -30.000011331.1133   15.1938
   -7.5000   15.0000  -30.000010840.1914   15.2163
    0.0000   15.0000  -30.000011392.9287   15.2053
    7.5000   15.0000  -30.000010782.3760   15.2043
   -7.5000   22.5000  -30.000010216.8975   15.2535
    0.0000   22.5000  -30.000010765.2822   15.2386
    7.5000   22.5000  -30.000010151.0957   15.2377
   -7.5000   30.0000  -30.0000 9564.3379   15.1356
    0.0000   30.0000  -30.000010086.8154   15.1109
    7.5000   30.0000  -30.0000 9532.7188   15.1096
   -7.5000   37.5000  -30.0000 9297.3477   15.3242
    0.0000   37.5000  -30.0000 9817.0771   15.2914
    7.5000   37.5000  -30.0000 9250.8340   15.2900
   -7.5000   45.0000  -30.0000 8663.5566   15.1704
    0.0000   45.0000  -30.0000 9140.9678   15.1392
    7.5000   45.0000  -30.0000 8644.6328   15.1385
   -7.5000  -45.0000  -22.5000 8373.8789   16.4893
    0.0000  -45.0000  -22.5000 8696.9707   16.4571
    7.5000  -45.0000  -22.5000 8352.7451   16.4567
   -7.5000  -37.5000  -22.5000 8926.5547   16.1780
    0.0000  -37.5000  -22.5000 9299.6104   16.1542
    7.5000  -37.5000  -22.5000 8894.9863   16.1556
   -7.5000  -30.0000  -22.5000 9920.3848   16.0620
    0.0000  -30.0000  -22.500010344.5205   16.0431
    7.5000  -30.0000  -22.5000 9873.7568   16.0431
   -7.5000  -22.5000  -22.500010918.8809   15.9831
    0.0000  -22.5000  -22.500011375.9287   15.9610
    7.5000  -22.5000  -22.500010819.4287   15.9573
   -7.5000  -15.0000  -22.500011706.7979   15.8888
    0.0000  -15.0000  -22.500012200.2549   15.8600
    7.5000  -15.0000  -22.500011541.9541   15.8547
   -7.5000   -7.5000  -22.500012335.6748   15.7500
    0.0000   -7.5000  -22.500012847.9990   15.7188
    7.5000   -7.5000  -22.500012166.7646   15.7155
   -7.5000    0.0000  -22.500012806.6309   15.6745
    0.0000    0.0000  -22.500013416.7549   15.6462
    7.5000    0.0000  -22.500012631.1074   15.6457
   -7.5000    7.5000  -22.500012338.2725   15.6394
    0.0000    7.5000  -22.500012950.8018   15.6177
    7.5000    7.5000  -22.500012177.3457   15.6188
   -7.5000   15.0000  -22.500011703.4736   15.6509
    0.0000   15.0000  -22.500012298.7861   15.6334
    7.5000   15.0000  -22.500011553.7559   15.6335
   -7.5000   22.5000  -22.500011044.3398   15.7014
    0.0000   22.5000  -22.500011626.9336   15.6802
    7.5000   22.5000  -22.500010900.0908   15.6768
   -7.5000   30.0000  -22.500010330.7070   15.5871
    0.0000   30.0000  -22.500010912.3896   15.5596
    7.5000   30.0000  -22.500010221.4277   15.5542
   -7.5000   37.5000  -22.500010014.7773   15.7702
    0.0000   37.5000  -22.500010618.4336   15.7374
    7.5000   37.5000  -22.5000 9954.5117   15.7332
   -7.5000   45.0000  -22.5000 9298.5508   15.6078
    0.0000   45.0000  -22.5000 9872.4941   15.5758
    7.5000   45.0000  -22.5000 9294.1963   15.5754
   -7.5000  -45.0000  -15.0000 9006.4434   16.8480
    0.0000  -45.0000  -15.0000 9351.0801   16.8114
    7.5000  -45.0000  -15.0000 8905.9150   16.8040
   -7.5000  -37.5000  -15.0000 9636.6973   16.5260
    0.0000  -37.5000  -15.000010037.6006   16.4938
    7.5000  -37.5000  -15.0000 9514.0342   16.4866
   -7.5000  -30.0000  -15.000010709.1377   16.4052
    0.0000  -30.0000  -15.000011169.5088   16.3763
    7.5000  -30.0000  -15.000010551.6689   16.3674
   -7.5000  -22.5000  -15.000011773.8008   16.3227
    0.0000  -22.5000  -15.000012280.3262   16.2943
    7.5000  -22.5000  -15.000011569.5713   16.2826
   -7.5000  -15.0000  -15.000012639.3525   16.2236
    0.0000  -15.0000  -15.000013173.3184   16.1933
    7.5000  -15.0000  -15.000012351.6514   16.1816
   -7.5000   -7.5000  -15.000013340.3037   16.0750
    0.0000   -7.5000  -15.000013864.0420   16.0433
    7.5000   -7.5000  -15.000013005.4512   16.0347
   -7.5000    0.0000  -15.000013882.7041   15.9941
    0.0000    0.0000  -15.000014509.4131   15.9619
    7.5000    0.0000  -15.000013531.9873   15.9553
   -7.5000    7.5000  -15.000013401.1865   15.9574
    0.0000    7.5000  -15.000014029.9697   15.9275
    7.5000    7.5000  -15.000013031.2197   15.9207
   -7.5000   15.0000  -15.000012727.7480   15.9702
    0.0000   15.0000  -15.000013367.2568   15.9430
    7.5000   15.0000  -15.000012387.1992   15.9344
   -7.5000   22.5000  -15.000011981.8711   16.0232
    0.0000   22.5000  -15.000012612.6201   15.9959
    7.5000   22.5000  -15.000011701.5029   15.9847
   -7.5000   30.0000  -15.000011118.9062   15.9125
    0.0000   30.0000  -15.000011773.2129   15.8834
    7.5000   30.0000  -15.000010943.0850   15.8717
   -7.5000   37.5000  -15.000010780.8887   16.1001
    0.0000   37.5000  -15.000011433.9023   16.0663
    7.5000   37.5000  -15.000010654.7891   16.0556
   -7.5000   45.0000  -15.000010026.1816   15.9383
    0.0000   45.0000  -15.000010667.4219   15.9014
    7.5000   45.0000  -15.0000 9969.6348   15.8936
   -7.5000  -45.0000   -7.5000 9693.6689   17.0164
    0.0000  -45.0000   -7.500010091.9775   16.9743
    7.5000  -45.0000   -7.5000 9529.5537   16.9569
   -7.5000  -37.5000   -7.500010366.4990   16.6901
    0.0000  -37.5000   -7.500010815.6963   16.6519
    7.5000  -37.5000   -7.500010173.4092   16.6318
   -7.5000  -30.0000   -7.500011552.3906   16.5522
    0.0000  -30.0000   -7.500012062.1074   16.5206
    7.5000  -30.0000   -7.500011328.0020   16.5009
   -7.5000  -22.5000   -7.500012711.1123   16.4475
    0.0000  -22.5000   -7.500013247.3203   16.4199
    7.5000  -22.5000   -7.500012415.3311   16.4036
   -7.5000  -15.0000   -7.500013637.2676   16.3386
    0.0000  -15.0000   -7.500014229.9463   16.3102
    7.5000  -15.0000   -7.500013254.7539   16.2972
   -7.5000   -7.5000   -7.500014459.0693   16.1986
    0.0000   -7.5000   -7.500015049.8037   16.1656
    7.5000   -7.5000   -7.500013965.5303   16.1534
   -7.5000    0.0000   -7.500015141.9961   16.1316
    0.0000    0.0000   -7.500015791.1191   16.0944
    7.5000    0.0000   -7.500014550.4424   16.0789
   -7.5000    7.5000   -7.500014603.7949   16.0969
    0.0000    7.5000   -7.500015276.9707   16.0614
    7.5000    7.5000   -7.500014022.8438   16.0425
   -7.5000   15.0000   -7.500013863.4961   16.0989
    0.0000   15.0000   -7.500014555.7207   16.0691
    7.5000   15.0000   -7.500013353.1631   16.0503
   -7.5000   22.5000   -7.500013005.6104   16.1346
    0.0000   22.5000   -7.500013698.6719   16.1080
    7.5000   22.5000   -7.500012601.8340   16.0923
   -7.5000   30.0000   -7.500012057.6670   16.0212
    0.0000   30.0000   -7.500012720.9404   15.9939
    7.5000   30.0000   -7.500011747.8027   15.9810
   -7.5000   37.5000   -7.500011653.9316   16.2253
    0.0000   37.5000   -7.500012334.7715   16.1901
    7.5000   37.5000   -7.500011403.6748   16.1754
   -7.5000   45.0000   -7.500010825.6572   16.0792
    0.0000   45.0000   -7.500011511.6377   16.0378
    7.5000   45.0000   -7.500010676.0547   16.0206
   -7.5000  -45.0000    0.000010259.0225   17.0535
    0.0000  -45.0000    0.000010728.9609   17.0102
    7.5000  -45.0000    0.000010092.9570   16.9901
   -7.5000  -37.5000    0.000010968.6143   16.7223
    0.0000  -37.5000    0.000011480.2568   16.6862
    7.5000  -37.5000    0.000010756.5938   16.6620
   -7.5000  -30.0000    0.000012213.6562   16.5654
    0.0000  -30.0000    0.000012776.6006   16.5402
    7.5000  -30.0000    0.000011996.3193   16.5186
   -7.5000  -22.5000    0.000013445.8467   16.4394
    0.0000  -22.5000    0.000014072.7100   16.4182
    7.5000  -22.5000    0.000013171.5664   16.4045
   -7.5000  -15.0000    0.000014460.9805   16.3232
    0.0000  -15.0000    0.000015114.8643   16.2975
    7.5000  -15.0000    0.000014085.9824   16.2891
   -7.5000   -7.5000    0.000015488.9209   16.1959
    0.0000   -7.5000    0.000016186.1074   16.1621
    7.5000   -7.5000    0.000014896.6602   16.1517
   -7.5000    0.0000    0.000016379.5156   16.1454
    0.0000    0.0000    0.000017075.9102   16.1070
    7.5000    0.0000    0.000015565.8779   16.0892
   -7.5000    7.5000    0.000015714.7373   16.1105
    0.0000    7.5000    0.000016432.1055   16.0772
    7.5000    7.5000    0.000014948.4141   16.0546
   -7.5000   15.0000    0.000014824.1094   16.0992
    0.0000   15.0000    0.000015574.9189   16.0755
    7.5000   15.0000    0.000014231.0488   16.0550
   -7.5000   22.5000    0.000013889.6348   16.1188
    0.0000   22.5000    0.000014596.5801   16.0985
    7.5000   22.5000    0.000013406.2520   16.0853
   -7.5000   30.0000    0.000012895.7617   16.0035
    0.0000   30.0000    0.000013556.2676   15.9789
    7.5000   30.0000    0.000012487.6738   15.9704
   -7.5000   37.5000    0.000012497.2822   16.2220
    0.0000   37.5000    0.000013161.4629   16.1862
    7.5000   37.5000    0.000012118.3447   16.1740
   -7.5000   45.0000    0.000011606.6797   16.0911
    0.0000   45.0000    0.000012310.8027   16.0496
    7.5000   45.0000    0.000011326.9434   16.0309
   -7.5000  -45.0000    7.5000 9988.9951   17.0030
    0.0000  -45.0000    7.500010442.7432   16.9633
    7.5000  -45.0000    7.5000 9867.2549   16.9521
   -7.5000  -37.5000    7.500010645.4111   16.6719
    0.0000  -37.5000    7.500011140.7363   16.6437
    7.5000  -37.5000    7.500010504.7275   16.6299
   -7.5000  -30.0000    7.500011836.5859   16.5164
    0.0000  -30.0000    7.500012394.2139   16.4996
    7.5000  -30.0000    7.500011676.2881   16.4881
   -7.5000  -22.5000    7.500013037.8135   16.3935
    0.0000  -22.5000    7.500013657.0889   16.3767
    7.5000  -22.5000    7.500012858.5322   16.3707
   -7.5000  -15.0000    7.500014231.8457   16.2791
    0.0000  -15.0000    7.500014903.7021   16.2530
    7.5000  -15.0000    7.500013923.5205   16.2504
   -7.5000   -7.5000    7.500015522.6299   16.1536
    0.0000   -7.5000    7.500016249.6846   16.1190
    7.5000   -7.5000    7.500014866.2197   16.1143
   -7.5000    0.0000    7.500016396.4316   16.1035
    0.0000    0.0000    7.500017090.1914   16.0682
    7.5000    0.0000    7.500015470.7158   16.0582
   -7.5000    7.5000    7.500015571.9570   16.0679
    0.0000    7.5000    7.500016214.4648   16.0420
    7.5000    7.5000    7.500014787.3691   16.0290
   -7.5000   15.0000    7.500014627.7812   16.0571
    0.0000   15.0000    7.500015314.4463   16.0415
    7.5000   15.0000    7.500014043.4980   16.0306
   -7.5000   22.5000    7.500013675.6982   16.0781
    0.0000   22.5000    7.500014368.9678   16.0620
    7.5000   22.5000    7.500013229.6260   16.0563
   -7.5000   30.0000    7.500012742.5420   15.9619
    0.0000   30.0000    7.500013356.3086   15.9368
    7.5000   30.0000    7.500012319.9629   15.9341
   -7.5000   37.5000    7.500012393.5986   16.1747
    0.0000   37.5000    7.500012976.9922   16.1387
    7.5000   37.5000    7.500011975.4883   16.1335
   -7.5000   45.0000    7.500011517.3955   16.0412
    0.0000   45.0000    7.500012124.1260   16.0037
    7.5000   45.0000    7.500011170.8945   15.9943
   -7.5000  -45.0000   15.0000 9542.2998   16.9876
    0.0000  -45.0000   15.0000 9974.1172   16.9524
    7.5000  -45.0000   15.0000 9485.9463   16.9506
   -7.5000  -37.5000   15.000010169.7637   16.6581
    0.0000  -37.5000   15.000010623.7510   16.6352
    7.5000  -37.5000   15.000010107.5215   16.6338
   -7.5000  -30.0000   15.000011297.3955   16.5166
    0.0000  -30.0000   15.000011783.0918   16.5026
    7.5000  -30.0000   15.000011209.4570   16.5017
   -7.5000  -22.5000   15.000012505.5117   16.4094
    0.0000  -22.5000   15.000013046.8545   16.3916
    7.5000  -22.5000   15.000012382.9932   16.3908
   -7.5000  -15.0000   15.000013903.3408   16.2972
    0.0000  -15.0000   15.000014570.4414   16.2686
    7.5000  -15.0000   15.000013587.1475   16.2676
   -7.5000   -7.5000   15.000015407.5635   16.1580
    0.0000   -7.5000   15.000016180.4502   16.1236
    7.5000   -7.5000   15.000014679.9219   16.1223
   -7.5000    0.0000   15.000015987.4111   16.0953
    0.0000    0.0000   15.000016562.2461   16.0639
    7.5000    0.0000   15.000015160.9756   16.0620
   -7.5000    7.5000   15.000014991.0410   16.0606
    0.0000    7.5000   15.000015461.7939   16.0396
    7.5000    7.5000   15.000014383.5791   16.0381
   -7.5000   15.0000   15.000014151.0762   16.0618
    0.0000   15.0000   15.000014689.3574   16.0488
    7.5000   15.0000   15.000013693.6553   16.0480
   -7.5000   22.5000   15.000013335.2549   16.0964
    0.0000   22.5000   15.000013880.3506   16.0794
    7.5000   22.5000   15.000012916.1592   16.0787
   -7.5000   30.0000   15.000012486.0811   15.9796
    0.0000   30.0000   15.000012993.6006   15.9523
    7.5000   30.0000   15.000012070.3574   15.9511
   -7.5000   37.5000   15.000012125.0859   16.1755
    0.0000   37.5000   15.000012646.7734   16.1398
    7.5000   37.5000   15.000011712.3730   16.1384
   -7.5000   45.0000   15.000011307.0332   16.0243
    0.0000   45.0000   15.000011852.7744   15.9904
    7.5000   45.0000   15.000010928.6553   15.9896
   -7.5000  -45.0000   22.5000 9028.6924   17.0810
    0.0000  -45.0000   22.5000 9418.2637   17.0472
    7.5000  -45.0000   22.5000 9017.2500   17.0465
   -7.5000  -37.5000   22.5000 9617.9316   16.7491
    0.0000  -37.5000   22.500010060.8848   16.7240
    7.5000  -37.5000   22.5000 9617.8984   16.7251
   -7.5000  -30.0000   22.500010729.5986   16.6201
    0.0000  -30.0000   22.500011242.8613   16.6000
    7.5000  -30.0000   22.500010688.6641   16.5998
   -7.5000  -22.5000   22.500011954.3506   16.5281
    0.0000  -22.5000   22.500012504.1719   16.5047
    7.5000  -22.5000   22.500011855.7012   16.5007
   -7.5000  -15.0000   22.500013296.0898   16.4184
    0.0000  -15.0000   22.500013994.1621   16.3882
    7.5000  -15.0000   22.500013045.1553   16.3825
   -7.5000   -7.5000   22.500014625.3408   16.2633
    0.0000   -7.5000   22.500015516.0908   16.2305
    7.5000   -7.5000   22.500014221.5625   16.2268
   -7.5000    0.0000   22.500015214.5947   16.1847
    0.0000    0.0000   22.500015838.3516   16.1548
    7.5000    0.0000   22.500014933.3398   16.1539
   -7.5000    7.5000   22.500014386.4727   16.1494
    0.0000    7.5000   22.500014761.8760   16.1262
    7.5000    7.5000   22.500014169.1943   16.1270
   -7.5000   15.0000   22.500013784.9805   16.1621
    0.0000   15.0000   22.500014163.2568   16.1433
    7.5000   15.0000   22.500013419.0859   16.1431
   -7.5000   22.5000   22.500013009.0664   16.2117
    0.0000   22.5000   22.500013473.7715   16.1893
    7.5000   22.5000   22.500012601.8174   16.1855
   -7.5000   30.0000   22.500012092.4141   16.0974
    0.0000   30.0000   22.500012619.8291   16.0684
    7.5000   30.0000   22.500011696.0615   16.0626
   -7.5000   37.5000   22.500011675.2598   16.2820
    0.0000   37.5000   22.500012253.2764   16.2476
    7.5000   37.5000   22.500011276.5371   16.2428
   -7.5000   45.0000   22.500010862.8174   16.1120
    0.0000   45.0000   22.500011472.1152   16.0783
    7.5000   45.0000   22.500010487.6201   16.0775
   -7.5000  -45.0000   30.0000 8536.2402   17.2765
    0.0000  -45.0000   30.0000 8935.6562   17.2392
    7.5000  -45.0000   30.0000 8540.3857   17.2312
   -7.5000  -37.5000   30.0000 9118.5195   16.9399
    0.0000  -37.5000   30.0000 9522.9961   16.9071
    7.5000  -37.5000   30.0000 9171.6240   16.8996
   -7.5000  -30.0000   30.000010201.9814   16.8123
    0.0000  -30.0000   30.000010632.6133   16.7832
    7.5000  -30.0000   30.000010261.0820   16.7741
   -7.5000  -22.5000   30.000011362.8916   16.7222
    0.0000  -22.5000   30.000011827.2695   16.6939
    7.5000  -22.5000   30.000011387.2305   16.6820
   -7.5000  -15.0000   30.000012550.9854   16.6123
    0.0000  -15.0000   30.000013135.2432   16.5821
    7.5000  -15.0000   30.000012445.8555   16.5700
   -7.5000   -7.5000   30.000013588.9336   16.4510
    0.0000   -7.5000   30.000014369.7773   16.4189
    7.5000   -7.5000   30.000013406.4297   16.4097
   -7.5000    0.0000   30.000014160.9736   16.3662
    0.0000    0.0000   30.000015002.4834   16.3335
    7.5000    0.0000   30.000014129.4785   16.3262
   -7.5000    7.5000   30.000013624.0205   16.3296
    0.0000    7.5000   30.000014455.0293   16.2993
    7.5000    7.5000   30.000013601.6318   16.2920
   -7.5000   15.0000   30.000013018.4951   16.3449
    0.0000   15.0000   30.000013821.7529   16.3176
    7.5000   15.0000   30.000012820.0947   16.3088
   -7.5000   22.5000   30.000012241.1113   16.3988
    0.0000   22.5000   30.000012977.6016   16.3715
    7.5000   22.5000   30.000011968.4570   16.3601
   -7.5000   30.0000   30.000011344.4141   16.2868
    0.0000   30.0000   30.000011987.4014   16.2577
    7.5000   30.0000   30.000011056.3965   16.2456
   -7.5000   37.5000   30.000010963.0586   16.4738
    0.0000   37.5000   30.000011543.2373   16.4397
    7.5000   37.5000   30.000010667.8652   16.4283
   -7.5000   45.0000   30.000010225.5449   16.2953
    0.0000   45.0000   30.000010749.8887   16.2578
    7.5000   45.0000   30.0000 9956.8145   16.2493
   -7.5000  -45.0000   37.5000 8407.2266   17.4819
    0.0000  -45.0000   37.5000 8751.4814   17.4399
    7.5000  -45.0000   37.5000 8392.0430   17.4214
   -7.5000  -37.5000   37.5000 8984.9932   17.1427
    0.0000  -37.5000   37.5000 9369.1963   17.1046
    7.5000  -37.5000   37.5000 9013.7314   17.0834
   -7.5000  -30.0000   37.500010045.4785   17.0026
    0.0000  -30.0000   37.500010529.8799   16.9718
    7.5000  -30.0000   37.500010066.9082   16.9514
   -7.5000  -22.5000   37.500011132.8477   16.8957
    0.0000  -22.5000   37.500011715.3750   16.8695
    7.5000  -22.5000   37.500011098.0479   16.8528
   -7.5000  -15.0000   37.500012212.9072   16.7800
    0.0000  -15.0000   37.500012897.6504   16.7530
    7.5000  -15.0000   37.500012051.9248   16.7397
   -7.5000   -7.5000   37.500013063.4160   16.6290
    0.0000   -7.5000   37.500013834.8857   16.5969
    7.5000   -7.5000   37.500012846.0986   16.5842
   -7.5000    0.0000   37.500013592.0771   16.5572
    0.0000    0.0000   37.500014358.7432   16.5204
    7.5000    0.0000   37.500013418.3701   16.5042
   -7.5000    7.5000   37.500013114.0830   16.5225
    0.0000    7.5000   37.500013858.6465   16.4874
    7.5000    7.5000   37.500012942.9824   16.4676
   -7.5000   15.0000   37.500012524.0039   16.5278
    0.0000   15.0000   37.500013270.2686   16.4988
    7.5000   15.0000   37.500012339.2344   16.4794
   -7.5000   22.5000   37.500011783.4551   16.5672
    0.0000   22.5000   37.500012475.2285   16.5419
    7.5000   22.5000   37.500011620.6729   16.5259
   -7.5000   30.0000   37.500010981.9395   16.4519
    0.0000   30.0000   37.500011574.8213   16.4259
    7.5000   30.0000   37.500010789.1953   16.4128
   -7.5000   37.5000   37.500010668.3281   16.6554
    0.0000   37.5000   37.500011239.9014   16.6209
    7.5000   37.5000   37.500010469.6133   16.6057
   -7.5000   45.0000   37.5000 9954.4336   16.4874
    0.0000   45.0000   37.500010468.6182   16.4462
    7.5000   45.0000   37.5000 9771.9219   16.4282
   -7.5000  -45.0000   45.0000 7768.1816   17.5562
    0.0000  -45.0000   45.0000 8132.9873   17.5136
    7.5000  -45.0000   45.0000 7730.1328   17.4920
   -7.5000  -37.5000   45.0000 8310.5635   17.2192
    0.0000  -37.5000   45.0000 8706.9424   17.1841
    7.5000  -37.5000   45.0000 8285.3057   17.1583
   -7.5000  -30.0000   45.0000 9246.2695   17.0696
    0.0000  -30.0000   45.0000 9716.5918   17.0463
    7.5000  -30.0000   45.0000 9201.8291   17.0235
   -7.5000  -22.5000   45.000010183.8555   16.9494
    0.0000  -22.5000   45.000010692.2959   16.9307
    7.5000  -22.5000   45.000010105.1182   16.9166
   -7.5000  -15.0000   45.000011061.1982   16.8331
    0.0000  -15.0000   45.000011610.6016   16.8096
    7.5000  -15.0000   45.000010940.7070   16.8012
   -7.5000   -7.5000   45.000011812.1855   16.7005
    0.0000   -7.5000   45.000012358.3955   16.6681
    7.5000   -7.5000   45.000011657.2617   16.6574
   -7.5000    0.0000   45.000012322.1494   16.6456
    0.0000    0.0000   45.000012850.5732   16.6081
    7.5000    0.0000   45.000012165.3145   16.5893
   -7.5000    7.5000   45.000011892.9268   16.6118
    0.0000    7.5000   45.000012416.2910   16.5797
    7.5000    7.5000   45.000011756.4404   16.5558
   -7.5000   15.0000   45.000011341.7842   16.6054
    0.0000   15.0000   45.000011865.6367   16.5837
    7.5000   15.0000   45.000011213.0049   16.5623
   -7.5000   22.5000   45.000010740.7471   16.6287
    0.0000   22.5000   45.000011259.5508   16.6107
    7.5000   22.5000   45.000010632.5215   16.5974
   -7.5000   30.0000   45.000010063.9277   16.5082
    0.0000   30.0000   45.000010523.3301   16.4857
    7.5000   30.0000   45.0000 9928.1885   16.4774
   -7.5000   37.5000   45.0000 9849.4736   16.7248
    0.0000   37.5000   45.000010307.6514   16.6903
    7.5000   37.5000   45.0000 9696.8711   16.6779
   -7.5000   45.0000   45.0000 9181.5576   16.5795
    0.0000   45.0000   45.0000 9613.0762   16.5388
    7.5000   45.0000   45.0000 9054.9727   16.5191

---------------------------------------------------------------------
imgreg_4dfp /opt/freesurfer/average/711-2C_as_mni_average_305 /opt/freesurfer/average/711-2B_as_mni_average_305_mask talsrcimg_g11 none talsrcimg_to_711-2C_as_mni_average_305_t4 4355
---------------------------------------------------------------------

$Id: imgreg_4dfp.c,v 1.4 2010/02/27 01:41:53 nicks Exp $
/opt/freesurfer/average/711-2C_as_mni_average_305.4dfp.img
       256       256       256         1
  1.000000  1.000000  1.000000
orientation T byte_order littleendian
Reading image: /opt/freesurfer/average/711-2C_as_mni_average_305.4dfp.img
dimensions:      256       256       256
mmppix:       1.0000   -1.0000   -1.0000
center:     128.0000 -129.0000 -129.0000
/opt/freesurfer/average/711-2B_as_mni_average_305_mask.4dfp.img
       256       256       256         1
  1.000000  1.000000  1.000000
orientation T byte_order littleendian
Reading mask: /opt/freesurfer/average/711-2B_as_mni_average_305_mask.4dfp.img (2306576 pixels)
talsrcimg_g11.4dfp.img
       256       256       256         1
  1.000000  1.000000  1.000000
orientation T byte_order littleendian
Reading image: talsrcimg_g11.4dfp.img
dimensions:      256       256       256
mmppix:       1.0000   -1.0000   -1.0000
center:     128.0000 -129.0000 -129.0000
rotation matrix determinant  1.000000
image alignment mode   4355 decimal     1103 hex
   -7.5000  -45.0000  -37.5000 2079.6018   22.0256
    0.0000  -45.0000  -37.5000 2082.1277   21.7709
    7.5000  -45.0000  -37.5000 2077.3450   21.9276
   -7.5000  -37.5000  -37.5000 2122.5244   20.9408
    0.0000  -37.5000  -37.5000 2130.2102   20.7327
    7.5000  -37.5000  -37.5000 2120.1697   20.8984
   -7.5000  -30.0000  -37.5000 2169.1936   20.2595
    0.0000  -30.0000  -37.5000 2181.6982   20.1150
    7.5000  -30.0000  -37.5000 2168.2195   20.2196
   -7.5000  -22.5000  -37.5000 2197.2183   19.7336
    0.0000  -22.5000  -37.5000 2208.5115   19.6807
    7.5000  -22.5000  -37.5000 2195.2986   19.7592
   -7.5000  -15.0000  -37.5000 2208.6494   19.4170
    0.0000  -15.0000  -37.5000 2219.9431   19.3806
    7.5000  -15.0000  -37.5000 2208.6912   19.4315
   -7.5000   -7.5000  -37.5000 2213.8171   19.1295
    0.0000   -7.5000  -37.5000 2218.6953   19.1161
    7.5000   -7.5000  -37.5000 2215.6594   19.2738
   -7.5000    0.0000  -37.5000 2214.4158   19.0769
    0.0000    0.0000  -37.5000 2217.6038   18.9800
    7.5000    0.0000  -37.5000 2215.8003   19.2024
   -7.5000    7.5000  -37.5000 2210.2534   19.1636
    0.0000    7.5000  -37.5000 2223.0774   19.1218
    7.5000    7.5000  -37.5000 2211.4138   19.2624
   -7.5000   15.0000  -37.5000 2190.9404   19.2828
    0.0000   15.0000  -37.5000 2199.9817   19.2098
    7.5000   15.0000  -37.5000 2189.9382   19.4046
   -7.5000   22.5000  -37.5000 2160.8132   19.7177
    0.0000   22.5000  -37.5000 2180.2632   19.6149
    7.5000   22.5000  -37.5000 2163.1169   19.7840
   -7.5000   30.0000  -37.5000 2135.5605   20.3781
    0.0000   30.0000  -37.5000 2144.4224   20.2169
    7.5000   30.0000  -37.5000 2139.1816   20.4141
   -7.5000   37.5000  -37.5000 2103.9512   21.3545
    0.0000   37.5000  -37.5000 2102.8047   21.1115
    7.5000   37.5000  -37.5000 2099.2798   21.3680
   -7.5000   45.0000  -37.5000 2031.2231   22.5971
    0.0000   45.0000  -37.5000 2040.5734   22.3450
    7.5000   45.0000  -37.5000 2032.9852   22.7227
   -7.5000  -45.0000  -30.0000 2168.4402   21.3231
    0.0000  -45.0000  -30.0000 2178.4238   21.2058
    7.5000  -45.0000  -30.0000 2173.5220   21.2733
   -7.5000  -37.5000  -30.0000 2226.5952   20.1656
    0.0000  -37.5000  -30.0000 2236.5352   20.0776
    7.5000  -37.5000  -30.0000 2226.7737   20.1113
   -7.5000  -30.0000  -30.0000 2284.6152   19.4055
    0.0000  -30.0000  -30.0000 2296.9758   19.3008
    7.5000  -30.0000  -30.0000 2285.9023   19.3487
   -7.5000  -22.5000  -30.0000 2320.1665   18.8314
    0.0000  -22.5000  -30.0000 2329.9646   18.8161
    7.5000  -22.5000  -30.0000 2317.5410   18.8046
   -7.5000  -15.0000  -30.0000 2327.4565   18.4145
    0.0000  -15.0000  -30.0000 2341.8535   18.4655
    7.5000  -15.0000  -30.0000 2326.5674   18.4281
   -7.5000   -7.5000  -30.0000 2318.2634   18.1357
    0.0000   -7.5000  -30.0000 2336.3879   18.1954
    7.5000   -7.5000  -30.0000 2323.7095   18.1418
   -7.5000    0.0000  -30.0000 2316.8018   18.0545
    0.0000    0.0000  -30.0000 2336.0369   18.0895
    7.5000    0.0000  -30.0000 2323.9348   18.1022
   -7.5000    7.5000  -30.0000 2321.7405   18.1934
    0.0000    7.5000  -30.0000 2346.5811   18.2301
    7.5000    7.5000  -30.0000 2330.6541   18.2172
   -7.5000   15.0000  -30.0000 2312.2742   18.2485
    0.0000   15.0000  -30.0000 2336.9348   18.3424
    7.5000   15.0000  -30.0000 2327.1428   18.3911
   -7.5000   22.5000  -30.0000 2294.6096   18.6419
    0.0000   22.5000  -30.0000 2322.1790   18.6877
    7.5000   22.5000  -30.0000 2306.2451   18.7508
   -7.5000   30.0000  -30.0000 2260.3108   19.2065
    0.0000   30.0000  -30.0000 2276.9871   19.2360
    7.5000   30.0000  -30.0000 2275.6768   19.3010
   -7.5000   37.5000  -30.0000 2218.5713   20.1351
    0.0000   37.5000  -30.0000 2226.3716   20.0434
    7.5000   37.5000  -30.0000 2223.2830   20.2421
   -7.5000   45.0000  -30.0000 2148.3137   21.3651
    0.0000   45.0000  -30.0000 2152.8704   21.2505
    7.5000   45.0000  -30.0000 2153.0073   21.5042
   -7.5000  -45.0000  -22.5000 2231.0820   20.6111
    0.0000  -45.0000  -22.5000 2248.7461   20.6403
    7.5000  -45.0000  -22.5000 2241.4705   20.4690
   -7.5000  -37.5000  -22.5000 2305.3711   19.4954
    0.0000  -37.5000  -22.5000 2326.5283   19.5065
    7.5000  -37.5000  -22.5000 2312.0823   19.3420
   -7.5000  -30.0000  -22.5000 2367.1748   18.5390
    0.0000  -30.0000  -22.5000 2390.3127   18.5393
    7.5000  -30.0000  -22.5000 2367.7449   18.4303
   -7.5000  -22.5000  -22.5000 2410.8345   17.9105
    0.0000  -22.5000  -22.5000 2430.1501   17.9044
    7.5000  -22.5000  -22.5000 2405.1902   17.8159
   -7.5000  -15.0000  -22.5000 2432.0591   17.4541
    0.0000  -15.0000  -22.5000 2448.6189   17.4848
    7.5000  -15.0000  -22.5000 2420.5991   17.4095
   -7.5000   -7.5000  -22.5000 2428.2075   17.1852
    0.0000   -7.5000  -22.5000 2446.8198   17.2703
    7.5000   -7.5000  -22.5000 2427.3245   17.1295
   -7.5000    0.0000  -22.5000 2423.0334   17.0651
    0.0000    0.0000  -22.5000 2450.1816   17.1594
    7.5000    0.0000  -22.5000 2425.0657   17.0351
   -7.5000    7.5000  -22.5000 2437.4873   17.2074
    0.0000    7.5000  -22.5000 2462.6228   17.2487
    7.5000    7.5000  -22.5000 2442.1768   17.1984
   -7.5000   15.0000  -22.5000 2421.3848   17.2859
    0.0000   15.0000  -22.5000 2451.2292   17.4066
    7.5000   15.0000  -22.5000 2429.6311   17.3437
   -7.5000   22.5000  -22.5000 2417.5027   17.6966
    0.0000   22.5000  -22.5000 2444.1782   17.7409
    7.5000   22.5000  -22.5000 2417.5750   17.7079
   -7.5000   30.0000  -22.5000 2378.3081   18.2495
    0.0000   30.0000  -22.5000 2400.5530   18.2877
    7.5000   30.0000  -22.5000 2381.8865   18.2736
   -7.5000   37.5000  -22.5000 2331.7427   19.1104
    0.0000   37.5000  -22.5000 2347.5603   19.1116
    7.5000   37.5000  -22.5000 2331.5835   19.1899
   -7.5000   45.0000  -22.5000 2251.8616   20.2265
    0.0000   45.0000  -22.5000 2259.9209   20.2162
    7.5000   45.0000  -22.5000 2254.5271   20.3381
   -7.5000  -45.0000  -15.0000 2276.9133   20.0044
    0.0000  -45.0000  -15.0000 2293.9875   19.9965
    7.5000  -45.0000  -15.0000 2274.6885   19.7886
   -7.5000  -37.5000  -15.0000 2363.9392   18.8103
    0.0000  -37.5000  -15.0000 2386.2683   18.8386
    7.5000  -37.5000  -15.0000 2356.1011   18.5626
   -7.5000  -30.0000  -15.0000 2428.1167   17.8464
    0.0000  -30.0000  -15.0000 2455.7209   17.9174
    7.5000  -30.0000  -15.0000 2415.6409   17.6668
   -7.5000  -22.5000  -15.0000 2469.6431   17.0952
    0.0000  -22.5000  -15.0000 2493.2107   17.1116
    7.5000  -22.5000  -15.0000 2458.0942   16.9167
   -7.5000  -15.0000  -15.0000 2501.4536   16.5953
    0.0000  -15.0000  -15.0000 2522.4641   16.5813
    7.5000  -15.0000  -15.0000 2483.4453   16.4355
   -7.5000   -7.5000  -15.0000 2511.1758   16.3312
    0.0000   -7.5000  -15.0000 2527.0354   16.3340
    7.5000   -7.5000  -15.0000 2495.5891   16.2151
   -7.5000    0.0000  -15.0000 2509.4265   16.1946
    0.0000    0.0000  -15.0000 2533.7478   16.2283
    7.5000    0.0000  -15.0000 2501.9822   16.0959
   -7.5000    7.5000  -15.0000 2526.6135   16.2910
    0.0000    7.5000  -15.0000 2543.9414   16.2979
    7.5000    7.5000  -15.0000 2515.0906   16.1986
   -7.5000   15.0000  -15.0000 2508.4749   16.4168
    0.0000   15.0000  -15.0000 2532.3926   16.4976
    7.5000   15.0000  -15.0000 2500.9492   16.3782
   -7.5000   22.5000  -15.0000 2500.5188   16.7758
    0.0000   22.5000  -15.0000 2528.7424   16.8502
    7.5000   22.5000  -15.0000 2493.9458   16.8019
   -7.5000   30.0000  -15.0000 2462.5854   17.3332
    0.0000   30.0000  -15.0000 2490.8691   17.4165
    7.5000   30.0000  -15.0000 2460.9890   17.3833
   -7.5000   37.5000  -15.0000 2410.1365   18.0925
    0.0000   37.5000  -15.0000 2432.9160   18.1934
    7.5000   37.5000  -15.0000 2404.4309   18.1823
   -7.5000   45.0000  -15.0000 2330.0378   19.2120
    0.0000   45.0000  -15.0000 2353.4231   19.2249
    7.5000   45.0000  -15.0000 2327.5557   19.2781
   -7.5000  -45.0000   -7.5000 2304.4714   19.3665
    0.0000  -45.0000   -7.5000 2329.1772   19.3718
    7.5000  -45.0000   -7.5000 2299.4011   19.1827
   -7.5000  -37.5000   -7.5000 2397.9260   18.1335
    0.0000  -37.5000   -7.5000 2422.5308   18.1079
    7.5000  -37.5000   -7.5000 2386.0493   17.9132
   -7.5000  -30.0000   -7.5000 2469.8269   17.1430
    0.0000  -30.0000   -7.5000 2491.3345   17.1322
    7.5000  -30.0000   -7.5000 2454.8228   16.9974
   -7.5000  -22.5000   -7.5000 2514.4443   16.4011
    0.0000  -22.5000   -7.5000 2534.3916   16.4065
    7.5000  -22.5000   -7.5000 2497.3943   16.2542
   -7.5000  -15.0000   -7.5000 2550.1621   15.9018
    0.0000  -15.0000   -7.5000 2569.4272   15.8516
    7.5000  -15.0000   -7.5000 2531.7490   15.7003
   -7.5000   -7.5000   -7.5000 2579.2363   15.5611
    0.0000   -7.5000   -7.5000 2589.0159   15.4777
    7.5000   -7.5000   -7.5000 2557.8267   15.3699
   -7.5000    0.0000   -7.5000 2584.0825   15.3747
    0.0000    0.0000   -7.5000 2597.8896   15.3387
    7.5000    0.0000   -7.5000 2561.6604   15.2185
   -7.5000    7.5000   -7.5000 2587.0186   15.3589
    0.0000    7.5000   -7.5000 2601.8892   15.3423
    7.5000    7.5000   -7.5000 2568.5332   15.2663
   -7.5000   15.0000   -7.5000 2568.9434   15.4601
    0.0000   15.0000   -7.5000 2596.1055   15.5211
    7.5000   15.0000   -7.5000 2559.1616   15.4511
   -7.5000   22.5000   -7.5000 2565.2578   15.8182
    0.0000   22.5000   -7.5000 2597.4902   15.9120
    7.5000   22.5000   -7.5000 2559.7744   15.8901
   -7.5000   30.0000   -7.5000 2530.7588   16.4078
    0.0000   30.0000   -7.5000 2562.4458   16.4898
    7.5000   30.0000   -7.5000 2525.8792   16.5119
   -7.5000   37.5000   -7.5000 2480.0540   17.1586
    0.0000   37.5000   -7.5000 2503.6150   17.2185
    7.5000   37.5000   -7.5000 2471.0522   17.2525
   -7.5000   45.0000   -7.5000 2395.5144   18.2991
    0.0000   45.0000   -7.5000 2420.0596   18.2890
    7.5000   45.0000   -7.5000 2391.8713   18.3621
   -7.5000  -45.0000    0.0000 2310.1804   18.8291
    0.0000  -45.0000    0.0000 2340.4590   18.8714
    7.5000  -45.0000    0.0000 2312.3140   18.7933
   -7.5000  -37.5000    0.0000 2398.7366   17.5288
    0.0000  -37.5000    0.0000 2427.0769   17.5262
    7.5000  -37.5000    0.0000 2395.8530   17.4418
   -7.5000  -30.0000    0.0000 2479.9187   16.6127
    0.0000  -30.0000    0.0000 2503.3975   16.5657
    7.5000  -30.0000    0.0000 2474.6619   16.5025
   -7.5000  -22.5000    0.0000 2534.5486   15.9280
    0.0000  -22.5000    0.0000 2556.9834   15.8614
    7.5000  -22.5000    0.0000 2527.4802   15.8205
   -7.5000  -15.0000    0.0000 2566.0999   15.3163
    0.0000  -15.0000    0.0000 2590.2122   15.2296
    7.5000  -15.0000    0.0000 2562.0193   15.1659
   -7.5000   -7.5000    0.0000 2613.7742   14.9496
    0.0000   -7.5000    0.0000 2635.6111   14.8323
    7.5000   -7.5000    0.0000 2596.1973   14.7287
   -7.5000    0.0000    0.0000 2631.0618   14.6786
    0.0000    0.0000    0.0000 2650.6548   14.5912
    7.5000    0.0000    0.0000 2605.9641   14.4921
   -7.5000    7.5000    0.0000 2625.8088   14.5318
    0.0000    7.5000    0.0000 2648.9514   14.4917
    7.5000    7.5000    0.0000 2612.8618   14.4597
   -7.5000   15.0000    0.0000 2607.0864   14.6187
    0.0000   15.0000    0.0000 2633.2776   14.6432
    7.5000   15.0000    0.0000 2610.7998   14.6456
   -7.5000   22.5000    0.0000 2602.0806   14.9907
    0.0000   22.5000    0.0000 2623.7090   14.9851
    7.5000   22.5000    0.0000 2607.2993   15.0790
   -7.5000   30.0000    0.0000 2570.8196   15.5400
    0.0000   30.0000    0.0000 2587.0532   15.5339
    7.5000   30.0000    0.0000 2574.3689   15.6663
   -7.5000   37.5000    0.0000 2525.2710   16.3923
    0.0000   37.5000    0.0000 2535.5100   16.3629
    7.5000   37.5000    0.0000 2514.3777   16.4979
   -7.5000   45.0000    0.0000 2443.5823   17.6174
    0.0000   45.0000    0.0000 2461.1782   17.5738
    7.5000   45.0000    0.0000 2433.0481   17.6690
   -7.5000  -45.0000    7.5000 2311.8059   18.4389
    0.0000  -45.0000    7.5000 2337.0554   18.4428
    7.5000  -45.0000    7.5000 2318.4705   18.4834
   -7.5000  -37.5000    7.5000 2391.8909   17.0926
    0.0000  -37.5000    7.5000 2417.7119   17.0795
    7.5000  -37.5000    7.5000 2401.0491   17.1396
   -7.5000  -30.0000    7.5000 2467.1465   16.1754
    0.0000  -30.0000    7.5000 2493.7812   16.1417
    7.5000  -30.0000    7.5000 2474.9614   16.1736
   -7.5000  -22.5000    7.5000 2530.6104   15.5343
    0.0000  -22.5000    7.5000 2560.4456   15.4404
    7.5000  -22.5000    7.5000 2540.4502   15.4642
   -7.5000  -15.0000    7.5000 2586.5945   15.0182
    0.0000  -15.0000    7.5000 2621.0613   14.9002
    7.5000  -15.0000    7.5000 2590.8323   14.8964
   -7.5000   -7.5000    7.5000 2645.3643   14.5941
    0.0000   -7.5000    7.5000 2670.8562   14.4252
    7.5000   -7.5000    7.5000 2638.3396   14.3703
   -7.5000    0.0000    7.5000 2670.6455   14.2420
    0.0000    0.0000    7.5000 2695.0315   14.0299
    7.5000    0.0000    7.5000 2651.0508   13.9717
   -7.5000    7.5000    7.5000 2669.5327   13.8876
    0.0000    7.5000    7.5000 2683.9834   13.7549
    7.5000    7.5000    7.5000 2664.2937   13.8003
   -7.5000   15.0000    7.5000 2651.1985   13.9561
    0.0000   15.0000    7.5000 2662.8320   13.8690
    7.5000   15.0000    7.5000 2660.0190   13.9895
   -7.5000   22.5000    7.5000 2632.7808   14.3223
    0.0000   22.5000    7.5000 2645.6533   14.2300
    7.5000   22.5000    7.5000 2648.8657   14.4308
   -7.5000   30.0000    7.5000 2604.5728   14.9451
    0.0000   30.0000    7.5000 2610.2544   14.8581
    7.5000   30.0000    7.5000 2610.6572   15.1046
   -7.5000   37.5000    7.5000 2562.3730   15.9208
    0.0000   37.5000    7.5000 2561.9019   15.8003
    7.5000   37.5000    7.5000 2558.7356   16.0296
   -7.5000   45.0000    7.5000 2479.5605   17.0924
    0.0000   45.0000    7.5000 2487.6909   16.9918
    7.5000   45.0000    7.5000 2477.1143   17.1940
   -7.5000  -45.0000   15.0000 2287.0193   18.3283
    0.0000  -45.0000   15.0000 2319.4456   18.3030
    7.5000  -45.0000   15.0000 2302.9280   18.5288
   -7.5000  -37.5000   15.0000 2365.4294   16.9718
    0.0000  -37.5000   15.0000 2390.5513   16.8999
    7.5000  -37.5000   15.0000 2385.4731   17.0772
   -7.5000  -30.0000   15.0000 2438.2188   16.0511
    0.0000  -30.0000   15.0000 2459.4897   15.9307
    7.5000  -30.0000   15.0000 2454.7705   16.0815
   -7.5000  -22.5000   15.0000 2509.3303   15.4096
    0.0000  -22.5000   15.0000 2528.6938   15.2286
    7.5000  -22.5000   15.0000 2529.7974   15.3792
   -7.5000  -15.0000   15.0000 2581.7649   14.9534
    0.0000  -15.0000   15.0000 2603.5535   14.7600
    7.5000  -15.0000   15.0000 2595.0540   14.8815
   -7.5000   -7.5000   15.0000 2655.2727   14.6576
    0.0000   -7.5000   15.0000 2675.4290   14.4570
    7.5000   -7.5000   15.0000 2651.3264   14.4364
   -7.5000    0.0000   15.0000 2687.3667   14.0989
    0.0000    0.0000   15.0000 2705.7385   13.7428
    7.5000    0.0000   15.0000 2673.6372   13.9235
   -7.5000    7.5000   15.0000 2683.8416   13.3725
    0.0000    7.5000   15.0000 2680.3850   13.0077
    7.5000    7.5000   15.0000 2674.5645   13.4841
   -7.5000   15.0000   15.0000 2672.4128   13.4599
    0.0000   15.0000   15.0000 2669.4680   13.1947
    7.5000   15.0000   15.0000 2685.9187   13.6176
   -7.5000   22.5000   15.0000 2665.6526   14.0451
    0.0000   22.5000   15.0000 2657.1848   13.7907
    7.5000   22.5000   15.0000 2680.0867   14.1579
   -7.5000   30.0000   15.0000 2643.3921   14.7857
    0.0000   30.0000   15.0000 2629.0464   14.5187
    7.5000   30.0000   15.0000 2647.2256   14.8701
   -7.5000   37.5000   15.0000 2586.5806   15.7349
    0.0000   37.5000   15.0000 2575.9146   15.4898
    7.5000   37.5000   15.0000 2586.2927   15.8228
   -7.5000   45.0000   15.0000 2497.6262   16.8906
    0.0000   45.0000   15.0000 2497.7969   16.7259
    7.5000   45.0000   15.0000 2501.3726   17.0123
   -7.5000  -45.0000   22.5000 2238.9143   18.4088
    0.0000  -45.0000   22.5000 2260.8022   18.2344
    7.5000  -45.0000   22.5000 2263.5786   18.7548
   -7.5000  -37.5000   22.5000 2322.0767   17.0368
    0.0000  -37.5000   22.5000 2347.9158   16.9440
    7.5000  -37.5000   22.5000 2352.3491   17.3040
   -7.5000  -30.0000   22.5000 2403.2571   16.1392
    0.0000  -30.0000   22.5000 2431.1323   16.0382
    7.5000  -30.0000   22.5000 2423.8804   16.3270
   -7.5000  -22.5000   22.5000 2476.6611   15.4880
    0.0000  -22.5000   22.5000 2504.5730   15.3778
    7.5000  -22.5000   22.5000 2497.1133   15.6283
   -7.5000  -15.0000   22.5000 2557.4973   15.0408
    0.0000  -15.0000   22.5000 2580.8381   14.8951
    7.5000  -15.0000   22.5000 2574.9607   15.1250
   -7.5000   -7.5000   22.5000 2632.5100   14.7304
    0.0000   -7.5000   22.5000 2657.2563   14.6086
    7.5000   -7.5000   22.5000 2644.1565   14.7431
   -7.5000    0.0000   22.5000 2672.1602   14.1394
    0.0000    0.0000   22.5000 2705.0767   13.9450
    7.5000    0.0000   22.5000 2684.2764   14.2939
   -7.5000    7.5000   22.5000 2668.6099   13.3806
    0.0000    7.5000   22.5000 2667.5327   13.0133
    7.5000    7.5000   22.5000 2700.5803   13.8183
   -7.5000   15.0000   22.5000 2701.5295   13.5062
    0.0000   15.0000   22.5000 2697.0286   13.1908
    7.5000   15.0000   22.5000 2706.3464   13.8245
   -7.5000   22.5000   22.5000 2697.6804   14.1356
    0.0000   22.5000   22.5000 2690.8452   13.9144
    7.5000   22.5000   22.5000 2695.9099   14.2619
   -7.5000   30.0000   22.5000 2666.1328   14.8593
    0.0000   30.0000   22.5000 2662.1064   14.6955
    7.5000   30.0000   22.5000 2660.3088   14.9340
   -7.5000   37.5000   22.5000 2595.3948   15.7951
    0.0000   37.5000   22.5000 2600.8054   15.6971
    7.5000   37.5000   22.5000 2589.3220   15.8291
   -7.5000   45.0000   22.5000 2503.4858   16.9019
    0.0000   45.0000   22.5000 2523.5764   16.8921
    7.5000   45.0000   22.5000 2499.5281   16.9538
   -7.5000  -45.0000   30.0000 2181.1121   18.8520
    0.0000  -45.0000   30.0000 2207.4072   18.6812
    7.5000  -45.0000   30.0000 2218.1704   19.4393
   -7.5000  -37.5000   30.0000 2270.6440   17.4470
    0.0000  -37.5000   30.0000 2295.7124   17.3004
    7.5000  -37.5000   30.0000 2315.4072   17.9902
   -7.5000  -30.0000   30.0000 2356.1384   16.5210
    0.0000  -30.0000   30.0000 2378.5742   16.3261
    7.5000  -30.0000   30.0000 2404.3340   16.9609
   -7.5000  -22.5000   30.0000 2439.8582   15.8993
    0.0000  -22.5000   30.0000 2455.8914   15.6933
    7.5000  -22.5000   30.0000 2491.6973   16.2889
   -7.5000  -15.0000   30.0000 2530.9741   15.4934
    0.0000  -15.0000   30.0000 2542.1489   15.2946
    7.5000  -15.0000   30.0000 2573.3860   15.7585
   -7.5000   -7.5000   30.0000 2612.8982   15.0989
    0.0000   -7.5000   30.0000 2630.5239   14.9634
    7.5000   -7.5000   30.0000 2633.6460   15.3060
   -7.5000    0.0000   30.0000 2638.3999   14.4153
    0.0000    0.0000   30.0000 2672.3313   14.3938
    7.5000    0.0000   30.0000 2667.6018   14.8631
   -7.5000    7.5000   30.0000 2669.4199   14.0389
    0.0000    7.5000   30.0000 2704.1270   14.0655
    7.5000    7.5000   30.0000 2691.9062   14.5378
   -7.5000   15.0000   30.0000 2693.0488   14.1227
    0.0000   15.0000   30.0000 2728.5220   14.1805
    7.5000   15.0000   30.0000 2690.7617   14.4697
   -7.5000   22.5000   30.0000 2696.7263   14.5581
    0.0000   22.5000   30.0000 2714.7180   14.6114
    7.5000   22.5000   30.0000 2685.8540   14.7716
   -7.5000   30.0000   30.0000 2658.3174   15.1972
    0.0000   30.0000   30.0000 2664.3855   15.1704
    7.5000   30.0000   30.0000 2641.1384   15.3160
   -7.5000   37.5000   30.0000 2594.1206   16.0683
    0.0000   37.5000   30.0000 2591.6697   16.0251
    7.5000   37.5000   30.0000 2575.0918   16.1354
   -7.5000   45.0000   30.0000 2499.6101   17.1000
    0.0000   45.0000   30.0000 2507.1125   17.0528
    7.5000   45.0000   30.0000 2490.9463   17.1171
   -7.5000  -45.0000   37.5000 2136.3533   19.7428
    0.0000  -45.0000   37.5000 2152.2817   19.4104
    7.5000  -45.0000   37.5000 2179.3757   20.4968
   -7.5000  -37.5000   37.5000 2236.6384   18.3800
    0.0000  -37.5000   37.5000 2249.7305   18.1041
    7.5000  -37.5000   37.5000 2281.0757   19.0375
   -7.5000  -30.0000   37.5000 2336.4988   17.4523
    0.0000  -30.0000   37.5000 2349.6118   17.2661
    7.5000  -30.0000   37.5000 2377.2874   18.0132
   -7.5000  -22.5000   37.5000 2423.1846   16.7635
    0.0000  -22.5000   37.5000 2442.1926   16.6762
    7.5000  -22.5000   37.5000 2465.1484   17.2255
   -7.5000  -15.0000   37.5000 2506.7964   16.1709
    0.0000  -15.0000   37.5000 2529.6394   16.1332
    7.5000  -15.0000   37.5000 2538.5686   16.5526
   -7.5000   -7.5000   37.5000 2565.2893   15.5247
    0.0000   -7.5000   37.5000 2597.4883   15.5234
    7.5000   -7.5000   37.5000 2596.3367   15.9668
   -7.5000    0.0000   37.5000 2613.8479   14.9430
    0.0000    0.0000   37.5000 2636.6074   14.9081
    7.5000    0.0000   37.5000 2638.8879   15.4722
   -7.5000    7.5000   37.5000 2668.6536   14.7638
    0.0000    7.5000   37.5000 2683.5710   14.7319
    7.5000    7.5000   37.5000 2676.8208   15.1827
   -7.5000   15.0000   37.5000 2680.0852   14.8899
    0.0000   15.0000   37.5000 2712.8828   14.8967
    7.5000   15.0000   37.5000 2680.5818   15.1684
   -7.5000   22.5000   37.5000 2665.8665   15.2412
    0.0000   22.5000   37.5000 2688.7529   15.2501
    7.5000   22.5000   37.5000 2668.4707   15.4655
   -7.5000   30.0000   37.5000 2628.8057   15.7885
    0.0000   30.0000   37.5000 2642.6123   15.8519
    7.5000   30.0000   37.5000 2619.8796   15.9893
   -7.5000   37.5000   37.5000 2572.3186   16.5375
    0.0000   37.5000   37.5000 2582.1292   16.5667
    7.5000   37.5000   37.5000 2552.9041   16.6767
   -7.5000   45.0000   37.5000 2473.4468   17.5264
    0.0000   45.0000   37.5000 2491.1057   17.5317
    7.5000   45.0000   37.5000 2465.4739   17.5973
   -7.5000  -45.0000   45.0000 2099.3745   21.1917
    0.0000  -45.0000   45.0000 2113.9734   21.0039
    7.5000  -45.0000   45.0000 2132.7998   22.0699
   -7.5000  -37.5000   45.0000 2196.5703   19.7164
    0.0000  -37.5000   45.0000 2211.5662   19.5322
    7.5000  -37.5000   45.0000 2229.5198   20.4376
   -7.5000  -30.0000   45.0000 2298.3132   18.6452
    0.0000  -30.0000   45.0000 2316.6204   18.4542
    7.5000  -30.0000   45.0000 2326.4109   19.1732
   -7.5000  -22.5000   45.0000 2385.1338   17.7910
    0.0000  -22.5000   45.0000 2398.9797   17.6486
    7.5000  -22.5000   45.0000 2411.6580   18.1684
   -7.5000  -15.0000   45.0000 2459.9863   16.9039
    0.0000  -15.0000   45.0000 2473.9795   16.8013
    7.5000  -15.0000   45.0000 2490.0398   17.3279
   -7.5000   -7.5000   45.0000 2522.1802   16.2037
    0.0000   -7.5000   45.0000 2534.2063   16.0395
    7.5000   -7.5000   45.0000 2548.7927   16.7190
   -7.5000    0.0000   45.0000 2582.5461   15.7165
    0.0000    0.0000   45.0000 2589.3347   15.5804
    7.5000    0.0000   45.0000 2594.2415   16.1883
   -7.5000    7.5000   45.0000 2634.8047   15.5835
    0.0000    7.5000   45.0000 2637.3911   15.4080
    7.5000    7.5000   45.0000 2639.8508   15.9497
   -7.5000   15.0000   45.0000 2636.4624   15.6677
    0.0000   15.0000   45.0000 2659.7026   15.5433
    7.5000   15.0000   45.0000 2634.7910   15.9461
   -7.5000   22.5000   45.0000 2623.4646   16.0035
    0.0000   22.5000   45.0000 2649.3440   15.9267
    7.5000   22.5000   45.0000 2629.3828   16.2183
   -7.5000   30.0000   45.0000 2584.4255   16.4817
    0.0000   30.0000   45.0000 2599.8804   16.4428
    7.5000   30.0000   45.0000 2579.6785   16.6433
   -7.5000   37.5000   45.0000 2535.8108   17.2119
    0.0000   37.5000   45.0000 2552.5129   17.2264
    7.5000   37.5000   45.0000 2526.0044   17.3507
   -7.5000   45.0000   45.0000 2433.2817   18.2277
    0.0000   45.0000   45.0000 2450.2522   18.2378
    7.5000   45.0000   45.0000 2427.8218   18.3005
   -7.5000  -45.0000   52.5000 2035.3021   22.8052
    0.0000  -45.0000   52.5000 2049.3416   22.6704
    7.5000  -45.0000   52.5000 2055.9075   23.6680
   -7.5000  -37.5000   52.5000 2132.5925   21.0617
    0.0000  -37.5000   52.5000 2146.2122   20.8734
    7.5000  -37.5000   52.5000 2160.1436   21.8296
   -7.5000  -30.0000   52.5000 2235.4390   19.7678
    0.0000  -30.0000   52.5000 2247.7100   19.5802
    7.5000  -30.0000   52.5000 2262.3000   20.3658
   -7.5000  -22.5000   52.5000 2328.0972   18.7785
    0.0000  -22.5000   52.5000 2333.3447   18.5514
    7.5000  -22.5000   52.5000 2358.2373   19.2754
   -7.5000  -15.0000   52.5000 2398.2451   17.7596
    0.0000  -15.0000   52.5000 2413.3503   17.6089
    7.5000  -15.0000   52.5000 2429.3269   18.3018
   -7.5000   -7.5000   52.5000 2469.4241   17.0538
    0.0000   -7.5000   52.5000 2476.7852   16.8649
    7.5000   -7.5000   52.5000 2486.7449   17.5923
   -7.5000    0.0000   52.5000 2521.5569   16.5511
    0.0000    0.0000   52.5000 2524.1565   16.4488
    7.5000    0.0000   52.5000 2530.6067   17.0410
   -7.5000    7.5000   52.5000 2569.3613   16.4423
    0.0000    7.5000   52.5000 2569.3774   16.2728
    7.5000    7.5000   52.5000 2574.9905   16.8177
   -7.5000   15.0000   52.5000 2576.0593   16.4705
    0.0000   15.0000   52.5000 2590.7056   16.3804
    7.5000   15.0000   52.5000 2579.6802   16.8079
   -7.5000   22.5000   52.5000 2572.1907   16.7683
    0.0000   22.5000   52.5000 2590.2527   16.7508
    7.5000   22.5000   52.5000 2573.2656   17.0715
   -7.5000   30.0000   52.5000 2542.9734   17.2731
    0.0000   30.0000   52.5000 2560.1279   17.2437
    7.5000   30.0000   52.5000 2531.1116   17.4884
   -7.5000   37.5000   52.5000 2488.9287   17.9526
    0.0000   37.5000   52.5000 2504.6960   17.9594
    7.5000   37.5000   52.5000 2471.9133   18.1101
   -7.5000   45.0000   52.5000 2384.3276   19.0189
    0.0000   45.0000   52.5000 2399.6030   18.9730
    7.5000   45.0000   52.5000 2373.9500   19.0834

---------------------------------------------------------------------
imgreg_4dfp /opt/freesurfer/average/711-2C_as_mni_average_305 /opt/freesurfer/average/711-2B_as_mni_average_305_mask talsrcimg_g11 none talsrcimg_to_711-2C_as_mni_average_305_t4 1283
---------------------------------------------------------------------

$Id: imgreg_4dfp.c,v 1.4 2010/02/27 01:41:53 nicks Exp $
/opt/freesurfer/average/711-2C_as_mni_average_305.4dfp.img
       256       256       256         1
  1.000000  1.000000  1.000000
orientation T byte_order littleendian
Reading image: /opt/freesurfer/average/711-2C_as_mni_average_305.4dfp.img
dimensions:      256       256       256
mmppix:       1.0000   -1.0000   -1.0000
center:     128.0000 -129.0000 -129.0000
/opt/freesurfer/average/711-2B_as_mni_average_305_mask.4dfp.img
       256       256       256         1
  1.000000  1.000000  1.000000
orientation T byte_order littleendian
Reading mask: /opt/freesurfer/average/711-2B_as_mni_average_305_mask.4dfp.img (2306576 pixels)
talsrcimg_g11.4dfp.img
       256       256       256         1
  1.000000  1.000000  1.000000
orientation T byte_order littleendian
Reading image: talsrcimg_g11.4dfp.img
dimensions:      256       256       256
mmppix:       1.0000   -1.0000   -1.0000
center:     128.0000 -129.0000 -129.0000
rotation matrix determinant  1.000000
$Id: fimgreg.f,v 1.1 2007/05/04 22:33:59 nicks Exp $
image alignment mode   1283 decimal      503 hex
parameters
    0.0000   15.0000   30.0000    0.0000    0.0000    0.0000
eta,q 0.86142 14.23606
niter,ni,del,rscale     5    3   12.0000    1.2000
parameter  2  0.501424 ->  0.500000 qaram    1.1500
parameter  4  1.387806 ->  0.500000 qaram    1.1500
parameter  5  3.460316 -> -0.500000 qaram    1.1500
parameter  6  0.790722 ->  0.500000 qaram    1.1500
parameters
   -0.5259   11.5500   29.2402   -3.4500    3.4500   -3.4500
eta,q 0.85718 13.91052
  0.1519  0.1481  0.1550  0.1450  0.1455  0.1416
  0.1450  0.1487  0.1462  0.1441  0.1445  0.1424
  0.1464  0.1480  0.1456  0.1447  0.1443  0.1432
  0.1480  0.1467  0.1479  0.1464  0.1441  0.1428
  0.1461  0.1515  0.1509  0.1474  0.1438  0.1424
  0.1485  0.1551  0.1533  0.1477  0.1425  0.1434
  0.1528  0.1583  0.1537  0.1491  0.1422  0.1458
niter,ni,del,rscale     7    3   12.0000    1.2000
parameters
   -0.3578   13.7806   31.9631   -4.1376    6.7380   -5.8962
eta,q 0.85754 14.37926
  0.1479  0.1516  0.1573  0.1459  0.1496  0.1433
  0.1475  0.1504  0.1489  0.1436  0.1509  0.1428
  0.1466  0.1440  0.1433  0.1421  0.1473  0.1424
  0.1428  0.1424  0.1421  0.1428  0.1420  0.1418
  0.1387  0.1421  0.1428  0.1459  0.1413  0.1438
  0.1422  0.1434  0.1422  0.1452  0.1427  0.1450
  0.1526  0.1450  0.1415  0.1449  0.1448  0.1443
niter,ni,del,rscale     6    3   12.0000    1.2000
parameters
   -1.9939   14.1354   33.1560   -5.0945    7.8489   -4.1825
eta,q 0.86141 14.43634
  0.1477  0.1508  0.1523  0.1475  0.1450  0.1470
  0.1482  0.1471  0.1472  0.1429  0.1456  0.1444
  0.1430  0.1460  0.1453  0.1405  0.1431  0.1415
  0.1425  0.1424  0.1422  0.1408  0.1400  0.1389
  0.1473  0.1455  0.1404  0.1458  0.1384  0.1388
  0.1541  0.1494  0.1428  0.1484  0.1410  0.1404
  0.1617  0.1478  0.1473  0.1466  0.1448  0.1423
niter,ni,del,rscale     5    3   12.0000    1.2000
parameters
   -3.0505   14.4511   33.1410   -4.7488    8.1805   -2.8262
eta,q 0.85929 14.35403
  0.1448  0.1541  0.1511  0.1505  0.1440  0.1475
  0.1481  0.1519  0.1469  0.1452  0.1467  0.1442
  0.1435  0.1473  0.1431  0.1417  0.1435  0.1411
  0.1386  0.1403  0.1400  0.1401  0.1403  0.1401
  0.1419  0.1463  0.1406  0.1438  0.1402  0.1411
  0.1487  0.1528  0.1469  0.1473  0.1427  0.1419
  0.1556  0.1511  0.1522  0.1461  0.1465  0.1431
niter,ni,del,rscale     4    3   12.0000    1.2000
parameter  5-24.801197 ->  0.500000 qaram    1.3225
parameters
   -3.9820   15.3124   33.2094   -4.9343    4.2130   -4.6397
eta,q 0.85264 14.39254
  0.1450  0.1576  0.1537  0.1488  0.1426  0.1472
  0.1473  0.1539  0.1489  0.1456  0.1463  0.1472
  0.1469  0.1479  0.1463  0.1431  0.1459  0.1474
  0.1407  0.1434  0.1449  0.1449  0.1446  0.1467
  0.1406  0.1496  0.1453  0.1481  0.1429  0.1466
  0.1474  0.1525  0.1499  0.1484  0.1436  0.1481
  0.1545  0.1514  0.1527  0.1456  0.1464  0.1487
niter,ni,del,rscale     4    3   12.0000    1.2000
parameter  1 -0.535444 -> -0.500000 qaram    1.1500
parameter  4  0.630981 ->  0.500000 qaram    1.3225
parameters
   -0.5320   14.9898   32.4749   -8.9018    6.9293   -5.7101
eta,q 0.86208 14.51629
  0.1536  0.1482  0.1445  0.1422  0.1452  0.1420
  0.1498  0.1463  0.1424  0.1395  0.1457  0.1397
  0.1456  0.1416  0.1407  0.1382  0.1429  0.1378
  0.1474  0.1403  0.1397  0.1399  0.1394  0.1384
  0.1431  0.1466  0.1410  0.1451  0.1384  0.1403
  0.1406  0.1467  0.1440  0.1452  0.1392  0.1429
  0.1458  0.1480  0.1481  0.1430  0.1425  0.1428
niter,ni,del,rscale     5    3   12.0000    1.2000
parameters
   -1.2912   14.4218   32.9586   -8.0483    7.2293   -4.9685
eta,q 0.86079 14.49526
  0.1479  0.1470  0.1469  0.1474  0.1453  0.1454
  0.1498  0.1494  0.1442  0.1491  0.1446  0.1433
  0.1441  0.1453  0.1427  0.1438  0.1423  0.1406
  0.1379  0.1390  0.1403  0.1399  0.1394  0.1391
  0.1416  0.1388  0.1396  0.1383  0.1384  0.1398
  0.1489  0.1492  0.1419  0.1418  0.1421  0.1422
  0.1584  0.1549  0.1463  0.1487  0.1467  0.1431
niter,ni,del,rscale     4    3   12.0000    1.2000
parameters
   -1.9832   14.1287   33.2094   -6.5217    7.6140   -3.5721
eta,q 0.86068 14.46371
  0.1474  0.1483  0.1475  0.1500  0.1438  0.1466
  0.1495  0.1512  0.1451  0.1511  0.1458  0.1439
  0.1459  0.1480  0.1434  0.1452  0.1430  0.1410
  0.1392  0.1407  0.1415  0.1412  0.1396  0.1392
  0.1411  0.1405  0.1402  0.1388  0.1384  0.1400
  0.1477  0.1499  0.1427  0.1429  0.1419  0.1416
  0.1574  0.1541  0.1484  0.1481  0.1464  0.1424
niter,ni,del,rscale     3    3   12.0000    1.2000
parameters
   -3.1108   14.4787   33.2826   -4.8179    6.6516   -2.6569
eta,q 0.85833 14.33368
  0.1457  0.1533  0.1508  0.1543  0.1415  0.1482
  0.1478  0.1530  0.1466  0.1498  0.1461  0.1450
  0.1457  0.1492  0.1437  0.1448  0.1446  0.1428
  0.1393  0.1418  0.1411  0.1409  0.1407  0.1416
  0.1417  0.1442  0.1405  0.1419  0.1402  0.1425
  0.1483  0.1526  0.1458  0.1467  0.1425  0.1442
  0.1571  0.1525  0.1516  0.1462  0.1476  0.1449
niter,ni,del,rscale     2    3   12.0000    1.2000
parameter  4 -0.583788 -> -0.500000 qaram    1.5209
parameter  5  2.097297 ->  0.500000 qaram    1.5209
parameters
   -3.7315   15.4514   32.8148   -0.2553    2.0889   -4.1654
eta,q 0.85749 14.57363
  0.1483  0.1582  0.1522  0.1497  0.1434  0.1451
  0.1454  0.1545  0.1483  0.1469  0.1422  0.1436
  0.1468  0.1479  0.1459  0.1449  0.1447  0.1426
  0.1417  0.1436  0.1453  0.1454  0.1469  0.1428
  0.1404  0.1491  0.1475  0.1476  0.1492  0.1437
  0.1474  0.1519  0.1511  0.1462  0.1519  0.1461
  0.1543  0.1516  0.1533  0.1445  0.1530  0.1485
niter,ni,del,rscale     3    3   12.0000    1.2000
parameters
   -0.5280   14.4023   30.3400   -2.9532    2.7059   -4.2249
eta,q 0.85604 14.10525
  0.1640  0.1504  0.1461  0.1465  0.1511  0.1461
  0.1605  0.1484  0.1437  0.1450  0.1510  0.1449
  0.1497  0.1465  0.1445  0.1446  0.1489  0.1443
  0.1425  0.1441  0.1448  0.1443  0.1447  0.1440
  0.1439  0.1448  0.1464  0.1448  0.1443  0.1446
  0.1441  0.1507  0.1489  0.1506  0.1477  0.1459
  0.1461  0.1594  0.1508  0.1548  0.1522  0.1454
niter,ni,del,rscale     2    3   12.0000    1.2000
parameters
   -1.0679   14.5809   31.5200   -4.1587    6.6576   -5.6874
eta,q 0.85741 14.25636
  0.1523  0.1487  0.1564  0.1476  0.1463  0.1448
  0.1439  0.1445  0.1479  0.1445  0.1483  0.1435
  0.1466  0.1447  0.1441  0.1436  0.1488  0.1429
  0.1440  0.1451  0.1450  0.1453  0.1445  0.1422
  0.1418  0.1426  0.1452  0.1444  0.1419  0.1439
  0.1471  0.1448  0.1456  0.1451  0.1436  0.1463
  0.1574  0.1485  0.1479  0.1512  0.1470  0.1461
niter,ni,del,rscale     1    3   12.0000    1.2000
parameter  5  0.894226 ->  0.500000 qaram    1.7490
parameters
   -3.2195   14.6585   32.8613   -1.7578    1.4106   -5.2990
eta,q 0.85674 14.52254
  0.1470  0.1531  0.1582  0.1549  0.1453  0.1483
  0.1485  0.1491  0.1511  0.1483  0.1432  0.1449
  0.1456  0.1472  0.1480  0.1442  0.1451  0.1435
  0.1426  0.1452  0.1452  0.1440  0.1470  0.1434
  0.1473  0.1476  0.1436  0.1470  0.1479  0.1434
  0.1549  0.1509  0.1458  0.1451  0.1492  0.1448
  0.1619  0.1513  0.1503  0.1462  0.1520  0.1468
niter,ni,del,rscale     1    3   12.0000    1.2000
parameters
   -1.1687   14.8595   31.4821   -3.3741    3.4759   -7.1701
eta,q 0.85644 14.21494
  0.1635  0.1524  0.1478  0.1469  0.1541  0.1456
  0.1589  0.1506  0.1447  0.1449  0.1477  0.1440
  0.1484  0.1488  0.1441  0.1453  0.1478  0.1435
  0.1433  0.1439  0.1436  0.1437  0.1451  0.1435
  0.1440  0.1444  0.1462  0.1425  0.1437  0.1450
  0.1463  0.1471  0.1496  0.1474  0.1461  0.1474
  0.1500  0.1546  0.1519  0.1537  0.1487  0.1482
registration optimization eta report
parameter search radius
    6.9000    6.9000    6.0000    9.1253   10.4940    6.9000
100000*second partial in parameter space
       26.       18.       16.        8.        6.        7.
  0.1635  0.1524  0.1478  0.1469  0.1541  0.1456
  0.1589  0.1506  0.1447  0.1449  0.1477  0.1440
  0.1484  0.1488  0.1441  0.1453  0.1478  0.1435
  0.1433  0.1439  0.1436  0.1437  0.1451  0.1435
  0.1440  0.1444  0.1462  0.1425  0.1437  0.1450
  0.1463  0.1471  0.1496  0.1474  0.1461  0.1474
  0.1500  0.1546  0.1519  0.1537  0.1487  0.1482
   -1.1687   14.8595   31.4821   -3.3741    3.4759   -7.1701
eta,q 0.85644 14.21494

---------------------------------------------------------------------
imgreg_4dfp /opt/freesurfer/average/711-2C_as_mni_average_305 /opt/freesurfer/average/711-2B_as_mni_average_305_mask talsrcimg_g11 none talsrcimg_to_711-2C_as_mni_average_305_t4 3335
---------------------------------------------------------------------

$Id: imgreg_4dfp.c,v 1.4 2010/02/27 01:41:53 nicks Exp $
/opt/freesurfer/average/711-2C_as_mni_average_305.4dfp.img
       256       256       256         1
  1.000000  1.000000  1.000000
orientation T byte_order littleendian
Reading image: /opt/freesurfer/average/711-2C_as_mni_average_305.4dfp.img
dimensions:      256       256       256
mmppix:       1.0000   -1.0000   -1.0000
center:     128.0000 -129.0000 -129.0000
/opt/freesurfer/average/711-2B_as_mni_average_305_mask.4dfp.img
       256       256       256         1
  1.000000  1.000000  1.000000
orientation T byte_order littleendian
Reading mask: /opt/freesurfer/average/711-2B_as_mni_average_305_mask.4dfp.img (2306576 pixels)
talsrcimg_g11.4dfp.img
       256       256       256         1
  1.000000  1.000000  1.000000
orientation T byte_order littleendian
Reading image: talsrcimg_g11.4dfp.img
dimensions:      256       256       256
mmppix:       1.0000   -1.0000   -1.0000
center:     128.0000 -129.0000 -129.0000
$Id: fimgreg.f,v 1.1 2007/05/04 22:33:59 nicks Exp $
image alignment mode   3335 decimal      D07 hex
parameters
   -1.1687   14.8595   31.4821   -0.9645   -0.9985   -0.3570
   12.8140   -5.2704  -12.4586    6.5949    6.0628   -5.8747
eta,q 0.86076 14.38241
niter,ni,del,rscale     5    3    5.0000    1.2000
parameter  4  2.303591 ->  0.500000 qaram    1.1500
parameter  5  5.122937 ->  0.500000 qaram    1.1500
parameter  7 -0.906855 -> -0.500000 qaram    1.1500
parameter  8 -0.594221 -> -0.500000 qaram    1.1500
parameter  9 -7.569106 -> -0.500000 qaram    1.1500
parameter 10 -1.080042 -> -0.500000 qaram    1.1500
parameter 12 -1.830592 -> -0.500000 qaram    1.1500
parameters
   -0.3978   13.8453   30.4262   -5.1045   -5.1385   -2.8218
   16.9540   -1.1304   -8.3186   10.7349    4.2420   -1.7347
eta,q 0.88002 14.46517
  0.1433  0.1391  0.1388  0.1270  0.1254  0.1296  0.1292  0.1364  0.1319  0.1302  0.1228  0.1275
  0.1416  0.1387  0.1383  0.1301  0.1283  0.1295  0.1290  0.1330  0.1299  0.1273  0.1223  0.1253
  0.1402  0.1387  0.1384  0.1337  0.1294  0.1287  0.1289  0.1304  0.1282  0.1252  0.1220  0.1235
  0.1392  0.1389  0.1387  0.1383  0.1310  0.1287  0.1288  0.1285  0.1266  0.1237  0.1221  0.1220
  0.1389  0.1393  0.1391  0.1448  0.1332  0.1296  0.1286  0.1270  0.1249  0.1227  0.1224  0.1208
  0.1393  0.1396  0.1398  0.1519  0.1351  0.1336  0.1285  0.1266  0.1233  0.1218  0.1233  0.1197
  0.1402  0.1401  0.1407  0.1570  0.1380  0.1419  0.1286  0.1279  0.1218  0.1212  0.1247  0.1188
niter,ni,del,rscale     7    3    5.0000    1.2000
parameter  1 -0.691770 -> -0.500000 qaram    1.1500
parameter  2  1.716972 ->  0.500000 qaram    1.1500
parameter  3  1.754265 ->  0.500000 qaram    1.1500
parameter  4  1.192299 ->  0.500000 qaram    1.3225
parameter  5 57.528786 ->  0.500000 qaram    1.3225
parameter  7  0.625576 ->  0.500000 qaram    1.3225
parameter  8 -0.740554 -> -0.500000 qaram    1.3225
parameter  9 -1.258592 -> -0.500000 qaram    1.3225
parameters
    0.9822   12.4653   29.0462   -9.8655   -9.8995   -4.5169
   12.1930    3.6306   -3.5576    7.3712    7.1524    2.0889
eta,q 0.90134 14.44114
  0.1248  0.1181  0.1158  0.1084  0.1015  0.1064  0.1049  0.1151  0.1084  0.1004  0.1015  0.1003
  0.1228  0.1183  0.1165  0.1097  0.1042  0.1057  0.1051  0.1109  0.1059  0.0994  0.1006  0.0997
  0.1212  0.1186  0.1173  0.1124  0.1070  0.1055  0.1052  0.1078  0.1037  0.0992  0.0998  0.0991
  0.1200  0.1190  0.1184  0.1167  0.1103  0.1049  0.1055  0.1051  0.1019  0.0999  0.0991  0.0987
  0.1192  0.1194  0.1197  0.1221  0.1138  0.1046  0.1062  0.1029  0.1006  0.1011  0.0988  0.0987
  0.1189  0.1199  0.1213  0.1290  0.1161  0.1074  0.1075  0.1018  0.0996  0.1029  0.0988  0.0987
  0.1192  0.1205  0.1230  0.1369  0.1194  0.1124  0.1093  0.1033  0.0991  0.1055  0.0995  0.0988
niter,ni,del,rscale     7    3    5.0000    1.2000
parameter  2  1.145281 ->  0.500000 qaram    1.3225
parameter  3  2.047623 ->  0.500000 qaram    1.3225
parameter  4  0.758937 ->  0.500000 qaram    1.5209
parameter  5  3.724530 ->  0.500000 qaram    1.5209
parameter  7  3.882795 ->  0.500000 qaram    1.5209
parameter 10  1.133484 ->  0.500000 qaram    1.3225
parameter 11 -2.309620 ->  0.500000 qaram    1.1500
parameter 12 -2.462472 ->  0.500000 qaram    1.3225
parameters
    1.9308   10.8783   27.4592  -15.3406  -15.3747   -6.4089
    6.7179    4.7425   -4.4956    2.6102    3.0124   -2.6721
eta,q 0.92278 14.28810
  0.1043  0.0967  0.0932  0.0910  0.0810  0.0874  0.0801  0.0888  0.0837  0.0790  0.0791  0.0751
  0.1017  0.0967  0.0939  0.0912  0.0841  0.0866  0.0816  0.0863  0.0823  0.0796  0.0793  0.0767
  0.0998  0.0973  0.0951  0.0921  0.0878  0.0859  0.0836  0.0841  0.0816  0.0804  0.0796  0.0784
  0.0987  0.0983  0.0969  0.0941  0.0914  0.0851  0.0857  0.0821  0.0816  0.0815  0.0798  0.0794
  0.0983  0.0995  0.0991  0.0982  0.0953  0.0864  0.0879  0.0812  0.0822  0.0832  0.0800  0.0803
  0.0987  0.1009  0.1013  0.1040  0.0999  0.0898  0.0903  0.0830  0.0831  0.0854  0.0800  0.0814
  0.0997  0.1024  0.1032  0.1103  0.1050  0.0933  0.0929  0.0875  0.0844  0.0880  0.0803  0.0823
niter,ni,del,rscale     7    3    5.0000    1.2000
parameter  1  1.730659 ->  0.500000 qaram    1.3225
parameter  2  1.559611 ->  0.500000 qaram    1.5209
parameter  3-31.678074 ->  0.500000 qaram    1.5209
parameter  5  0.716244 ->  0.500000 qaram    1.7490
parameter  6  1.079693 ->  0.500000 qaram    1.1500
parameter  7  0.711934 ->  0.500000 qaram    1.7490
parameter 10  0.712713 ->  0.500000 qaram    1.5209
parameter 11  0.795835 ->  0.500000 qaram    1.3225
parameters
    0.3438    9.0533   25.6342  -17.8484  -21.6711  -10.5489
    0.4214    0.0744   -5.7306   -2.8650   -1.7486   -2.7987
eta,q 0.95411 14.16053
  0.0726  0.0669  0.0531  0.0631  0.0543  0.0519  0.0515  0.0508  0.0516  0.0468  0.0458  0.0477
  0.0735  0.0681  0.0581  0.0613  0.0550  0.0528  0.0506  0.0493  0.0500  0.0462  0.0459  0.0469
  0.0751  0.0705  0.0635  0.0601  0.0568  0.0539  0.0511  0.0492  0.0491  0.0469  0.0460  0.0462
  0.0772  0.0739  0.0686  0.0596  0.0598  0.0554  0.0531  0.0506  0.0491  0.0490  0.0463  0.0459
  0.0798  0.0782  0.0735  0.0604  0.0658  0.0570  0.0563  0.0533  0.0498  0.0528  0.0469  0.0459
  0.0826  0.0831  0.0785  0.0643  0.0763  0.0588  0.0600  0.0572  0.0512  0.0576  0.0477  0.0467
  0.0857  0.0878  0.0836  0.0737  0.0888  0.0635  0.0642  0.0623  0.0533  0.0630  0.0486  0.0481
niter,ni,del,rscale     7    3    5.0000    1.2000
parameter  3  2.224284 ->  0.500000 qaram    1.7490
parameter  4 -1.115955 -> -0.500000 qaram    1.7490
parameters
   -0.0779    8.9867   23.5354  -11.5519  -21.7314   -9.5542
    2.0981    0.1038   -4.1424   -2.9547   -4.3155   -3.9187
eta,q 0.96385 14.48733
  0.0492  0.0515  0.0368  0.0477  0.0458  0.0414  0.0468  0.0443  0.0420  0.0452  0.0372  0.0381
  0.0472  0.0482  0.0390  0.0447  0.0420  0.0392  0.0419  0.0397  0.0392  0.0405  0.0366  0.0369
  0.0460  0.0463  0.0421  0.0421  0.0389  0.0377  0.0384  0.0374  0.0373  0.0374  0.0361  0.0363
  0.0459  0.0458  0.0458  0.0398  0.0366  0.0366  0.0366  0.0364  0.0364  0.0363  0.0363  0.0361
  0.0468  0.0466  0.0499  0.0378  0.0359  0.0366  0.0368  0.0372  0.0364  0.0373  0.0370  0.0367
  0.0487  0.0486  0.0546  0.0363  0.0384  0.0374  0.0389  0.0395  0.0374  0.0405  0.0379  0.0377
  0.0516  0.0517  0.0599  0.0368  0.0495  0.0400  0.0426  0.0443  0.0392  0.0457  0.0390  0.0393
niter,ni,del,rscale     7    3    5.0000    1.2000
parameter  3  1.192440 ->  0.500000 qaram    2.0114
parameters
   -0.4741    8.8928   21.1217  -12.8612  -18.5089   -9.6184
    2.3664    0.5807   -3.2189   -1.2561   -3.9072   -4.5284
eta,q 0.97032 14.65116
  0.0405  0.0428  0.0296  0.0404  0.0433  0.0359  0.0394  0.0412  0.0361  0.0442  0.0320  0.0324
  0.0379  0.0389  0.0305  0.0368  0.0391  0.0333  0.0347  0.0341  0.0331  0.0366  0.0307  0.0309
  0.0364  0.0367  0.0328  0.0337  0.0353  0.0312  0.0314  0.0310  0.0309  0.0319  0.0300  0.0299
  0.0361  0.0361  0.0361  0.0311  0.0319  0.0299  0.0299  0.0299  0.0299  0.0299  0.0297  0.0297
  0.0372  0.0371  0.0406  0.0292  0.0295  0.0292  0.0309  0.0306  0.0301  0.0302  0.0299  0.0302
  0.0397  0.0396  0.0461  0.0359  0.0300  0.0308  0.0338  0.0331  0.0316  0.0326  0.0304  0.0314
  0.0437  0.0434  0.0523  0.0532  0.0374  0.0386  0.0389  0.0388  0.0342  0.0370  0.0317  0.0333
niter,ni,del,rscale     7    3    5.0000    1.2000
parameters
   -0.5406    9.0498   18.7925  -13.4867  -18.8295  -10.7568
    2.6927    0.4667   -3.0672    0.0350   -3.6782   -4.1533
eta,q 0.97107 14.57474
  0.0356  0.0389  0.0301  0.0393  0.0395  0.0345  0.0374  0.0394  0.0339  0.0412  0.0312  0.0317
  0.0323  0.0340  0.0279  0.0349  0.0353  0.0320  0.0332  0.0325  0.0314  0.0340  0.0300  0.0302
  0.0303  0.0309  0.0278  0.0310  0.0314  0.0299  0.0302  0.0297  0.0296  0.0301  0.0292  0.0293
  0.0297  0.0297  0.0297  0.0276  0.0281  0.0283  0.0289  0.0289  0.0289  0.0289  0.0289  0.0289
  0.0305  0.0304  0.0334  0.0251  0.0264  0.0279  0.0297  0.0296  0.0294  0.0297  0.0291  0.0291
  0.0326  0.0331  0.0387  0.0308  0.0294  0.0327  0.0323  0.0329  0.0311  0.0319  0.0298  0.0300
  0.0362  0.0374  0.0456  0.0495  0.0477  0.0449  0.0368  0.0400  0.0337  0.0357  0.0311  0.0312
niter,ni,del,rscale     6    3    5.0000    1.2000
parameters
   -0.5680    9.4830   18.6669  -13.1752  -18.8694  -10.9836
    2.6139    0.4221   -3.1231    0.2923   -3.6962   -4.6687
eta,q 0.97116 14.57779
  0.0349  0.0380  0.0366  0.0402  0.0397  0.0354  0.0370  0.0396  0.0334  0.0383  0.0310  0.0311
  0.0316  0.0335  0.0319  0.0359  0.0358  0.0328  0.0329  0.0325  0.0310  0.0323  0.0297  0.0297
  0.0296  0.0304  0.0297  0.0321  0.0320  0.0305  0.0300  0.0297  0.0294  0.0294  0.0291  0.0290
  0.0289  0.0289  0.0288  0.0288  0.0286  0.0286  0.0288  0.0288  0.0288  0.0288  0.0288  0.0288
  0.0297  0.0292  0.0298  0.0262  0.0268  0.0275  0.0298  0.0294  0.0294  0.0300  0.0290  0.0292
  0.0317  0.0312  0.0329  0.0290  0.0292  0.0305  0.0327  0.0327  0.0310  0.0326  0.0297  0.0302
  0.0351  0.0345  0.0373  0.0446  0.0461  0.0395  0.0376  0.0399  0.0336  0.0366  0.0311  0.0316
niter,ni,del,rscale     5    3    5.0000    1.2000
parameters
   -0.5575    9.5731   18.6281  -13.1941  -18.8590  -10.9814
    2.5952    0.4490   -3.1338    0.5107   -3.7677   -4.8543
eta,q 0.97111 14.58020
  0.0349  0.0365  0.0368  0.0400  0.0399  0.0356  0.0372  0.0399  0.0334  0.0382  0.0310  0.0313
  0.0317  0.0324  0.0321  0.0358  0.0360  0.0330  0.0330  0.0327  0.0311  0.0322  0.0297  0.0299
  0.0295  0.0298  0.0298  0.0320  0.0322  0.0307  0.0301  0.0298  0.0295  0.0294  0.0291  0.0291
  0.0288  0.0288  0.0288  0.0288  0.0289  0.0288  0.0288  0.0288  0.0288  0.0288  0.0289  0.0289
  0.0295  0.0296  0.0296  0.0263  0.0270  0.0276  0.0298  0.0295  0.0294  0.0301  0.0290  0.0292
  0.0316  0.0320  0.0326  0.0299  0.0293  0.0301  0.0327  0.0326  0.0311  0.0326  0.0298  0.0301
  0.0349  0.0356  0.0369  0.0459  0.0460  0.0386  0.0375  0.0398  0.0335  0.0366  0.0311  0.0315
niter,ni,del,rscale     4    3    5.0000    1.2000
parameters
   -0.5486    9.6139   18.6095  -13.2120  -18.8693  -11.0100
    2.5906    0.4786   -3.1122    0.5945   -3.7999   -4.9180
eta,q 0.97105 14.57786
  0.0350  0.0362  0.0369  0.0400  0.0399  0.0357  0.0373  0.0399  0.0335  0.0379  0.0310  0.0314
  0.0317  0.0322  0.0321  0.0358  0.0360  0.0330  0.0331  0.0327  0.0312  0.0321  0.0298  0.0300
  0.0296  0.0297  0.0298  0.0321  0.0323  0.0308  0.0301  0.0299  0.0296  0.0294  0.0291  0.0292
  0.0289  0.0289  0.0289  0.0289  0.0289  0.0289  0.0289  0.0289  0.0289  0.0289  0.0289  0.0289
  0.0296  0.0298  0.0296  0.0263  0.0271  0.0277  0.0299  0.0296  0.0295  0.0302  0.0291  0.0292
  0.0316  0.0322  0.0326  0.0300  0.0293  0.0302  0.0327  0.0327  0.0311  0.0328  0.0298  0.0301
  0.0349  0.0358  0.0369  0.0459  0.0461  0.0388  0.0376  0.0398  0.0335  0.0368  0.0311  0.0314
niter,ni,del,rscale     3    3    5.0000    1.2000
parameters
   -0.5437    9.6340   18.5970  -13.2100  -18.8735  -11.0210
    2.5806    0.4913   -3.1025    0.6327   -3.8177   -4.9486
eta,q 0.97103 14.57742
  0.0350  0.0362  0.0369  0.0401  0.0399  0.0357  0.0373  0.0399  0.0335  0.0379  0.0311  0.0315
  0.0317  0.0322  0.0322  0.0358  0.0360  0.0331  0.0331  0.0327  0.0312  0.0320  0.0298  0.0300
  0.0296  0.0298  0.0299  0.0321  0.0323  0.0308  0.0302  0.0299  0.0296  0.0294  0.0291  0.0292
  0.0289  0.0289  0.0289  0.0290  0.0290  0.0290  0.0290  0.0290  0.0290  0.0290  0.0290  0.0290
  0.0296  0.0298  0.0297  0.0264  0.0271  0.0277  0.0299  0.0296  0.0295  0.0303  0.0291  0.0292
  0.0317  0.0323  0.0326  0.0300  0.0293  0.0302  0.0328  0.0328  0.0311  0.0328  0.0298  0.0301
  0.0350  0.0359  0.0369  0.0459  0.0461  0.0387  0.0376  0.0399  0.0335  0.0368  0.0311  0.0314
registration optimization eta report
parameter search radius
    3.1740    3.6501    4.8273   12.5928   12.5928    8.2800
   12.5928    9.5220    9.5220   10.9503    9.5220    9.5220
100000*second partial in parameter space
       60.       53.       34.        9.        9.       13.
        5.       12.        5.        7.        2.        3.
  0.0350  0.0362  0.0369  0.0401  0.0399  0.0357  0.0373  0.0399  0.0335  0.0379  0.0311  0.0315
  0.0317  0.0322  0.0322  0.0358  0.0360  0.0331  0.0331  0.0327  0.0312  0.0320  0.0298  0.0300
  0.0296  0.0298  0.0299  0.0321  0.0323  0.0308  0.0302  0.0299  0.0296  0.0294  0.0291  0.0292
  0.0289  0.0289  0.0289  0.0290  0.0290  0.0290  0.0290  0.0290  0.0290  0.0290  0.0290  0.0290
  0.0296  0.0298  0.0297  0.0264  0.0271  0.0277  0.0299  0.0296  0.0295  0.0303  0.0291  0.0292
  0.0317  0.0323  0.0326  0.0300  0.0293  0.0302  0.0328  0.0328  0.0311  0.0328  0.0298  0.0301
  0.0350  0.0359  0.0369  0.0459  0.0461  0.0387  0.0376  0.0399  0.0335  0.0368  0.0311  0.0314
   -0.5437    9.6340   18.5970  -13.2100  -18.8735  -11.0210
    2.5806    0.4913   -3.1025    0.6327   -3.8177   -4.9486
eta,q 0.97103 14.57742

---------------------------------------------------------------------
imgreg_4dfp /opt/freesurfer/average/711-2C_as_mni_average_305 /opt/freesurfer/average/711-2B_as_mni_average_305_mask talsrcimg_g11 none talsrcimg_to_711-2C_as_mni_average_305_t4 2311
---------------------------------------------------------------------

$Id: imgreg_4dfp.c,v 1.4 2010/02/27 01:41:53 nicks Exp $
/opt/freesurfer/average/711-2C_as_mni_average_305.4dfp.img
       256       256       256         1
  1.000000  1.000000  1.000000
orientation T byte_order littleendian
Reading image: /opt/freesurfer/average/711-2C_as_mni_average_305.4dfp.img
dimensions:      256       256       256
mmppix:       1.0000   -1.0000   -1.0000
center:     128.0000 -129.0000 -129.0000
/opt/freesurfer/average/711-2B_as_mni_average_305_mask.4dfp.img
       256       256       256         1
  1.000000  1.000000  1.000000
orientation T byte_order littleendian
Reading mask: /opt/freesurfer/average/711-2B_as_mni_average_305_mask.4dfp.img (2306576 pixels)
talsrcimg_g11.4dfp.img
       256       256       256         1
  1.000000  1.000000  1.000000
orientation T byte_order littleendian
Reading image: talsrcimg_g11.4dfp.img
dimensions:      256       256       256
mmppix:       1.0000   -1.0000   -1.0000
center:     128.0000 -129.0000 -129.0000
$Id: fimgreg.f,v 1.1 2007/05/04 22:33:59 nicks Exp $
image alignment mode   2311 decimal      907 hex
parameters
   -0.5437    9.6340   18.5970  -13.2100  -18.8735  -11.0210
    2.5806    0.4913   -3.1025    0.6327   -3.8177   -4.9486
eta,q 0.97103 14.57742
niter,ni,del,rscale     5    3    5.0000    0.8000
parameter  4 -3.529032 -> -0.500000 qaram    1.1500
parameter  5 -1.163349 -> -0.500000 qaram    1.1500
parameters
   -0.5396    9.5962   18.7635  -10.4500  -16.1135   -9.5498
    2.5210    0.6222   -3.1277    0.1454   -4.0160   -5.6767
eta,q 0.97503 14.93778
  0.0306  0.0304  0.0299  0.0326  0.0313  0.0297  0.0272  0.0298  0.0268  0.0269  0.0260  0.0257
  0.0297  0.0296  0.0295  0.0313  0.0298  0.0282  0.0260  0.0269  0.0259  0.0257  0.0254  0.0252
  0.0291  0.0291  0.0291  0.0301  0.0284  0.0269  0.0253  0.0255  0.0253  0.0251  0.0250  0.0250
  0.0290  0.0290  0.0290  0.0289  0.0271  0.0258  0.0250  0.0250  0.0250  0.0250  0.0250  0.0250
  0.0292  0.0292  0.0290  0.0279  0.0262  0.0250  0.0253  0.0254  0.0252  0.0255  0.0252  0.0252
  0.0297  0.0297  0.0292  0.0269  0.0256  0.0250  0.0260  0.0267  0.0258  0.0264  0.0255  0.0256
  0.0305  0.0305  0.0296  0.0262  0.0255  0.0272  0.0273  0.0292  0.0269  0.0278  0.0262  0.0264
niter,ni,del,rscale     6    3    5.0000    0.9000
parameters
   -0.6832    8.9926   18.6765  -10.4597  -15.3347  -10.2826
    2.7600    0.5966   -2.9910    0.3775   -3.9297   -5.1163
eta,q 0.97527 14.96897
  0.0273  0.0258  0.0262  0.0295  0.0293  0.0284  0.0277  0.0300  0.0272  0.0282  0.0261  0.0263
  0.0259  0.0250  0.0253  0.0277  0.0274  0.0269  0.0262  0.0267  0.0260  0.0262  0.0253  0.0254
  0.0252  0.0247  0.0248  0.0260  0.0258  0.0255  0.0252  0.0252  0.0251  0.0251  0.0249  0.0250
  0.0250  0.0250  0.0247  0.0247  0.0247  0.0244  0.0248  0.0248  0.0248  0.0248  0.0248  0.0248
  0.0254  0.0258  0.0249  0.0240  0.0243  0.0245  0.0250  0.0252  0.0249  0.0250  0.0249  0.0248
  0.0265  0.0272  0.0255  0.0257  0.0250  0.0276  0.0258  0.0268  0.0257  0.0259  0.0252  0.0251
  0.0283  0.0291  0.0265  0.0316  0.0282  0.0342  0.0273  0.0301  0.0271  0.0276  0.0259  0.0258
niter,ni,del,rscale     5    3    5.0000    0.8000
parameters
   -0.7514    8.9043   18.5600   -9.9201  -14.9864  -10.3170
    2.8328    0.5778   -2.9348    0.3068   -3.9118   -5.0244
eta,q 0.97566 15.00441
  0.0267  0.0265  0.0258  0.0289  0.0281  0.0282  0.0268  0.0290  0.0264  0.0269  0.0255  0.0254
  0.0256  0.0255  0.0252  0.0273  0.0265  0.0267  0.0255  0.0262  0.0253  0.0254  0.0248  0.0248
  0.0249  0.0249  0.0248  0.0259  0.0252  0.0254  0.0247  0.0248  0.0246  0.0246  0.0244  0.0245
  0.0247  0.0247  0.0247  0.0247  0.0244  0.0243  0.0243  0.0243  0.0243  0.0243  0.0243  0.0243
  0.0250  0.0250  0.0249  0.0240  0.0242  0.0240  0.0246  0.0248  0.0245  0.0246  0.0245  0.0244
  0.0258  0.0258  0.0254  0.0248  0.0251  0.0253  0.0253  0.0263  0.0252  0.0255  0.0248  0.0247
  0.0271  0.0270  0.0262  0.0287  0.0279  0.0298  0.0267  0.0291  0.0264  0.0270  0.0255  0.0254
niter,ni,del,rscale     4    3    5.0000    0.7000
parameters
   -0.7983    8.8306   18.5861   -9.6783  -14.7848  -10.0741
    2.8735    0.5414   -2.9077    0.2755   -3.9750   -5.0036
eta,q 0.97594 15.02993
  0.0260  0.0258  0.0254  0.0277  0.0271  0.0275  0.0260  0.0279  0.0257  0.0261  0.0250  0.0249
  0.0251  0.0249  0.0248  0.0264  0.0258  0.0263  0.0250  0.0256  0.0248  0.0249  0.0244  0.0244
  0.0245  0.0245  0.0245  0.0253  0.0248  0.0251  0.0243  0.0244  0.0243  0.0243  0.0241  0.0242
  0.0243  0.0243  0.0243  0.0243  0.0242  0.0242  0.0241  0.0241  0.0241  0.0241  0.0241  0.0241
  0.0246  0.0246  0.0244  0.0239  0.0242  0.0238  0.0242  0.0245  0.0242  0.0243  0.0242  0.0241
  0.0252  0.0252  0.0247  0.0248  0.0249  0.0246  0.0249  0.0257  0.0248  0.0250  0.0245  0.0244
  0.0263  0.0261  0.0253  0.0282  0.0271  0.0277  0.0260  0.0281  0.0257  0.0262  0.0251  0.0249
niter,ni,del,rscale     3    3    5.0000    0.6000
parameters
   -0.8248    8.7767   18.6119   -9.4748  -14.6610   -9.8725
    2.9021    0.5427   -2.8826    0.2531   -4.0510   -4.9912
eta,q 0.97613 15.04702
  0.0254  0.0252  0.0249  0.0268  0.0261  0.0266  0.0254  0.0270  0.0251  0.0255  0.0247  0.0245
  0.0247  0.0245  0.0244  0.0257  0.0251  0.0256  0.0246  0.0252  0.0245  0.0246  0.0242  0.0242
  0.0242  0.0242  0.0242  0.0248  0.0244  0.0246  0.0241  0.0242  0.0240  0.0240  0.0239  0.0240
  0.0241  0.0241  0.0241  0.0240  0.0240  0.0240  0.0239  0.0239  0.0239  0.0239  0.0239  0.0239
  0.0242  0.0242  0.0241  0.0237  0.0240  0.0237  0.0240  0.0242  0.0240  0.0241  0.0240  0.0239
  0.0247  0.0247  0.0244  0.0245  0.0246  0.0244  0.0245  0.0252  0.0244  0.0246  0.0243  0.0241
  0.0256  0.0254  0.0248  0.0271  0.0262  0.0267  0.0254  0.0270  0.0251  0.0255  0.0247  0.0245
niter,ni,del,rscale     2    3    5.0000    0.5000
parameters
   -0.8421    8.7402   18.6422   -9.2690  -14.5861   -9.6870
    2.9182    0.5523   -2.8565    0.2262   -4.1155   -4.9878
eta,q 0.97626 15.05967
  0.0249  0.0247  0.0245  0.0260  0.0253  0.0258  0.0248  0.0261  0.0247  0.0249  0.0243  0.0242
  0.0243  0.0242  0.0242  0.0251  0.0246  0.0250  0.0243  0.0247  0.0242  0.0242  0.0240  0.0239
  0.0240  0.0239  0.0239  0.0244  0.0241  0.0243  0.0239  0.0240  0.0239  0.0239  0.0238  0.0238
  0.0239  0.0239  0.0239  0.0239  0.0238  0.0238  0.0237  0.0237  0.0237  0.0237  0.0237  0.0237
  0.0240  0.0240  0.0239  0.0237  0.0238  0.0237  0.0238  0.0240  0.0238  0.0239  0.0238  0.0238
  0.0244  0.0243  0.0241  0.0242  0.0243  0.0242  0.0242  0.0247  0.0241  0.0243  0.0240  0.0239
  0.0250  0.0248  0.0244  0.0260  0.0253  0.0258  0.0248  0.0260  0.0246  0.0249  0.0244  0.0242
niter,ni,del,rscale     1    3    5.0000    0.4000
parameters
   -0.8545    8.7086   18.6788   -9.0748  -14.5538   -9.5314
    2.9197    0.5613   -2.8364    0.1935   -4.1611   -4.9702
eta,q 0.97635 15.06831
  0.0244  0.0243  0.0242  0.0252  0.0246  0.0251  0.0244  0.0253  0.0243  0.0244  0.0241  0.0239
  0.0241  0.0240  0.0239  0.0246  0.0242  0.0245  0.0240  0.0243  0.0239  0.0240  0.0238  0.0238
  0.0238  0.0238  0.0238  0.0241  0.0238  0.0240  0.0237  0.0238  0.0237  0.0237  0.0237  0.0237
  0.0237  0.0237  0.0237  0.0237  0.0237  0.0237  0.0237  0.0237  0.0237  0.0237  0.0237  0.0237
  0.0238  0.0238  0.0238  0.0236  0.0237  0.0237  0.0237  0.0238  0.0237  0.0237  0.0237  0.0237
  0.0241  0.0240  0.0239  0.0240  0.0240  0.0240  0.0240  0.0244  0.0239  0.0240  0.0239  0.0238
  0.0245  0.0244  0.0241  0.0251  0.0247  0.0250  0.0244  0.0252  0.0242  0.0244  0.0241  0.0240
registration optimization eta report
parameter search radius
    0.8000    0.8000    0.8000    2.7600    2.7600    2.4000
    2.4000    2.4000    2.4000    2.4000    2.4000    2.4000
100000*second partial in parameter space
      114.       91.       63.       19.       13.       23.
       13.       28.       10.       13.        8.        5.
  0.0244  0.0243  0.0242  0.0252  0.0246  0.0251  0.0244  0.0253  0.0243  0.0244  0.0241  0.0239
  0.0241  0.0240  0.0239  0.0246  0.0242  0.0245  0.0240  0.0243  0.0239  0.0240  0.0238  0.0238
  0.0238  0.0238  0.0238  0.0241  0.0238  0.0240  0.0237  0.0238  0.0237  0.0237  0.0237  0.0237
  0.0237  0.0237  0.0237  0.0237  0.0237  0.0237  0.0237  0.0237  0.0237  0.0237  0.0237  0.0237
  0.0238  0.0238  0.0238  0.0236  0.0237  0.0237  0.0237  0.0238  0.0237  0.0237  0.0237  0.0237
  0.0241  0.0240  0.0239  0.0240  0.0240  0.0240  0.0240  0.0244  0.0239  0.0240  0.0239  0.0238
  0.0245  0.0244  0.0241  0.0251  0.0247  0.0250  0.0244  0.0252  0.0242  0.0244  0.0241  0.0240
   -0.8545    8.7086   18.6788   -9.0748  -14.5538   -9.5314
    2.9197    0.5613   -2.8364    0.1935   -4.1611   -4.9702
eta,q 0.97635 15.06831

---------------------------------------------------------------------
imgreg_4dfp /opt/freesurfer/average/711-2C_as_mni_average_305 /opt/freesurfer/average/711-2B_as_mni_average_305_mask talsrcimg_g11 none talsrcimg_to_711-2C_as_mni_average_305_t4 2311
---------------------------------------------------------------------

$Id: imgreg_4dfp.c,v 1.4 2010/02/27 01:41:53 nicks Exp $
/opt/freesurfer/average/711-2C_as_mni_average_305.4dfp.img
       256       256       256         1
  1.000000  1.000000  1.000000
orientation T byte_order littleendian
Reading image: /opt/freesurfer/average/711-2C_as_mni_average_305.4dfp.img
dimensions:      256       256       256
mmppix:       1.0000   -1.0000   -1.0000
center:     128.0000 -129.0000 -129.0000
/opt/freesurfer/average/711-2B_as_mni_average_305_mask.4dfp.img
       256       256       256         1
  1.000000  1.000000  1.000000
orientation T byte_order littleendian
Reading mask: /opt/freesurfer/average/711-2B_as_mni_average_305_mask.4dfp.img (2306576 pixels)
talsrcimg_g11.4dfp.img
       256       256       256         1
  1.000000  1.000000  1.000000
orientation T byte_order littleendian
Reading image: talsrcimg_g11.4dfp.img
dimensions:      256       256       256
mmppix:       1.0000   -1.0000   -1.0000
center:     128.0000 -129.0000 -129.0000
$Id: fimgreg.f,v 1.1 2007/05/04 22:33:59 nicks Exp $
image alignment mode   2311 decimal      907 hex
parameters
   -0.8545    8.7086   18.6788   -9.0748  -14.5538   -9.5314
    2.9197    0.5613   -2.8364    0.1935   -4.1611   -4.9702
eta,q 0.97635 15.06831
niter,ni,del,rscale     5    3    5.0000    0.8000
parameters
   -0.8973    8.6843   18.7503   -9.8635  -14.8562  -10.1455
    2.9732    0.5077   -2.8354    0.1769   -4.0495   -4.7968
eta,q 0.97581 15.02354
  0.0266  0.0259  0.0255  0.0266  0.0264  0.0275  0.0266  0.0289  0.0262  0.0269  0.0255  0.0253
  0.0250  0.0247  0.0245  0.0254  0.0252  0.0261  0.0254  0.0261  0.0252  0.0253  0.0247  0.0247
  0.0240  0.0239  0.0239  0.0243  0.0243  0.0248  0.0245  0.0246  0.0245  0.0245  0.0243  0.0244
  0.0237  0.0237  0.0237  0.0237  0.0239  0.0240  0.0242  0.0242  0.0242  0.0242  0.0242  0.0242
  0.0240  0.0239  0.0238  0.0240  0.0241  0.0241  0.0244  0.0247  0.0244  0.0245  0.0243  0.0242
  0.0251  0.0247  0.0243  0.0264  0.0251  0.0266  0.0252  0.0262  0.0251  0.0254  0.0247  0.0246
  0.0270  0.0261  0.0252  0.0317  0.0278  0.0321  0.0266  0.0291  0.0263  0.0269  0.0254  0.0253
niter,ni,del,rscale     4    3    5.0000    0.7000
parameters
   -0.8417    8.7622   18.6009   -9.4351  -14.6994  -10.1720
    2.8688    0.5709   -2.8736    0.2173   -3.9926   -4.9244
eta,q 0.97602 15.03839
  0.0262  0.0260  0.0250  0.0270  0.0262  0.0272  0.0259  0.0282  0.0256  0.0261  0.0251  0.0248
  0.0251  0.0251  0.0245  0.0260  0.0252  0.0260  0.0248  0.0258  0.0247  0.0249  0.0244  0.0243
  0.0245  0.0244  0.0242  0.0250  0.0244  0.0248  0.0242  0.0244  0.0242  0.0242  0.0241  0.0241
  0.0242  0.0242  0.0242  0.0242  0.0240  0.0240  0.0240  0.0240  0.0240  0.0240  0.0240  0.0240
  0.0243  0.0243  0.0244  0.0238  0.0240  0.0237  0.0242  0.0244  0.0242  0.0242  0.0241  0.0240
  0.0249  0.0248  0.0248  0.0244  0.0246  0.0249  0.0249  0.0256  0.0247  0.0249  0.0244  0.0243
  0.0259  0.0257  0.0255  0.0267  0.0262  0.0284  0.0262  0.0280  0.0257  0.0261  0.0250  0.0249
niter,ni,del,rscale     3    3    5.0000    0.6000
parameters
   -0.8395    8.7470   18.6302   -9.2148  -14.5705   -9.9398
    2.8658    0.5626   -2.8809    0.2363   -4.0298   -4.9837
eta,q 0.97620 15.05476
  0.0255  0.0252  0.0248  0.0262  0.0255  0.0266  0.0253  0.0271  0.0251  0.0255  0.0247  0.0244
  0.0247  0.0245  0.0244  0.0253  0.0248  0.0255  0.0245  0.0252  0.0244  0.0245  0.0241  0.0241
  0.0242  0.0241  0.0241  0.0246  0.0242  0.0246  0.0240  0.0241  0.0240  0.0240  0.0239  0.0239
  0.0240  0.0240  0.0240  0.0240  0.0239  0.0239  0.0238  0.0238  0.0238  0.0238  0.0238  0.0238
  0.0241  0.0241  0.0240  0.0238  0.0239  0.0237  0.0239  0.0242  0.0239  0.0240  0.0239  0.0238
  0.0246  0.0246  0.0243  0.0244  0.0244  0.0243  0.0245  0.0252  0.0244  0.0245  0.0242  0.0241
  0.0255  0.0253  0.0248  0.0263  0.0255  0.0266  0.0254  0.0271  0.0251  0.0254  0.0247  0.0245
niter,ni,del,rscale     2    3    5.0000    0.5000
parameters
   -0.8534    8.7146   18.6663   -9.0731  -14.5166   -9.7353
    2.8958    0.5570   -2.8674    0.2254   -4.0832   -4.9877
eta,q 0.97630 15.06509
  0.0249  0.0246  0.0244  0.0255  0.0249  0.0258  0.0248  0.0261  0.0246  0.0249  0.0243  0.0241
  0.0243  0.0242  0.0241  0.0248  0.0243  0.0249  0.0242  0.0247  0.0241  0.0242  0.0240  0.0239
  0.0239  0.0239  0.0239  0.0242  0.0240  0.0242  0.0238  0.0239  0.0238  0.0238  0.0237  0.0238
  0.0238  0.0238  0.0238  0.0238  0.0238  0.0238  0.0237  0.0237  0.0237  0.0237  0.0237  0.0237
  0.0239  0.0239  0.0238  0.0237  0.0238  0.0237  0.0238  0.0240  0.0238  0.0238  0.0238  0.0237
  0.0243  0.0242  0.0240  0.0242  0.0242  0.0241  0.0242  0.0248  0.0241  0.0242  0.0240  0.0239
  0.0250  0.0248  0.0244  0.0256  0.0249  0.0257  0.0248  0.0261  0.0246  0.0249  0.0244  0.0242
niter,ni,del,rscale     1    3    5.0000    0.4000
parameters
   -0.8653    8.6902   18.6982   -8.9373  -14.5164   -9.5701
    2.9114    0.5604   -2.8425    0.1921   -4.1367   -4.9638
eta,q 0.97637 15.07125
  0.0244  0.0242  0.0241  0.0249  0.0244  0.0251  0.0244  0.0253  0.0242  0.0244  0.0241  0.0239
  0.0240  0.0239  0.0239  0.0244  0.0240  0.0244  0.0240  0.0243  0.0239  0.0240  0.0238  0.0238
  0.0238  0.0237  0.0238  0.0240  0.0238  0.0240  0.0237  0.0238  0.0237  0.0237  0.0237  0.0237
  0.0237  0.0237  0.0237  0.0237  0.0237  0.0237  0.0236  0.0236  0.0236  0.0236  0.0236  0.0236
  0.0238  0.0238  0.0237  0.0236  0.0237  0.0236  0.0237  0.0238  0.0237  0.0237  0.0237  0.0237
  0.0240  0.0240  0.0239  0.0240  0.0240  0.0240  0.0240  0.0244  0.0239  0.0240  0.0238  0.0238
  0.0245  0.0243  0.0241  0.0248  0.0244  0.0249  0.0244  0.0252  0.0242  0.0244  0.0241  0.0239
registration optimization eta report
parameter search radius
    0.8000    0.8000    0.8000    2.4000    2.4000    2.4000
    2.4000    2.4000    2.4000    2.4000    2.4000    2.4000
100000*second partial in parameter space
      118.       91.       64.       20.       13.       23.
       13.       28.       10.       13.        8.        5.
  0.0244  0.0242  0.0241  0.0249  0.0244  0.0251  0.0244  0.0253  0.0242  0.0244  0.0241  0.0239
  0.0240  0.0239  0.0239  0.0244  0.0240  0.0244  0.0240  0.0243  0.0239  0.0240  0.0238  0.0238
  0.0238  0.0237  0.0238  0.0240  0.0238  0.0240  0.0237  0.0238  0.0237  0.0237  0.0237  0.0237
  0.0237  0.0237  0.0237  0.0237  0.0237  0.0237  0.0236  0.0236  0.0236  0.0236  0.0236  0.0236
  0.0238  0.0238  0.0237  0.0236  0.0237  0.0236  0.0237  0.0238  0.0237  0.0237  0.0237  0.0237
  0.0240  0.0240  0.0239  0.0240  0.0240  0.0240  0.0240  0.0244  0.0239  0.0240  0.0238  0.0238
  0.0245  0.0243  0.0241  0.0248  0.0244  0.0249  0.0244  0.0252  0.0242  0.0244  0.0241  0.0239
   -0.8653    8.6902   18.6982   -8.9373  -14.5164   -9.5701
    2.9114    0.5604   -2.8425    0.1921   -4.1367   -4.9638
eta,q 0.97637 15.07125

---------------------------------------------------------------------
compute_vox2vox talsrcimg talsrcimg_to_711-2C_as_mni_average_305_t4 /opt/freesurfer/average/711-2C_as_mni_average_305
---------------------------------------------------------------------

$Id: compute_vox2vox.c,v 1.3 2010/02/27 01:41:53 nicks Exp $
Reading: talsrcimg.4dfp.ifh
Reading: talsrcimg_to_711-2C_as_mni_average_305_t4
Reading: /opt/freesurfer/average/711-2C_as_mni_average_305.4dfp.ifh
Writing: talsrcimg_to_711-2C_as_mni_average_305_t4_vox2vox.txt

start time Mon Sep 12 16:21:10 UTC 2016
end		time Mon Sep 12 16:21:34 UTC 2016

mpr2mni305 success

avi2talxfm orig_nu.mgz /opt/freesurfer/average/mni305.cor.mgz talsrcimg_to_711-2C_as_mni_average_305_t4_vox2vox.txt transforms/talairach.auto.xfm
avi2talxfm done
 
 
Mon Sep 12 16:21:35 UTC 2016
talairach_avi done
